<?xml version="1.0" encoding="UTF-8"?>
<robot generator="Robot 7.4.1 (Python 3.11.5 on win32)" generated="2026-02-20T21:02:47.785100" rpa="false" schemaversion="5">
<suite id="s1" name="Tests" source="D:\PythonProject\Prashant Kumar Jha\Project\Ecommerce\robot-framework\tests">
<suite id="s1-s1" name="00 Invalid Login" source="D:\PythonProject\Prashant Kumar Jha\Project\Ecommerce\robot-framework\tests\00_invalid_login.robot">
<kw name="Open Website" owner="ecommerce_keywords" type="SETUP">
<if>
<branch type="IF" condition="'${BROWSER}' == 'Chrome'">
<kw name="Evaluate" owner="BuiltIn">
<var>${options}</var>
<arg>sys.modules['selenium.webdriver'].ChromeOptions()</arg>
<arg>sys, selenium.webdriver</arg>
<doc>Evaluates the given expression in Python and returns the result.</doc>
<status status="NOT RUN" start="2026-02-20T21:02:48.085844" elapsed="0.000000"/>
</kw>
<kw name="Evaluate" owner="BuiltIn">
<var>${temp_dir}</var>
<arg>__import__('tempfile').mkdtemp()</arg>
<doc>Evaluates the given expression in Python and returns the result.</doc>
<status status="NOT RUN" start="2026-02-20T21:02:48.085844" elapsed="0.000000"/>
</kw>
<kw name="Create Dictionary" owner="BuiltIn">
<var>${prefs}</var>
<arg>credentials_enable_service=False</arg>
<arg>profile.password_manager_enabled=False</arg>
<arg>profile.default_content_setting_values.notifications=2</arg>
<doc>Creates and returns a dictionary based on the given ``items``.</doc>
<status status="NOT RUN" start="2026-02-20T21:02:48.085844" elapsed="0.000000"/>
</kw>
<kw name="Call Method" owner="BuiltIn">
<arg>${options}</arg>
<arg>add_experimental_option</arg>
<arg>prefs</arg>
<arg>${prefs}</arg>
<doc>Calls the named method of the given object with the provided arguments.</doc>
<status status="NOT RUN" start="2026-02-20T21:02:48.085844" elapsed="0.000000"/>
</kw>
<kw name="Set Variable" owner="BuiltIn">
<var>${incognito}</var>
<arg>--incognito</arg>
<doc>Returns the given values which can then be assigned to a variables.</doc>
<status status="NOT RUN" start="2026-02-20T21:02:48.085844" elapsed="0.000000"/>
</kw>
<kw name="Set Variable" owner="BuiltIn">
<var>${disable_pw}</var>
<arg>--disable-features=PasswordLeakDetection</arg>
<doc>Returns the given values which can then be assigned to a variables.</doc>
<status status="NOT RUN" start="2026-02-20T21:02:48.085844" elapsed="0.000000"/>
</kw>
<kw name="Set Variable" owner="BuiltIn">
<var>${disable_notify}</var>
<arg>--disable-notifications</arg>
<doc>Returns the given values which can then be assigned to a variables.</doc>
<status status="NOT RUN" start="2026-02-20T21:02:48.085844" elapsed="0.000000"/>
</kw>
<kw name="Set Variable" owner="BuiltIn">
<var>${no_first}</var>
<arg>--no-first-run</arg>
<doc>Returns the given values which can then be assigned to a variables.</doc>
<status status="NOT RUN" start="2026-02-20T21:02:48.086840" elapsed="0.000000"/>
</kw>
<kw name="Set Variable" owner="BuiltIn">
<var>${no_default}</var>
<arg>--no-default-browser-check</arg>
<doc>Returns the given values which can then be assigned to a variables.</doc>
<status status="NOT RUN" start="2026-02-20T21:02:48.086840" elapsed="0.000000"/>
</kw>
<kw name="Set Variable" owner="BuiltIn">
<var>${maximize}</var>
<arg>--start-maximized</arg>
<doc>Returns the given values which can then be assigned to a variables.</doc>
<status status="NOT RUN" start="2026-02-20T21:02:48.086840" elapsed="0.000000"/>
</kw>
<kw name="Set Variable" owner="BuiltIn">
<var>${profile}</var>
<arg>--user-data-dir=${temp_dir}</arg>
<doc>Returns the given values which can then be assigned to a variables.</doc>
<status status="NOT RUN" start="2026-02-20T21:02:48.086840" elapsed="0.000000"/>
</kw>
<kw name="Call Method" owner="BuiltIn">
<arg>${options}</arg>
<arg>add_argument</arg>
<arg>${incognito}</arg>
<doc>Calls the named method of the given object with the provided arguments.</doc>
<status status="NOT RUN" start="2026-02-20T21:02:48.086840" elapsed="0.000000"/>
</kw>
<kw name="Call Method" owner="BuiltIn">
<arg>${options}</arg>
<arg>add_argument</arg>
<arg>${disable_pw}</arg>
<doc>Calls the named method of the given object with the provided arguments.</doc>
<status status="NOT RUN" start="2026-02-20T21:02:48.086840" elapsed="0.000000"/>
</kw>
<kw name="Call Method" owner="BuiltIn">
<arg>${options}</arg>
<arg>add_argument</arg>
<arg>${disable_notify}</arg>
<doc>Calls the named method of the given object with the provided arguments.</doc>
<status status="NOT RUN" start="2026-02-20T21:02:48.086840" elapsed="0.000000"/>
</kw>
<kw name="Call Method" owner="BuiltIn">
<arg>${options}</arg>
<arg>add_argument</arg>
<arg>${no_first}</arg>
<doc>Calls the named method of the given object with the provided arguments.</doc>
<status status="NOT RUN" start="2026-02-20T21:02:48.086840" elapsed="0.000000"/>
</kw>
<kw name="Call Method" owner="BuiltIn">
<arg>${options}</arg>
<arg>add_argument</arg>
<arg>${no_default}</arg>
<doc>Calls the named method of the given object with the provided arguments.</doc>
<status status="NOT RUN" start="2026-02-20T21:02:48.086840" elapsed="0.001002"/>
</kw>
<kw name="Call Method" owner="BuiltIn">
<arg>${options}</arg>
<arg>add_argument</arg>
<arg>${maximize}</arg>
<doc>Calls the named method of the given object with the provided arguments.</doc>
<status status="NOT RUN" start="2026-02-20T21:02:48.087842" elapsed="0.000000"/>
</kw>
<kw name="Call Method" owner="BuiltIn">
<arg>${options}</arg>
<arg>add_argument</arg>
<arg>${profile}</arg>
<doc>Calls the named method of the given object with the provided arguments.</doc>
<status status="NOT RUN" start="2026-02-20T21:02:48.087842" elapsed="0.000000"/>
</kw>
<kw name="Create Webdriver" owner="SeleniumLibrary">
<arg>Chrome</arg>
<arg>options=${options}</arg>
<doc>Creates an instance of Selenium WebDriver.</doc>
<status status="NOT RUN" start="2026-02-20T21:02:48.087842" elapsed="0.000000"/>
</kw>
<kw name="Go To" owner="SeleniumLibrary">
<arg>${URL}</arg>
<doc>Navigates the current browser window to the provided ``url``.</doc>
<status status="NOT RUN" start="2026-02-20T21:02:48.087842" elapsed="0.000000"/>
</kw>
<status status="NOT RUN" start="2026-02-20T21:02:48.084846" elapsed="0.002996"/>
</branch>
<branch type="ELSE IF" condition="'${BROWSER}' == 'Edge'">
<kw name="Open Browser" owner="SeleniumLibrary">
<arg>${URL}</arg>
<arg>Edge</arg>
<doc>Opens a new browser instance to the optional ``url``.</doc>
<status status="NOT RUN" start="2026-02-20T21:02:48.087842" elapsed="0.000000"/>
</kw>
<kw name="Maximize Browser Window" owner="SeleniumLibrary">
<doc>Maximizes current browser window.</doc>
<status status="NOT RUN" start="2026-02-20T21:02:48.087842" elapsed="0.000000"/>
</kw>
<status status="NOT RUN" start="2026-02-20T21:02:48.087842" elapsed="0.000000"/>
</branch>
<branch type="ELSE IF" condition="'${BROWSER}' == 'Firefox'">
<kw name="Evaluate" owner="BuiltIn">
<msg time="2026-02-20T21:02:48.088844" level="INFO">${ff_options} = &lt;selenium.webdriver.firefox.options.Options object at 0x000001AAEA7162D0&gt;</msg>
<var>${ff_options}</var>
<arg>sys.modules['selenium.webdriver'].FirefoxOptions()</arg>
<arg>sys, selenium.webdriver</arg>
<doc>Evaluates the given expression in Python and returns the result.</doc>
<status status="PASS" start="2026-02-20T21:02:48.088844" elapsed="0.000000"/>
</kw>
<kw name="Call Method" owner="BuiltIn">
<arg>${ff_options}</arg>
<arg>add_argument</arg>
<arg>-private</arg>
<doc>Calls the named method of the given object with the provided arguments.</doc>
<status status="PASS" start="2026-02-20T21:02:48.088844" elapsed="0.000000"/>
</kw>
<kw name="Create Webdriver" owner="SeleniumLibrary">
<msg time="2026-02-20T21:02:48.089844" level="INFO">Creating an instance of the Firefox WebDriver.</msg>
<arg>Firefox</arg>
<arg>options=${ff_options}</arg>
<doc>Creates an instance of Selenium WebDriver.</doc>
<status status="PASS" start="2026-02-20T21:02:48.089844" elapsed="7.837635"/>
</kw>
<kw name="Go To" owner="SeleniumLibrary">
<msg time="2026-02-20T21:02:55.928480" level="INFO">Opening url 'https://www.saucedemo.com/'</msg>
<arg>${URL}</arg>
<doc>Navigates the current browser window to the provided ``url``.</doc>
<status status="PASS" start="2026-02-20T21:02:55.927479" elapsed="0.574404"/>
</kw>
<status status="PASS" start="2026-02-20T21:02:48.087842" elapsed="8.414041"/>
</branch>
<status status="PASS" start="2026-02-20T21:02:48.084846" elapsed="8.417037"/>
</if>
<kw name="Wait Until Element Is Visible" owner="SeleniumLibrary">
<arg>id=user-name</arg>
<arg>timeout=10s</arg>
<doc>Waits until the element ``locator`` is visible.</doc>
<status status="PASS" start="2026-02-20T21:02:56.501883" elapsed="0.063439"/>
</kw>
<kw name="Sleep" owner="BuiltIn">
<msg time="2026-02-20T21:02:57.567389" level="INFO">Slept 1 second.</msg>
<arg>${DELAY}</arg>
<doc>Pauses the test executed for the given time.</doc>
<status status="PASS" start="2026-02-20T21:02:56.566324" elapsed="1.001065"/>
</kw>
<status status="PASS" start="2026-02-20T21:02:48.083832" elapsed="9.483557"/>
</kw>
<test id="s1-s1-t1" name="Invalid Login From CSV" line="10">
<kw name="Get File" owner="OperatingSystem">
<msg time="2026-02-20T21:02:57.572411" level="INFO" html="true">Getting file '&lt;a href="file://D:\PythonProject\Prashant Kumar Jha\Project\Ecommerce\robot-framework\data\invalid_login_data.csv"&gt;D:\PythonProject\Prashant Kumar Jha\Project\Ecommerce\robot-framework\data\invalid_login_data.csv&lt;/a&gt;'.</msg>
<msg time="2026-02-20T21:02:57.574411" level="INFO">${file} = username,password
invalid_user,wrong_password
locked_out_user,
,wrong_password
</msg>
<var>${file}</var>
<arg>D:\\PythonProject\\Prashant Kumar Jha\\Project\\Ecommerce\\robot-framework\\tests/../data/invalid_login_data.csv</arg>
<doc>Returns the contents of a specified file.</doc>
<status status="PASS" start="2026-02-20T21:02:57.571411" elapsed="0.003000"/>
</kw>
<kw name="Split To Lines" owner="String">
<msg time="2026-02-20T21:02:57.579408" level="INFO">4 lines returned.</msg>
<msg time="2026-02-20T21:02:57.579408" level="INFO">${lines} = ['username,password', 'invalid_user,wrong_password', 'locked_out_user,', ',wrong_password']</msg>
<var>${lines}</var>
<arg>${file}</arg>
<doc>Splits the given string to lines.</doc>
<status status="PASS" start="2026-02-20T21:02:57.577406" elapsed="0.003000"/>
</kw>
<kw name="Get Slice From List" owner="Collections">
<msg time="2026-02-20T21:02:57.583409" level="INFO">${data} = ['invalid_user,wrong_password', 'locked_out_user,', ',wrong_password']</msg>
<var>${data}</var>
<arg>${lines}</arg>
<arg>1</arg>
<doc>Returns a slice of the given list between ``start`` and ``end`` indexes.</doc>
<status status="PASS" start="2026-02-20T21:02:57.582406" elapsed="0.001003"/>
</kw>
<for flavor="IN ENUMERATE">
<iter>
<kw name="Log" owner="BuiltIn">
<msg time="2026-02-20T21:02:57.593410" level="INFO">
===== Executing Invalid Login Dataset 1 =====</msg>
<arg>\n===== Executing Invalid Login Dataset ${index + 1} =====</arg>
<doc>Logs the given message with the given level.</doc>
<status status="PASS" start="2026-02-20T21:02:57.588408" elapsed="0.005002"/>
</kw>
<kw name="Split String" owner="String">
<msg time="2026-02-20T21:02:57.596410" level="INFO">${columns} = ['invalid_user', 'wrong_password']</msg>
<var>${columns}</var>
<arg>${row}</arg>
<arg>,</arg>
<doc>Splits the ``string`` using ``separator`` as a delimiter string.</doc>
<status status="PASS" start="2026-02-20T21:02:57.595407" elapsed="0.001003"/>
</kw>
<kw name="Get From List" owner="Collections">
<msg time="2026-02-20T21:02:57.598408" level="INFO">${username} = invalid_user</msg>
<var>${username}</var>
<arg>${columns}</arg>
<arg>0</arg>
<doc>Returns the value specified with an ``index`` from ``list``.</doc>
<status status="PASS" start="2026-02-20T21:02:57.597407" elapsed="0.001001"/>
</kw>
<kw name="Get From List" owner="Collections">
<msg time="2026-02-20T21:02:57.600409" level="INFO">${password} = wrong_password</msg>
<var>${password}</var>
<arg>${columns}</arg>
<arg>1</arg>
<doc>Returns the value specified with an ``index`` from ``list``.</doc>
<status status="PASS" start="2026-02-20T21:02:57.599411" elapsed="0.000998"/>
</kw>
<kw name="Input Text" owner="SeleniumLibrary">
<msg time="2026-02-20T21:02:57.601409" level="INFO">Typing text 'invalid_user' into text field 'id=user-name'.</msg>
<arg>id=user-name</arg>
<arg>${username}</arg>
<doc>Types the given ``text`` into the text field identified by ``locator``.</doc>
<status status="PASS" start="2026-02-20T21:02:57.601409" elapsed="0.075143"/>
</kw>
<kw name="Input Text" owner="SeleniumLibrary">
<msg time="2026-02-20T21:02:57.677557" level="INFO">Typing text 'wrong_password' into text field 'id=password'.</msg>
<arg>id=password</arg>
<arg>${password}</arg>
<doc>Types the given ``text`` into the text field identified by ``locator``.</doc>
<status status="PASS" start="2026-02-20T21:02:57.676552" elapsed="0.044166"/>
</kw>
<kw name="Click Button" owner="SeleniumLibrary">
<msg time="2026-02-20T21:02:57.721799" level="INFO">Clicking button 'id=login-button'.</msg>
<arg>id=login-button</arg>
<doc>Clicks the button identified by ``locator``.</doc>
<status status="PASS" start="2026-02-20T21:02:57.721799" elapsed="0.097390"/>
</kw>
<kw name="Wait Until Page Contains Element" owner="SeleniumLibrary">
<arg>css=h3[data-test="error"]</arg>
<arg>timeout=5s</arg>
<doc>Waits until the element ``locator`` appears on the current page.</doc>
<status status="PASS" start="2026-02-20T21:02:57.820185" elapsed="0.008000"/>
</kw>
<kw name="Run Keyword And Return Status" owner="BuiltIn">
<kw name="Page Should Contain" owner="SeleniumLibrary">
<msg time="2026-02-20T21:02:57.856202" level="FAIL">Page should have contained text 'Password is required' but did not.</msg>
<arg>Password is required</arg>
<doc>Verifies that current page contains ``text``.</doc>
<status status="FAIL" start="2026-02-20T21:02:57.831186" elapsed="0.030554">Page should have contained text 'Password is required' but did not.</status>
</kw>
<msg time="2026-02-20T21:02:57.862737" level="INFO">${pass_missing} = False</msg>
<var>${pass_missing}</var>
<arg>Page Should Contain</arg>
<arg>Password is required</arg>
<doc>Runs the specified keyword and returns the status as a Boolean value.</doc>
<status status="PASS" start="2026-02-20T21:02:57.829185" elapsed="0.033552"/>
</kw>
<kw name="Run Keyword And Return Status" owner="BuiltIn">
<kw name="Page Should Contain" owner="SeleniumLibrary">
<msg time="2026-02-20T21:02:57.886434" level="FAIL">Page should have contained text 'Username is required' but did not.</msg>
<arg>Username is required</arg>
<doc>Verifies that current page contains ``text``.</doc>
<status status="FAIL" start="2026-02-20T21:02:57.865736" elapsed="0.021706">Page should have contained text 'Username is required' but did not.</status>
</kw>
<msg time="2026-02-20T21:02:57.887442" level="INFO">${user_missing} = False</msg>
<var>${user_missing}</var>
<arg>Page Should Contain</arg>
<arg>Username is required</arg>
<doc>Runs the specified keyword and returns the status as a Boolean value.</doc>
<status status="PASS" start="2026-02-20T21:02:57.863745" elapsed="0.023697"/>
</kw>
<kw name="Run Keyword And Return Status" owner="BuiltIn">
<kw name="Page Should Contain" owner="SeleniumLibrary">
<msg time="2026-02-20T21:02:57.901439" level="INFO">Current page contains text 'Username and password do not match'.</msg>
<arg>Username and password do not match</arg>
<doc>Verifies that current page contains ``text``.</doc>
<status status="PASS" start="2026-02-20T21:02:57.888441" elapsed="0.012998"/>
</kw>
<msg time="2026-02-20T21:02:57.902438" level="INFO">${invalid_match} = True</msg>
<var>${invalid_match}</var>
<arg>Page Should Contain</arg>
<arg>Username and password do not match</arg>
<doc>Runs the specified keyword and returns the status as a Boolean value.</doc>
<status status="PASS" start="2026-02-20T21:02:57.887442" elapsed="0.014996"/>
</kw>
<if>
<branch type="IF" condition="${pass_missing} or ${user_missing} or ${invalid_match}">
<kw name="Capture Page Screenshot" owner="SeleniumLibrary">
<msg time="2026-02-20T21:02:57.956747" level="INFO" html="true">&lt;/td&gt;&lt;/tr&gt;&lt;tr&gt;&lt;td colspan="3"&gt;&lt;a href="invalid_login_1.png"&gt;&lt;img src="invalid_login_1.png" width="800px"&gt;&lt;/a&gt;</msg>
<msg time="2026-02-20T21:02:57.956747" level="INFO">${path} = D:\PythonProject\Prashant Kumar Jha\Project\Ecommerce\robot-framework\reports\Firefox\Firefox_2026-02-20_Run1\invalid_login_1.png</msg>
<var>${path}</var>
<arg>invalid_login_${index + 1}.png</arg>
<doc>Takes a screenshot of the current page and embeds it into a log file.</doc>
<status status="PASS" start="2026-02-20T21:02:57.903589" elapsed="0.053158"/>
</kw>
<kw name="Log" owner="BuiltIn">
<msg time="2026-02-20T21:02:57.958744" level="INFO" html="true">&lt;img src="D:\PythonProject\Prashant Kumar Jha\Project\Ecommerce\robot-framework\reports\Firefox\Firefox_2026-02-20_Run1\invalid_login_1.png" width="600px"&gt;</msg>
<arg>&lt;img src="${path}" width="600px"&gt;</arg>
<arg>html=True</arg>
<doc>Logs the given message with the given level.</doc>
<status status="PASS" start="2026-02-20T21:02:57.957750" elapsed="0.000994"/>
</kw>
<kw name="Log" owner="BuiltIn">
<msg time="2026-02-20T21:02:57.960256" level="INFO">✅ Expected validation message displayed</msg>
<arg>✅ Expected validation message displayed</arg>
<doc>Logs the given message with the given level.</doc>
<status status="PASS" start="2026-02-20T21:02:57.958744" elapsed="0.001512"/>
</kw>
<status status="PASS" start="2026-02-20T21:02:57.902438" elapsed="0.057818"/>
</branch>
<branch type="ELSE">
<kw name="Fail" owner="BuiltIn">
<arg>Unexpected error message for dataset ${index + 1}</arg>
<doc>Fails the test with the given message and optionally alters its tags.</doc>
<status status="NOT RUN" start="2026-02-20T21:02:57.961282" elapsed="0.000000"/>
</kw>
<status status="NOT RUN" start="2026-02-20T21:02:57.961282" elapsed="0.001000"/>
</branch>
<status status="PASS" start="2026-02-20T21:02:57.902438" elapsed="0.059844"/>
</if>
<kw name="Go To" owner="SeleniumLibrary">
<msg time="2026-02-20T21:02:57.963284" level="INFO">Opening url 'https://www.saucedemo.com/'</msg>
<arg>${URL}</arg>
<doc>Navigates the current browser window to the provided ``url``.</doc>
<status status="PASS" start="2026-02-20T21:02:57.962282" elapsed="0.183948"/>
</kw>
<var name="${index}">0</var>
<var name="${row}">invalid_user,wrong_password</var>
<status status="PASS" start="2026-02-20T21:02:57.588408" elapsed="0.557822"/>
</iter>
<iter>
<kw name="Log" owner="BuiltIn">
<msg time="2026-02-20T21:02:58.149558" level="INFO">
===== Executing Invalid Login Dataset 2 =====</msg>
<arg>\n===== Executing Invalid Login Dataset ${index + 1} =====</arg>
<doc>Logs the given message with the given level.</doc>
<status status="PASS" start="2026-02-20T21:02:58.147487" elapsed="0.002071"/>
</kw>
<kw name="Split String" owner="String">
<msg time="2026-02-20T21:02:58.149558" level="INFO">${columns} = ['locked_out_user', '']</msg>
<var>${columns}</var>
<arg>${row}</arg>
<arg>,</arg>
<doc>Splits the ``string`` using ``separator`` as a delimiter string.</doc>
<status status="PASS" start="2026-02-20T21:02:58.149558" elapsed="0.001000"/>
</kw>
<kw name="Get From List" owner="Collections">
<msg time="2026-02-20T21:02:58.150558" level="INFO">${username} = locked_out_user</msg>
<var>${username}</var>
<arg>${columns}</arg>
<arg>0</arg>
<doc>Returns the value specified with an ``index`` from ``list``.</doc>
<status status="PASS" start="2026-02-20T21:02:58.150558" elapsed="0.000000"/>
</kw>
<kw name="Get From List" owner="Collections">
<msg time="2026-02-20T21:02:58.154563" level="INFO">${password} = </msg>
<var>${password}</var>
<arg>${columns}</arg>
<arg>1</arg>
<doc>Returns the value specified with an ``index`` from ``list``.</doc>
<status status="PASS" start="2026-02-20T21:02:58.151566" elapsed="0.002997"/>
</kw>
<kw name="Input Text" owner="SeleniumLibrary">
<msg time="2026-02-20T21:02:58.159076" level="INFO">Typing text 'locked_out_user' into text field 'id=user-name'.</msg>
<arg>id=user-name</arg>
<arg>${username}</arg>
<doc>Types the given ``text`` into the text field identified by ``locator``.</doc>
<status status="PASS" start="2026-02-20T21:02:58.155563" elapsed="0.060330"/>
</kw>
<kw name="Input Text" owner="SeleniumLibrary">
<msg time="2026-02-20T21:02:58.217883" level="INFO">Typing text '' into text field 'id=password'.</msg>
<arg>id=password</arg>
<arg>${password}</arg>
<doc>Types the given ``text`` into the text field identified by ``locator``.</doc>
<status status="PASS" start="2026-02-20T21:02:58.216883" elapsed="0.025067"/>
</kw>
<kw name="Click Button" owner="SeleniumLibrary">
<msg time="2026-02-20T21:02:58.242951" level="INFO">Clicking button 'id=login-button'.</msg>
<arg>id=login-button</arg>
<doc>Clicks the button identified by ``locator``.</doc>
<status status="PASS" start="2026-02-20T21:02:58.241950" elapsed="0.077793"/>
</kw>
<kw name="Wait Until Page Contains Element" owner="SeleniumLibrary">
<arg>css=h3[data-test="error"]</arg>
<arg>timeout=5s</arg>
<doc>Waits until the element ``locator`` appears on the current page.</doc>
<status status="PASS" start="2026-02-20T21:02:58.319743" elapsed="0.008283"/>
</kw>
<kw name="Run Keyword And Return Status" owner="BuiltIn">
<kw name="Page Should Contain" owner="SeleniumLibrary">
<msg time="2026-02-20T21:02:58.342246" level="INFO">Current page contains text 'Password is required'.</msg>
<arg>Password is required</arg>
<doc>Verifies that current page contains ``text``.</doc>
<status status="PASS" start="2026-02-20T21:02:58.330013" elapsed="0.012233"/>
</kw>
<msg time="2026-02-20T21:02:58.343249" level="INFO">${pass_missing} = True</msg>
<var>${pass_missing}</var>
<arg>Page Should Contain</arg>
<arg>Password is required</arg>
<doc>Runs the specified keyword and returns the status as a Boolean value.</doc>
<status status="PASS" start="2026-02-20T21:02:58.328026" elapsed="0.015223"/>
</kw>
<kw name="Run Keyword And Return Status" owner="BuiltIn">
<kw name="Page Should Contain" owner="SeleniumLibrary">
<msg time="2026-02-20T21:02:58.366470" level="FAIL">Page should have contained text 'Username is required' but did not.</msg>
<arg>Username is required</arg>
<doc>Verifies that current page contains ``text``.</doc>
<status status="FAIL" start="2026-02-20T21:02:58.345250" elapsed="0.024215">Page should have contained text 'Username is required' but did not.</status>
</kw>
<msg time="2026-02-20T21:02:58.370465" level="INFO">${user_missing} = False</msg>
<var>${user_missing}</var>
<arg>Page Should Contain</arg>
<arg>Username is required</arg>
<doc>Runs the specified keyword and returns the status as a Boolean value.</doc>
<status status="PASS" start="2026-02-20T21:02:58.344249" elapsed="0.026216"/>
</kw>
<kw name="Run Keyword And Return Status" owner="BuiltIn">
<kw name="Page Should Contain" owner="SeleniumLibrary">
<msg time="2026-02-20T21:02:58.399637" level="FAIL">Page should have contained text 'Username and password do not match' but did not.</msg>
<arg>Username and password do not match</arg>
<doc>Verifies that current page contains ``text``.</doc>
<status status="FAIL" start="2026-02-20T21:02:58.372468" elapsed="0.030169">Page should have contained text 'Username and password do not match' but did not.</status>
</kw>
<msg time="2026-02-20T21:02:58.402637" level="INFO">${invalid_match} = False</msg>
<var>${invalid_match}</var>
<arg>Page Should Contain</arg>
<arg>Username and password do not match</arg>
<doc>Runs the specified keyword and returns the status as a Boolean value.</doc>
<status status="PASS" start="2026-02-20T21:02:58.371463" elapsed="0.032168"/>
</kw>
<if>
<branch type="IF" condition="${pass_missing} or ${user_missing} or ${invalid_match}">
<kw name="Capture Page Screenshot" owner="SeleniumLibrary">
<msg time="2026-02-20T21:02:58.465179" level="INFO" html="true">&lt;/td&gt;&lt;/tr&gt;&lt;tr&gt;&lt;td colspan="3"&gt;&lt;a href="invalid_login_2.png"&gt;&lt;img src="invalid_login_2.png" width="800px"&gt;&lt;/a&gt;</msg>
<msg time="2026-02-20T21:02:58.466183" level="INFO">${path} = D:\PythonProject\Prashant Kumar Jha\Project\Ecommerce\robot-framework\reports\Firefox\Firefox_2026-02-20_Run1\invalid_login_2.png</msg>
<var>${path}</var>
<arg>invalid_login_${index + 1}.png</arg>
<doc>Takes a screenshot of the current page and embeds it into a log file.</doc>
<status status="PASS" start="2026-02-20T21:02:58.406636" elapsed="0.059547"/>
</kw>
<kw name="Log" owner="BuiltIn">
<msg time="2026-02-20T21:02:58.468178" level="INFO" html="true">&lt;img src="D:\PythonProject\Prashant Kumar Jha\Project\Ecommerce\robot-framework\reports\Firefox\Firefox_2026-02-20_Run1\invalid_login_2.png" width="600px"&gt;</msg>
<arg>&lt;img src="${path}" width="600px"&gt;</arg>
<arg>html=True</arg>
<doc>Logs the given message with the given level.</doc>
<status status="PASS" start="2026-02-20T21:02:58.467180" elapsed="0.000998"/>
</kw>
<kw name="Log" owner="BuiltIn">
<msg time="2026-02-20T21:02:58.470408" level="INFO">✅ Expected validation message displayed</msg>
<arg>✅ Expected validation message displayed</arg>
<doc>Logs the given message with the given level.</doc>
<status status="PASS" start="2026-02-20T21:02:58.469178" elapsed="0.007718"/>
</kw>
<status status="PASS" start="2026-02-20T21:02:58.403631" elapsed="0.073265"/>
</branch>
<branch type="ELSE">
<kw name="Fail" owner="BuiltIn">
<arg>Unexpected error message for dataset ${index + 1}</arg>
<doc>Fails the test with the given message and optionally alters its tags.</doc>
<status status="NOT RUN" start="2026-02-20T21:02:58.476896" elapsed="0.000000"/>
</kw>
<status status="NOT RUN" start="2026-02-20T21:02:58.476896" elapsed="0.001001"/>
</branch>
<status status="PASS" start="2026-02-20T21:02:58.403631" elapsed="0.074266"/>
</if>
<kw name="Go To" owner="SeleniumLibrary">
<msg time="2026-02-20T21:02:58.478402" level="INFO">Opening url 'https://www.saucedemo.com/'</msg>
<arg>${URL}</arg>
<doc>Navigates the current browser window to the provided ``url``.</doc>
<status status="PASS" start="2026-02-20T21:02:58.478402" elapsed="0.149115"/>
</kw>
<var name="${index}">1</var>
<var name="${row}">locked_out_user,</var>
<status status="PASS" start="2026-02-20T21:02:58.147487" elapsed="0.480030"/>
</iter>
<iter>
<kw name="Log" owner="BuiltIn">
<msg time="2026-02-20T21:02:58.631861" level="INFO">
===== Executing Invalid Login Dataset 3 =====</msg>
<arg>\n===== Executing Invalid Login Dataset ${index + 1} =====</arg>
<doc>Logs the given message with the given level.</doc>
<status status="PASS" start="2026-02-20T21:02:58.628522" elapsed="0.003339"/>
</kw>
<kw name="Split String" owner="String">
<msg time="2026-02-20T21:02:58.633793" level="INFO">${columns} = ['', 'wrong_password']</msg>
<var>${columns}</var>
<arg>${row}</arg>
<arg>,</arg>
<doc>Splits the ``string`` using ``separator`` as a delimiter string.</doc>
<status status="PASS" start="2026-02-20T21:02:58.631861" elapsed="0.001932"/>
</kw>
<kw name="Get From List" owner="Collections">
<msg time="2026-02-20T21:02:58.634938" level="INFO">${username} = </msg>
<var>${username}</var>
<arg>${columns}</arg>
<arg>0</arg>
<doc>Returns the value specified with an ``index`` from ``list``.</doc>
<status status="PASS" start="2026-02-20T21:02:58.633793" elapsed="0.001145"/>
</kw>
<kw name="Get From List" owner="Collections">
<msg time="2026-02-20T21:02:58.635957" level="INFO">${password} = wrong_password</msg>
<var>${password}</var>
<arg>${columns}</arg>
<arg>1</arg>
<doc>Returns the value specified with an ``index`` from ``list``.</doc>
<status status="PASS" start="2026-02-20T21:02:58.635957" elapsed="0.000993"/>
</kw>
<kw name="Input Text" owner="SeleniumLibrary">
<msg time="2026-02-20T21:02:58.637951" level="INFO">Typing text '' into text field 'id=user-name'.</msg>
<arg>id=user-name</arg>
<arg>${username}</arg>
<doc>Types the given ``text`` into the text field identified by ``locator``.</doc>
<status status="PASS" start="2026-02-20T21:02:58.636950" elapsed="0.027895"/>
</kw>
<kw name="Input Text" owner="SeleniumLibrary">
<msg time="2026-02-20T21:02:58.665847" level="INFO">Typing text 'wrong_password' into text field 'id=password'.</msg>
<arg>id=password</arg>
<arg>${password}</arg>
<doc>Types the given ``text`` into the text field identified by ``locator``.</doc>
<status status="PASS" start="2026-02-20T21:02:58.664845" elapsed="0.043603"/>
</kw>
<kw name="Click Button" owner="SeleniumLibrary">
<msg time="2026-02-20T21:02:58.709465" level="INFO">Clicking button 'id=login-button'.</msg>
<arg>id=login-button</arg>
<doc>Clicks the button identified by ``locator``.</doc>
<status status="PASS" start="2026-02-20T21:02:58.708448" elapsed="0.075847"/>
</kw>
<kw name="Wait Until Page Contains Element" owner="SeleniumLibrary">
<arg>css=h3[data-test="error"]</arg>
<arg>timeout=5s</arg>
<doc>Waits until the element ``locator`` appears on the current page.</doc>
<status status="PASS" start="2026-02-20T21:02:58.785307" elapsed="0.007301"/>
</kw>
<kw name="Run Keyword And Return Status" owner="BuiltIn">
<kw name="Page Should Contain" owner="SeleniumLibrary">
<msg time="2026-02-20T21:02:58.811035" level="FAIL">Page should have contained text 'Password is required' but did not.</msg>
<arg>Password is required</arg>
<doc>Verifies that current page contains ``text``.</doc>
<status status="FAIL" start="2026-02-20T21:02:58.793610" elapsed="0.018424">Page should have contained text 'Password is required' but did not.</status>
</kw>
<msg time="2026-02-20T21:02:58.813037" level="INFO">${pass_missing} = False</msg>
<var>${pass_missing}</var>
<arg>Page Should Contain</arg>
<arg>Password is required</arg>
<doc>Runs the specified keyword and returns the status as a Boolean value.</doc>
<status status="PASS" start="2026-02-20T21:02:58.792608" elapsed="0.020429"/>
</kw>
<kw name="Run Keyword And Return Status" owner="BuiltIn">
<kw name="Page Should Contain" owner="SeleniumLibrary">
<msg time="2026-02-20T21:02:58.823027" level="INFO">Current page contains text 'Username is required'.</msg>
<arg>Username is required</arg>
<doc>Verifies that current page contains ``text``.</doc>
<status status="PASS" start="2026-02-20T21:02:58.814033" elapsed="0.009987"/>
</kw>
<msg time="2026-02-20T21:02:58.824020" level="INFO">${user_missing} = True</msg>
<var>${user_missing}</var>
<arg>Page Should Contain</arg>
<arg>Username is required</arg>
<doc>Runs the specified keyword and returns the status as a Boolean value.</doc>
<status status="PASS" start="2026-02-20T21:02:58.813037" elapsed="0.010983"/>
</kw>
<kw name="Run Keyword And Return Status" owner="BuiltIn">
<kw name="Page Should Contain" owner="SeleniumLibrary">
<msg time="2026-02-20T21:02:58.844435" level="FAIL">Page should have contained text 'Username and password do not match' but did not.</msg>
<arg>Username and password do not match</arg>
<doc>Verifies that current page contains ``text``.</doc>
<status status="FAIL" start="2026-02-20T21:02:58.825027" elapsed="0.020409">Page should have contained text 'Username and password do not match' but did not.</status>
</kw>
<msg time="2026-02-20T21:02:58.846461" level="INFO">${invalid_match} = False</msg>
<var>${invalid_match}</var>
<arg>Page Should Contain</arg>
<arg>Username and password do not match</arg>
<doc>Runs the specified keyword and returns the status as a Boolean value.</doc>
<status status="PASS" start="2026-02-20T21:02:58.825027" elapsed="0.021434"/>
</kw>
<if>
<branch type="IF" condition="${pass_missing} or ${user_missing} or ${invalid_match}">
<kw name="Capture Page Screenshot" owner="SeleniumLibrary">
<msg time="2026-02-20T21:02:58.904500" level="INFO" html="true">&lt;/td&gt;&lt;/tr&gt;&lt;tr&gt;&lt;td colspan="3"&gt;&lt;a href="invalid_login_3.png"&gt;&lt;img src="invalid_login_3.png" width="800px"&gt;&lt;/a&gt;</msg>
<msg time="2026-02-20T21:02:58.904500" level="INFO">${path} = D:\PythonProject\Prashant Kumar Jha\Project\Ecommerce\robot-framework\reports\Firefox\Firefox_2026-02-20_Run1\invalid_login_3.png</msg>
<var>${path}</var>
<arg>invalid_login_${index + 1}.png</arg>
<doc>Takes a screenshot of the current page and embeds it into a log file.</doc>
<status status="PASS" start="2026-02-20T21:02:58.847458" elapsed="0.057042"/>
</kw>
<kw name="Log" owner="BuiltIn">
<msg time="2026-02-20T21:02:58.906500" level="INFO" html="true">&lt;img src="D:\PythonProject\Prashant Kumar Jha\Project\Ecommerce\robot-framework\reports\Firefox\Firefox_2026-02-20_Run1\invalid_login_3.png" width="600px"&gt;</msg>
<arg>&lt;img src="${path}" width="600px"&gt;</arg>
<arg>html=True</arg>
<doc>Logs the given message with the given level.</doc>
<status status="PASS" start="2026-02-20T21:02:58.905500" elapsed="0.001000"/>
</kw>
<kw name="Log" owner="BuiltIn">
<msg time="2026-02-20T21:02:58.907497" level="INFO">✅ Expected validation message displayed</msg>
<arg>✅ Expected validation message displayed</arg>
<doc>Logs the given message with the given level.</doc>
<status status="PASS" start="2026-02-20T21:02:58.906500" elapsed="0.000997"/>
</kw>
<status status="PASS" start="2026-02-20T21:02:58.846461" elapsed="0.061036"/>
</branch>
<branch type="ELSE">
<kw name="Fail" owner="BuiltIn">
<arg>Unexpected error message for dataset ${index + 1}</arg>
<doc>Fails the test with the given message and optionally alters its tags.</doc>
<status status="NOT RUN" start="2026-02-20T21:02:58.908517" elapsed="0.000000"/>
</kw>
<status status="NOT RUN" start="2026-02-20T21:02:58.907497" elapsed="0.001020"/>
</branch>
<status status="PASS" start="2026-02-20T21:02:58.846461" elapsed="0.062056"/>
</if>
<kw name="Go To" owner="SeleniumLibrary">
<msg time="2026-02-20T21:02:58.909511" level="INFO">Opening url 'https://www.saucedemo.com/'</msg>
<arg>${URL}</arg>
<doc>Navigates the current browser window to the provided ``url``.</doc>
<status status="PASS" start="2026-02-20T21:02:58.908517" elapsed="0.150905"/>
</kw>
<var name="${index}">2</var>
<var name="${row}">,wrong_password</var>
<status status="PASS" start="2026-02-20T21:02:58.628522" elapsed="0.432410"/>
</iter>
<var>${index}</var>
<var>${row}</var>
<value>@{data}</value>
<status status="PASS" start="2026-02-20T21:02:57.585412" elapsed="1.475520"/>
</for>
<status status="PASS" start="2026-02-20T21:02:57.568407" elapsed="1.492525"/>
</test>
<kw name="Close Website" owner="ecommerce_keywords" type="TEARDOWN">
<kw name="Sleep" owner="BuiltIn">
<msg time="2026-02-20T21:03:00.066731" level="INFO">Slept 1 second.</msg>
<arg>${DELAY}</arg>
<doc>Pauses the test executed for the given time.</doc>
<status status="PASS" start="2026-02-20T21:02:59.064200" elapsed="1.003043"/>
</kw>
<kw name="Close Browser" owner="SeleniumLibrary">
<doc>Closes the current browser.</doc>
<status status="PASS" start="2026-02-20T21:03:00.067243" elapsed="3.612074"/>
</kw>
<status status="PASS" start="2026-02-20T21:02:59.063193" elapsed="4.617123"/>
</kw>
<status status="PASS" start="2026-02-20T21:02:47.824136" elapsed="15.856180"/>
</suite>
<suite id="s1-s2" name="01 Login" source="D:\PythonProject\Prashant Kumar Jha\Project\Ecommerce\robot-framework\tests\01_login.robot">
<kw name="Open Website" owner="ecommerce_keywords" type="SETUP">
<if>
<branch type="IF" condition="'${BROWSER}' == 'Chrome'">
<kw name="Evaluate" owner="BuiltIn">
<var>${options}</var>
<arg>sys.modules['selenium.webdriver'].ChromeOptions()</arg>
<arg>sys, selenium.webdriver</arg>
<doc>Evaluates the given expression in Python and returns the result.</doc>
<status status="NOT RUN" start="2026-02-20T21:03:03.692323" elapsed="0.000000"/>
</kw>
<kw name="Evaluate" owner="BuiltIn">
<var>${temp_dir}</var>
<arg>__import__('tempfile').mkdtemp()</arg>
<doc>Evaluates the given expression in Python and returns the result.</doc>
<status status="NOT RUN" start="2026-02-20T21:03:03.692323" elapsed="0.000000"/>
</kw>
<kw name="Create Dictionary" owner="BuiltIn">
<var>${prefs}</var>
<arg>credentials_enable_service=False</arg>
<arg>profile.password_manager_enabled=False</arg>
<arg>profile.default_content_setting_values.notifications=2</arg>
<doc>Creates and returns a dictionary based on the given ``items``.</doc>
<status status="NOT RUN" start="2026-02-20T21:03:03.693324" elapsed="0.000000"/>
</kw>
<kw name="Call Method" owner="BuiltIn">
<arg>${options}</arg>
<arg>add_experimental_option</arg>
<arg>prefs</arg>
<arg>${prefs}</arg>
<doc>Calls the named method of the given object with the provided arguments.</doc>
<status status="NOT RUN" start="2026-02-20T21:03:03.693324" elapsed="0.000000"/>
</kw>
<kw name="Set Variable" owner="BuiltIn">
<var>${incognito}</var>
<arg>--incognito</arg>
<doc>Returns the given values which can then be assigned to a variables.</doc>
<status status="NOT RUN" start="2026-02-20T21:03:03.693324" elapsed="0.000999"/>
</kw>
<kw name="Set Variable" owner="BuiltIn">
<var>${disable_pw}</var>
<arg>--disable-features=PasswordLeakDetection</arg>
<doc>Returns the given values which can then be assigned to a variables.</doc>
<status status="NOT RUN" start="2026-02-20T21:03:03.694323" elapsed="0.000000"/>
</kw>
<kw name="Set Variable" owner="BuiltIn">
<var>${disable_notify}</var>
<arg>--disable-notifications</arg>
<doc>Returns the given values which can then be assigned to a variables.</doc>
<status status="NOT RUN" start="2026-02-20T21:03:03.694323" elapsed="0.000000"/>
</kw>
<kw name="Set Variable" owner="BuiltIn">
<var>${no_first}</var>
<arg>--no-first-run</arg>
<doc>Returns the given values which can then be assigned to a variables.</doc>
<status status="NOT RUN" start="2026-02-20T21:03:03.694323" elapsed="0.000990"/>
</kw>
<kw name="Set Variable" owner="BuiltIn">
<var>${no_default}</var>
<arg>--no-default-browser-check</arg>
<doc>Returns the given values which can then be assigned to a variables.</doc>
<status status="NOT RUN" start="2026-02-20T21:03:03.695313" elapsed="0.000000"/>
</kw>
<kw name="Set Variable" owner="BuiltIn">
<var>${maximize}</var>
<arg>--start-maximized</arg>
<doc>Returns the given values which can then be assigned to a variables.</doc>
<status status="NOT RUN" start="2026-02-20T21:03:03.695313" elapsed="0.000000"/>
</kw>
<kw name="Set Variable" owner="BuiltIn">
<var>${profile}</var>
<arg>--user-data-dir=${temp_dir}</arg>
<doc>Returns the given values which can then be assigned to a variables.</doc>
<status status="NOT RUN" start="2026-02-20T21:03:03.696311" elapsed="0.000000"/>
</kw>
<kw name="Call Method" owner="BuiltIn">
<arg>${options}</arg>
<arg>add_argument</arg>
<arg>${incognito}</arg>
<doc>Calls the named method of the given object with the provided arguments.</doc>
<status status="NOT RUN" start="2026-02-20T21:03:03.696311" elapsed="0.000000"/>
</kw>
<kw name="Call Method" owner="BuiltIn">
<arg>${options}</arg>
<arg>add_argument</arg>
<arg>${disable_pw}</arg>
<doc>Calls the named method of the given object with the provided arguments.</doc>
<status status="NOT RUN" start="2026-02-20T21:03:03.696311" elapsed="0.000000"/>
</kw>
<kw name="Call Method" owner="BuiltIn">
<arg>${options}</arg>
<arg>add_argument</arg>
<arg>${disable_notify}</arg>
<doc>Calls the named method of the given object with the provided arguments.</doc>
<status status="NOT RUN" start="2026-02-20T21:03:03.697307" elapsed="0.000000"/>
</kw>
<kw name="Call Method" owner="BuiltIn">
<arg>${options}</arg>
<arg>add_argument</arg>
<arg>${no_first}</arg>
<doc>Calls the named method of the given object with the provided arguments.</doc>
<status status="NOT RUN" start="2026-02-20T21:03:03.697307" elapsed="0.000000"/>
</kw>
<kw name="Call Method" owner="BuiltIn">
<arg>${options}</arg>
<arg>add_argument</arg>
<arg>${no_default}</arg>
<doc>Calls the named method of the given object with the provided arguments.</doc>
<status status="NOT RUN" start="2026-02-20T21:03:03.697307" elapsed="0.000000"/>
</kw>
<kw name="Call Method" owner="BuiltIn">
<arg>${options}</arg>
<arg>add_argument</arg>
<arg>${maximize}</arg>
<doc>Calls the named method of the given object with the provided arguments.</doc>
<status status="NOT RUN" start="2026-02-20T21:03:03.697307" elapsed="0.000000"/>
</kw>
<kw name="Call Method" owner="BuiltIn">
<arg>${options}</arg>
<arg>add_argument</arg>
<arg>${profile}</arg>
<doc>Calls the named method of the given object with the provided arguments.</doc>
<status status="NOT RUN" start="2026-02-20T21:03:03.697307" elapsed="0.000000"/>
</kw>
<kw name="Create Webdriver" owner="SeleniumLibrary">
<arg>Chrome</arg>
<arg>options=${options}</arg>
<doc>Creates an instance of Selenium WebDriver.</doc>
<status status="NOT RUN" start="2026-02-20T21:03:03.698311" elapsed="0.000000"/>
</kw>
<kw name="Go To" owner="SeleniumLibrary">
<arg>${URL}</arg>
<doc>Navigates the current browser window to the provided ``url``.</doc>
<status status="NOT RUN" start="2026-02-20T21:03:03.698311" elapsed="0.000000"/>
</kw>
<status status="NOT RUN" start="2026-02-20T21:03:03.692323" elapsed="0.005988"/>
</branch>
<branch type="ELSE IF" condition="'${BROWSER}' == 'Edge'">
<kw name="Open Browser" owner="SeleniumLibrary">
<arg>${URL}</arg>
<arg>Edge</arg>
<doc>Opens a new browser instance to the optional ``url``.</doc>
<status status="NOT RUN" start="2026-02-20T21:03:03.698311" elapsed="0.000000"/>
</kw>
<kw name="Maximize Browser Window" owner="SeleniumLibrary">
<doc>Maximizes current browser window.</doc>
<status status="NOT RUN" start="2026-02-20T21:03:03.698311" elapsed="0.000000"/>
</kw>
<status status="NOT RUN" start="2026-02-20T21:03:03.698311" elapsed="0.000000"/>
</branch>
<branch type="ELSE IF" condition="'${BROWSER}' == 'Firefox'">
<kw name="Evaluate" owner="BuiltIn">
<msg time="2026-02-20T21:03:03.699308" level="INFO">${ff_options} = &lt;selenium.webdriver.firefox.options.Options object at 0x000001AAEA789310&gt;</msg>
<var>${ff_options}</var>
<arg>sys.modules['selenium.webdriver'].FirefoxOptions()</arg>
<arg>sys, selenium.webdriver</arg>
<doc>Evaluates the given expression in Python and returns the result.</doc>
<status status="PASS" start="2026-02-20T21:03:03.699308" elapsed="0.000000"/>
</kw>
<kw name="Call Method" owner="BuiltIn">
<arg>${ff_options}</arg>
<arg>add_argument</arg>
<arg>-private</arg>
<doc>Calls the named method of the given object with the provided arguments.</doc>
<status status="PASS" start="2026-02-20T21:03:03.699308" elapsed="0.001000"/>
</kw>
<kw name="Create Webdriver" owner="SeleniumLibrary">
<msg time="2026-02-20T21:03:03.700308" level="INFO">Creating an instance of the Firefox WebDriver.</msg>
<arg>Firefox</arg>
<arg>options=${ff_options}</arg>
<doc>Creates an instance of Selenium WebDriver.</doc>
<status status="PASS" start="2026-02-20T21:03:03.700308" elapsed="6.076186"/>
</kw>
<kw name="Go To" owner="SeleniumLibrary">
<msg time="2026-02-20T21:03:09.777001" level="INFO">Opening url 'https://www.saucedemo.com/'</msg>
<arg>${URL}</arg>
<doc>Navigates the current browser window to the provided ``url``.</doc>
<status status="PASS" start="2026-02-20T21:03:09.777001" elapsed="0.414721"/>
</kw>
<status status="PASS" start="2026-02-20T21:03:03.698311" elapsed="6.493411"/>
</branch>
<status status="PASS" start="2026-02-20T21:03:03.691336" elapsed="6.500386"/>
</if>
<kw name="Wait Until Element Is Visible" owner="SeleniumLibrary">
<arg>id=user-name</arg>
<arg>timeout=10s</arg>
<doc>Waits until the element ``locator`` is visible.</doc>
<status status="PASS" start="2026-02-20T21:03:10.191722" elapsed="0.033895"/>
</kw>
<kw name="Sleep" owner="BuiltIn">
<msg time="2026-02-20T21:03:11.225763" level="INFO">Slept 1 second.</msg>
<arg>${DELAY}</arg>
<doc>Pauses the test executed for the given time.</doc>
<status status="PASS" start="2026-02-20T21:03:10.225617" elapsed="1.000146"/>
</kw>
<status status="PASS" start="2026-02-20T21:03:03.691336" elapsed="7.534958"/>
</kw>
<test id="s1-s2-t1" name="User Login Successful" line="7">
<kw name="Login To Application" owner="ecommerce_keywords">
<kw name="Input Text" owner="SeleniumLibrary">
<msg time="2026-02-20T21:03:11.229399" level="INFO">Typing text 'standard_user' into text field 'id=user-name'.</msg>
<arg>id=user-name</arg>
<arg>${USERNAME}</arg>
<doc>Types the given ``text`` into the text field identified by ``locator``.</doc>
<status status="PASS" start="2026-02-20T21:03:11.228401" elapsed="0.063962"/>
</kw>
<kw name="Sleep" owner="BuiltIn">
<msg time="2026-02-20T21:03:12.293233" level="INFO">Slept 1 second.</msg>
<arg>${DELAY}</arg>
<doc>Pauses the test executed for the given time.</doc>
<status status="PASS" start="2026-02-20T21:03:11.292363" elapsed="1.000870"/>
</kw>
<kw name="Input Text" owner="SeleniumLibrary">
<msg time="2026-02-20T21:03:12.294253" level="INFO">Typing text 'secret_sauce' into text field 'id=password'.</msg>
<arg>id=password</arg>
<arg>${PASSWORD}</arg>
<doc>Types the given ``text`` into the text field identified by ``locator``.</doc>
<status status="PASS" start="2026-02-20T21:03:12.293233" elapsed="0.031589"/>
</kw>
<kw name="Sleep" owner="BuiltIn">
<msg time="2026-02-20T21:03:13.326417" level="INFO">Slept 1 second.</msg>
<arg>${DELAY}</arg>
<doc>Pauses the test executed for the given time.</doc>
<status status="PASS" start="2026-02-20T21:03:12.325849" elapsed="1.000568"/>
</kw>
<kw name="Click Button" owner="SeleniumLibrary">
<msg time="2026-02-20T21:03:13.327441" level="INFO">Clicking button 'id=login-button'.</msg>
<arg>id=login-button</arg>
<doc>Clicks the button identified by ``locator``.</doc>
<status status="PASS" start="2026-02-20T21:03:13.327441" elapsed="0.106662"/>
</kw>
<kw name="Wait Until Page Contains Element" owner="SeleniumLibrary">
<arg>css=.inventory_list</arg>
<doc>Waits until the element ``locator`` appears on the current page.</doc>
<status status="PASS" start="2026-02-20T21:03:13.435117" elapsed="0.002984"/>
</kw>
<kw name="Sleep" owner="BuiltIn">
<msg time="2026-02-20T21:03:14.440574" level="INFO">Slept 1 second.</msg>
<arg>${DELAY}</arg>
<doc>Pauses the test executed for the given time.</doc>
<status status="PASS" start="2026-02-20T21:03:13.439125" elapsed="1.001449"/>
</kw>
<status status="PASS" start="2026-02-20T21:03:11.227314" elapsed="3.213260"/>
</kw>
<kw name="Location Should Contain" owner="SeleniumLibrary">
<msg time="2026-02-20T21:03:14.445607" level="INFO">Current location contains 'inventory'.</msg>
<arg>inventory</arg>
<doc>Verifies that the current URL contains ``expected``.</doc>
<status status="PASS" start="2026-02-20T21:03:14.441679" elapsed="0.003928"/>
</kw>
<status status="PASS" start="2026-02-20T21:03:11.226294" elapsed="3.220311"/>
</test>
<kw name="Close Website" owner="ecommerce_keywords" type="TEARDOWN">
<kw name="Sleep" owner="BuiltIn">
<msg time="2026-02-20T21:03:15.451172" level="INFO">Slept 1 second.</msg>
<arg>${DELAY}</arg>
<doc>Pauses the test executed for the given time.</doc>
<status status="PASS" start="2026-02-20T21:03:14.449683" elapsed="1.001489"/>
</kw>
<kw name="Close Browser" owner="SeleniumLibrary">
<doc>Closes the current browser.</doc>
<status status="PASS" start="2026-02-20T21:03:15.451172" elapsed="2.732845"/>
</kw>
<status status="PASS" start="2026-02-20T21:03:14.448595" elapsed="3.736339"/>
</kw>
<status status="PASS" start="2026-02-20T21:03:03.682316" elapsed="14.502618"/>
</suite>
<suite id="s1-s3" name="02 Product" source="D:\PythonProject\Prashant Kumar Jha\Project\Ecommerce\robot-framework\tests\02_product.robot">
<kw name="Open Website" owner="ecommerce_keywords" type="SETUP">
<if>
<branch type="IF" condition="'${BROWSER}' == 'Chrome'">
<kw name="Evaluate" owner="BuiltIn">
<var>${options}</var>
<arg>sys.modules['selenium.webdriver'].ChromeOptions()</arg>
<arg>sys, selenium.webdriver</arg>
<doc>Evaluates the given expression in Python and returns the result.</doc>
<status status="NOT RUN" start="2026-02-20T21:03:18.194266" elapsed="0.000000"/>
</kw>
<kw name="Evaluate" owner="BuiltIn">
<var>${temp_dir}</var>
<arg>__import__('tempfile').mkdtemp()</arg>
<doc>Evaluates the given expression in Python and returns the result.</doc>
<status status="NOT RUN" start="2026-02-20T21:03:18.194266" elapsed="0.000000"/>
</kw>
<kw name="Create Dictionary" owner="BuiltIn">
<var>${prefs}</var>
<arg>credentials_enable_service=False</arg>
<arg>profile.password_manager_enabled=False</arg>
<arg>profile.default_content_setting_values.notifications=2</arg>
<doc>Creates and returns a dictionary based on the given ``items``.</doc>
<status status="NOT RUN" start="2026-02-20T21:03:18.194266" elapsed="0.000000"/>
</kw>
<kw name="Call Method" owner="BuiltIn">
<arg>${options}</arg>
<arg>add_experimental_option</arg>
<arg>prefs</arg>
<arg>${prefs}</arg>
<doc>Calls the named method of the given object with the provided arguments.</doc>
<status status="NOT RUN" start="2026-02-20T21:03:18.194266" elapsed="0.000000"/>
</kw>
<kw name="Set Variable" owner="BuiltIn">
<var>${incognito}</var>
<arg>--incognito</arg>
<doc>Returns the given values which can then be assigned to a variables.</doc>
<status status="NOT RUN" start="2026-02-20T21:03:18.194266" elapsed="0.000000"/>
</kw>
<kw name="Set Variable" owner="BuiltIn">
<var>${disable_pw}</var>
<arg>--disable-features=PasswordLeakDetection</arg>
<doc>Returns the given values which can then be assigned to a variables.</doc>
<status status="NOT RUN" start="2026-02-20T21:03:18.194266" elapsed="0.000000"/>
</kw>
<kw name="Set Variable" owner="BuiltIn">
<var>${disable_notify}</var>
<arg>--disable-notifications</arg>
<doc>Returns the given values which can then be assigned to a variables.</doc>
<status status="NOT RUN" start="2026-02-20T21:03:18.194266" elapsed="0.000000"/>
</kw>
<kw name="Set Variable" owner="BuiltIn">
<var>${no_first}</var>
<arg>--no-first-run</arg>
<doc>Returns the given values which can then be assigned to a variables.</doc>
<status status="NOT RUN" start="2026-02-20T21:03:18.195247" elapsed="0.000000"/>
</kw>
<kw name="Set Variable" owner="BuiltIn">
<var>${no_default}</var>
<arg>--no-default-browser-check</arg>
<doc>Returns the given values which can then be assigned to a variables.</doc>
<status status="NOT RUN" start="2026-02-20T21:03:18.195247" elapsed="0.000000"/>
</kw>
<kw name="Set Variable" owner="BuiltIn">
<var>${maximize}</var>
<arg>--start-maximized</arg>
<doc>Returns the given values which can then be assigned to a variables.</doc>
<status status="NOT RUN" start="2026-02-20T21:03:18.195247" elapsed="0.000000"/>
</kw>
<kw name="Set Variable" owner="BuiltIn">
<var>${profile}</var>
<arg>--user-data-dir=${temp_dir}</arg>
<doc>Returns the given values which can then be assigned to a variables.</doc>
<status status="NOT RUN" start="2026-02-20T21:03:18.195247" elapsed="0.000000"/>
</kw>
<kw name="Call Method" owner="BuiltIn">
<arg>${options}</arg>
<arg>add_argument</arg>
<arg>${incognito}</arg>
<doc>Calls the named method of the given object with the provided arguments.</doc>
<status status="NOT RUN" start="2026-02-20T21:03:18.195247" elapsed="0.000000"/>
</kw>
<kw name="Call Method" owner="BuiltIn">
<arg>${options}</arg>
<arg>add_argument</arg>
<arg>${disable_pw}</arg>
<doc>Calls the named method of the given object with the provided arguments.</doc>
<status status="NOT RUN" start="2026-02-20T21:03:18.195247" elapsed="0.000000"/>
</kw>
<kw name="Call Method" owner="BuiltIn">
<arg>${options}</arg>
<arg>add_argument</arg>
<arg>${disable_notify}</arg>
<doc>Calls the named method of the given object with the provided arguments.</doc>
<status status="NOT RUN" start="2026-02-20T21:03:18.195247" elapsed="0.000000"/>
</kw>
<kw name="Call Method" owner="BuiltIn">
<arg>${options}</arg>
<arg>add_argument</arg>
<arg>${no_first}</arg>
<doc>Calls the named method of the given object with the provided arguments.</doc>
<status status="NOT RUN" start="2026-02-20T21:03:18.195247" elapsed="0.000000"/>
</kw>
<kw name="Call Method" owner="BuiltIn">
<arg>${options}</arg>
<arg>add_argument</arg>
<arg>${no_default}</arg>
<doc>Calls the named method of the given object with the provided arguments.</doc>
<status status="NOT RUN" start="2026-02-20T21:03:18.195247" elapsed="0.000000"/>
</kw>
<kw name="Call Method" owner="BuiltIn">
<arg>${options}</arg>
<arg>add_argument</arg>
<arg>${maximize}</arg>
<doc>Calls the named method of the given object with the provided arguments.</doc>
<status status="NOT RUN" start="2026-02-20T21:03:18.196160" elapsed="0.000000"/>
</kw>
<kw name="Call Method" owner="BuiltIn">
<arg>${options}</arg>
<arg>add_argument</arg>
<arg>${profile}</arg>
<doc>Calls the named method of the given object with the provided arguments.</doc>
<status status="NOT RUN" start="2026-02-20T21:03:18.196160" elapsed="0.000000"/>
</kw>
<kw name="Create Webdriver" owner="SeleniumLibrary">
<arg>Chrome</arg>
<arg>options=${options}</arg>
<doc>Creates an instance of Selenium WebDriver.</doc>
<status status="NOT RUN" start="2026-02-20T21:03:18.196160" elapsed="0.000000"/>
</kw>
<kw name="Go To" owner="SeleniumLibrary">
<arg>${URL}</arg>
<doc>Navigates the current browser window to the provided ``url``.</doc>
<status status="NOT RUN" start="2026-02-20T21:03:18.196160" elapsed="0.000000"/>
</kw>
<status status="NOT RUN" start="2026-02-20T21:03:18.193272" elapsed="0.002888"/>
</branch>
<branch type="ELSE IF" condition="'${BROWSER}' == 'Edge'">
<kw name="Open Browser" owner="SeleniumLibrary">
<arg>${URL}</arg>
<arg>Edge</arg>
<doc>Opens a new browser instance to the optional ``url``.</doc>
<status status="NOT RUN" start="2026-02-20T21:03:18.196160" elapsed="0.000000"/>
</kw>
<kw name="Maximize Browser Window" owner="SeleniumLibrary">
<doc>Maximizes current browser window.</doc>
<status status="NOT RUN" start="2026-02-20T21:03:18.196160" elapsed="0.000000"/>
</kw>
<status status="NOT RUN" start="2026-02-20T21:03:18.196160" elapsed="0.000000"/>
</branch>
<branch type="ELSE IF" condition="'${BROWSER}' == 'Firefox'">
<kw name="Evaluate" owner="BuiltIn">
<msg time="2026-02-20T21:03:18.197252" level="INFO">${ff_options} = &lt;selenium.webdriver.firefox.options.Options object at 0x000001AAEA718DD0&gt;</msg>
<var>${ff_options}</var>
<arg>sys.modules['selenium.webdriver'].FirefoxOptions()</arg>
<arg>sys, selenium.webdriver</arg>
<doc>Evaluates the given expression in Python and returns the result.</doc>
<status status="PASS" start="2026-02-20T21:03:18.196160" elapsed="0.001092"/>
</kw>
<kw name="Call Method" owner="BuiltIn">
<arg>${ff_options}</arg>
<arg>add_argument</arg>
<arg>-private</arg>
<doc>Calls the named method of the given object with the provided arguments.</doc>
<status status="PASS" start="2026-02-20T21:03:18.197252" elapsed="0.000000"/>
</kw>
<kw name="Create Webdriver" owner="SeleniumLibrary">
<msg time="2026-02-20T21:03:18.197252" level="INFO">Creating an instance of the Firefox WebDriver.</msg>
<arg>Firefox</arg>
<arg>options=${ff_options}</arg>
<doc>Creates an instance of Selenium WebDriver.</doc>
<status status="PASS" start="2026-02-20T21:03:18.197252" elapsed="5.835268"/>
</kw>
<kw name="Go To" owner="SeleniumLibrary">
<msg time="2026-02-20T21:03:24.033578" level="INFO">Opening url 'https://www.saucedemo.com/'</msg>
<arg>${URL}</arg>
<doc>Navigates the current browser window to the provided ``url``.</doc>
<status status="PASS" start="2026-02-20T21:03:24.033578" elapsed="0.433347"/>
</kw>
<status status="PASS" start="2026-02-20T21:03:18.196160" elapsed="6.270765"/>
</branch>
<status status="PASS" start="2026-02-20T21:03:18.193272" elapsed="6.273653"/>
</if>
<kw name="Wait Until Element Is Visible" owner="SeleniumLibrary">
<arg>id=user-name</arg>
<arg>timeout=10s</arg>
<doc>Waits until the element ``locator`` is visible.</doc>
<status status="PASS" start="2026-02-20T21:03:24.467924" elapsed="0.058040"/>
</kw>
<kw name="Sleep" owner="BuiltIn">
<msg time="2026-02-20T21:03:25.527704" level="INFO">Slept 1 second.</msg>
<arg>${DELAY}</arg>
<doc>Pauses the test executed for the given time.</doc>
<status status="PASS" start="2026-02-20T21:03:24.525964" elapsed="1.001740"/>
</kw>
<status status="PASS" start="2026-02-20T21:03:18.193272" elapsed="7.334432"/>
</kw>
<test id="s1-s3-t1" name="User Can View Product Details" line="7">
<kw name="Login To Application" owner="ecommerce_keywords">
<kw name="Input Text" owner="SeleniumLibrary">
<msg time="2026-02-20T21:03:25.529220" level="INFO">Typing text 'standard_user' into text field 'id=user-name'.</msg>
<arg>id=user-name</arg>
<arg>${USERNAME}</arg>
<doc>Types the given ``text`` into the text field identified by ``locator``.</doc>
<status status="PASS" start="2026-02-20T21:03:25.529220" elapsed="0.041616"/>
</kw>
<kw name="Sleep" owner="BuiltIn">
<msg time="2026-02-20T21:03:26.571139" level="INFO">Slept 1 second.</msg>
<arg>${DELAY}</arg>
<doc>Pauses the test executed for the given time.</doc>
<status status="PASS" start="2026-02-20T21:03:25.570836" elapsed="1.000303"/>
</kw>
<kw name="Input Text" owner="SeleniumLibrary">
<msg time="2026-02-20T21:03:26.572249" level="INFO">Typing text 'secret_sauce' into text field 'id=password'.</msg>
<arg>id=password</arg>
<arg>${PASSWORD}</arg>
<doc>Types the given ``text`` into the text field identified by ``locator``.</doc>
<status status="PASS" start="2026-02-20T21:03:26.571139" elapsed="0.033411"/>
</kw>
<kw name="Sleep" owner="BuiltIn">
<msg time="2026-02-20T21:03:27.605162" level="INFO">Slept 1 second.</msg>
<arg>${DELAY}</arg>
<doc>Pauses the test executed for the given time.</doc>
<status status="PASS" start="2026-02-20T21:03:26.604550" elapsed="1.000612"/>
</kw>
<kw name="Click Button" owner="SeleniumLibrary">
<msg time="2026-02-20T21:03:27.606267" level="INFO">Clicking button 'id=login-button'.</msg>
<arg>id=login-button</arg>
<doc>Clicks the button identified by ``locator``.</doc>
<status status="PASS" start="2026-02-20T21:03:27.605162" elapsed="0.104022"/>
</kw>
<kw name="Wait Until Page Contains Element" owner="SeleniumLibrary">
<arg>css=.inventory_list</arg>
<doc>Waits until the element ``locator`` appears on the current page.</doc>
<status status="PASS" start="2026-02-20T21:03:27.709184" elapsed="0.003000"/>
</kw>
<kw name="Sleep" owner="BuiltIn">
<msg time="2026-02-20T21:03:28.713194" level="INFO">Slept 1 second.</msg>
<arg>${DELAY}</arg>
<doc>Pauses the test executed for the given time.</doc>
<status status="PASS" start="2026-02-20T21:03:27.713183" elapsed="1.000011"/>
</kw>
<status status="PASS" start="2026-02-20T21:03:25.528209" elapsed="3.184985"/>
</kw>
<kw name="Click Element" owner="SeleniumLibrary">
<msg time="2026-02-20T21:03:28.714322" level="INFO">Clicking element 'xpath=//div[text()='Sauce Labs Backpack']'.</msg>
<arg>xpath=//div[text()='Sauce Labs Backpack']</arg>
<doc>Click the element identified by ``locator``.</doc>
<status status="PASS" start="2026-02-20T21:03:28.714322" elapsed="0.076845"/>
</kw>
<kw name="Wait Until Element Is Visible" owner="SeleniumLibrary">
<arg>css=.inventory_details_name</arg>
<doc>Waits until the element ``locator`` is visible.</doc>
<status status="PASS" start="2026-02-20T21:03:28.792111" elapsed="0.014090"/>
</kw>
<kw name="Sleep" owner="BuiltIn">
<msg time="2026-02-20T21:03:29.807632" level="INFO">Slept 1 second.</msg>
<arg>${DELAY}</arg>
<doc>Pauses the test executed for the given time.</doc>
<status status="PASS" start="2026-02-20T21:03:28.807219" elapsed="1.000413"/>
</kw>
<kw name="Element Should Be Visible" owner="SeleniumLibrary">
<msg time="2026-02-20T21:03:29.826070" level="INFO">Element 'css=.inventory_details_price' is displayed.</msg>
<arg>css=.inventory_details_price</arg>
<doc>Verifies that the element identified by ``locator`` is visible.</doc>
<status status="PASS" start="2026-02-20T21:03:29.808702" elapsed="0.017368"/>
</kw>
<status status="PASS" start="2026-02-20T21:03:25.527704" elapsed="4.299366"/>
</test>
<kw name="Close Website" owner="ecommerce_keywords" type="TEARDOWN">
<kw name="Sleep" owner="BuiltIn">
<msg time="2026-02-20T21:03:30.831207" level="INFO">Slept 1 second.</msg>
<arg>${DELAY}</arg>
<doc>Pauses the test executed for the given time.</doc>
<status status="PASS" start="2026-02-20T21:03:29.829989" elapsed="1.001218"/>
</kw>
<kw name="Close Browser" owner="SeleniumLibrary">
<doc>Closes the current browser.</doc>
<status status="PASS" start="2026-02-20T21:03:30.831207" elapsed="2.736468"/>
</kw>
<status status="PASS" start="2026-02-20T21:03:29.828987" elapsed="3.738688"/>
</kw>
<status status="PASS" start="2026-02-20T21:03:18.187148" elapsed="15.380527"/>
</suite>
<suite id="s1-s4" name="03 Add To Cart" source="D:\PythonProject\Prashant Kumar Jha\Project\Ecommerce\robot-framework\tests\03_add_to_cart.robot">
<kw name="Open Website" owner="ecommerce_keywords" type="SETUP">
<if>
<branch type="IF" condition="'${BROWSER}' == 'Chrome'">
<kw name="Evaluate" owner="BuiltIn">
<var>${options}</var>
<arg>sys.modules['selenium.webdriver'].ChromeOptions()</arg>
<arg>sys, selenium.webdriver</arg>
<doc>Evaluates the given expression in Python and returns the result.</doc>
<status status="NOT RUN" start="2026-02-20T21:03:33.576947" elapsed="0.000000"/>
</kw>
<kw name="Evaluate" owner="BuiltIn">
<var>${temp_dir}</var>
<arg>__import__('tempfile').mkdtemp()</arg>
<doc>Evaluates the given expression in Python and returns the result.</doc>
<status status="NOT RUN" start="2026-02-20T21:03:33.576947" elapsed="0.000000"/>
</kw>
<kw name="Create Dictionary" owner="BuiltIn">
<var>${prefs}</var>
<arg>credentials_enable_service=False</arg>
<arg>profile.password_manager_enabled=False</arg>
<arg>profile.default_content_setting_values.notifications=2</arg>
<doc>Creates and returns a dictionary based on the given ``items``.</doc>
<status status="NOT RUN" start="2026-02-20T21:03:33.576947" elapsed="0.000000"/>
</kw>
<kw name="Call Method" owner="BuiltIn">
<arg>${options}</arg>
<arg>add_experimental_option</arg>
<arg>prefs</arg>
<arg>${prefs}</arg>
<doc>Calls the named method of the given object with the provided arguments.</doc>
<status status="NOT RUN" start="2026-02-20T21:03:33.576947" elapsed="0.000000"/>
</kw>
<kw name="Set Variable" owner="BuiltIn">
<var>${incognito}</var>
<arg>--incognito</arg>
<doc>Returns the given values which can then be assigned to a variables.</doc>
<status status="NOT RUN" start="2026-02-20T21:03:33.576947" elapsed="0.000000"/>
</kw>
<kw name="Set Variable" owner="BuiltIn">
<var>${disable_pw}</var>
<arg>--disable-features=PasswordLeakDetection</arg>
<doc>Returns the given values which can then be assigned to a variables.</doc>
<status status="NOT RUN" start="2026-02-20T21:03:33.576947" elapsed="0.000000"/>
</kw>
<kw name="Set Variable" owner="BuiltIn">
<var>${disable_notify}</var>
<arg>--disable-notifications</arg>
<doc>Returns the given values which can then be assigned to a variables.</doc>
<status status="NOT RUN" start="2026-02-20T21:03:33.576947" elapsed="0.000000"/>
</kw>
<kw name="Set Variable" owner="BuiltIn">
<var>${no_first}</var>
<arg>--no-first-run</arg>
<doc>Returns the given values which can then be assigned to a variables.</doc>
<status status="NOT RUN" start="2026-02-20T21:03:33.576947" elapsed="0.000000"/>
</kw>
<kw name="Set Variable" owner="BuiltIn">
<var>${no_default}</var>
<arg>--no-default-browser-check</arg>
<doc>Returns the given values which can then be assigned to a variables.</doc>
<status status="NOT RUN" start="2026-02-20T21:03:33.577854" elapsed="0.000000"/>
</kw>
<kw name="Set Variable" owner="BuiltIn">
<var>${maximize}</var>
<arg>--start-maximized</arg>
<doc>Returns the given values which can then be assigned to a variables.</doc>
<status status="NOT RUN" start="2026-02-20T21:03:33.577854" elapsed="0.000000"/>
</kw>
<kw name="Set Variable" owner="BuiltIn">
<var>${profile}</var>
<arg>--user-data-dir=${temp_dir}</arg>
<doc>Returns the given values which can then be assigned to a variables.</doc>
<status status="NOT RUN" start="2026-02-20T21:03:33.577854" elapsed="0.000000"/>
</kw>
<kw name="Call Method" owner="BuiltIn">
<arg>${options}</arg>
<arg>add_argument</arg>
<arg>${incognito}</arg>
<doc>Calls the named method of the given object with the provided arguments.</doc>
<status status="NOT RUN" start="2026-02-20T21:03:33.577854" elapsed="0.000000"/>
</kw>
<kw name="Call Method" owner="BuiltIn">
<arg>${options}</arg>
<arg>add_argument</arg>
<arg>${disable_pw}</arg>
<doc>Calls the named method of the given object with the provided arguments.</doc>
<status status="NOT RUN" start="2026-02-20T21:03:33.577854" elapsed="0.000000"/>
</kw>
<kw name="Call Method" owner="BuiltIn">
<arg>${options}</arg>
<arg>add_argument</arg>
<arg>${disable_notify}</arg>
<doc>Calls the named method of the given object with the provided arguments.</doc>
<status status="NOT RUN" start="2026-02-20T21:03:33.577854" elapsed="0.000000"/>
</kw>
<kw name="Call Method" owner="BuiltIn">
<arg>${options}</arg>
<arg>add_argument</arg>
<arg>${no_first}</arg>
<doc>Calls the named method of the given object with the provided arguments.</doc>
<status status="NOT RUN" start="2026-02-20T21:03:33.577854" elapsed="0.000000"/>
</kw>
<kw name="Call Method" owner="BuiltIn">
<arg>${options}</arg>
<arg>add_argument</arg>
<arg>${no_default}</arg>
<doc>Calls the named method of the given object with the provided arguments.</doc>
<status status="NOT RUN" start="2026-02-20T21:03:33.577854" elapsed="0.000000"/>
</kw>
<kw name="Call Method" owner="BuiltIn">
<arg>${options}</arg>
<arg>add_argument</arg>
<arg>${maximize}</arg>
<doc>Calls the named method of the given object with the provided arguments.</doc>
<status status="NOT RUN" start="2026-02-20T21:03:33.577854" elapsed="0.000000"/>
</kw>
<kw name="Call Method" owner="BuiltIn">
<arg>${options}</arg>
<arg>add_argument</arg>
<arg>${profile}</arg>
<doc>Calls the named method of the given object with the provided arguments.</doc>
<status status="NOT RUN" start="2026-02-20T21:03:33.577854" elapsed="0.000000"/>
</kw>
<kw name="Create Webdriver" owner="SeleniumLibrary">
<arg>Chrome</arg>
<arg>options=${options}</arg>
<doc>Creates an instance of Selenium WebDriver.</doc>
<status status="NOT RUN" start="2026-02-20T21:03:33.577854" elapsed="0.000000"/>
</kw>
<kw name="Go To" owner="SeleniumLibrary">
<arg>${URL}</arg>
<doc>Navigates the current browser window to the provided ``url``.</doc>
<status status="NOT RUN" start="2026-02-20T21:03:33.578852" elapsed="0.000000"/>
</kw>
<status status="NOT RUN" start="2026-02-20T21:03:33.575996" elapsed="0.002856"/>
</branch>
<branch type="ELSE IF" condition="'${BROWSER}' == 'Edge'">
<kw name="Open Browser" owner="SeleniumLibrary">
<arg>${URL}</arg>
<arg>Edge</arg>
<doc>Opens a new browser instance to the optional ``url``.</doc>
<status status="NOT RUN" start="2026-02-20T21:03:33.578852" elapsed="0.000000"/>
</kw>
<kw name="Maximize Browser Window" owner="SeleniumLibrary">
<doc>Maximizes current browser window.</doc>
<status status="NOT RUN" start="2026-02-20T21:03:33.578852" elapsed="0.000000"/>
</kw>
<status status="NOT RUN" start="2026-02-20T21:03:33.578852" elapsed="0.000000"/>
</branch>
<branch type="ELSE IF" condition="'${BROWSER}' == 'Firefox'">
<kw name="Evaluate" owner="BuiltIn">
<msg time="2026-02-20T21:03:33.579867" level="INFO">${ff_options} = &lt;selenium.webdriver.firefox.options.Options object at 0x000001AAEA70CAD0&gt;</msg>
<var>${ff_options}</var>
<arg>sys.modules['selenium.webdriver'].FirefoxOptions()</arg>
<arg>sys, selenium.webdriver</arg>
<doc>Evaluates the given expression in Python and returns the result.</doc>
<status status="PASS" start="2026-02-20T21:03:33.578852" elapsed="0.001015"/>
</kw>
<kw name="Call Method" owner="BuiltIn">
<arg>${ff_options}</arg>
<arg>add_argument</arg>
<arg>-private</arg>
<doc>Calls the named method of the given object with the provided arguments.</doc>
<status status="PASS" start="2026-02-20T21:03:33.579867" elapsed="0.000000"/>
</kw>
<kw name="Create Webdriver" owner="SeleniumLibrary">
<msg time="2026-02-20T21:03:33.579867" level="INFO">Creating an instance of the Firefox WebDriver.</msg>
<arg>Firefox</arg>
<arg>options=${ff_options}</arg>
<doc>Creates an instance of Selenium WebDriver.</doc>
<status status="PASS" start="2026-02-20T21:03:33.579867" elapsed="5.810010"/>
</kw>
<kw name="Go To" owner="SeleniumLibrary">
<msg time="2026-02-20T21:03:39.391186" level="INFO">Opening url 'https://www.saucedemo.com/'</msg>
<arg>${URL}</arg>
<doc>Navigates the current browser window to the provided ``url``.</doc>
<status status="PASS" start="2026-02-20T21:03:39.389877" elapsed="0.484503"/>
</kw>
<status status="PASS" start="2026-02-20T21:03:33.578852" elapsed="6.295528"/>
</branch>
<status status="PASS" start="2026-02-20T21:03:33.575996" elapsed="6.298384"/>
</if>
<kw name="Wait Until Element Is Visible" owner="SeleniumLibrary">
<arg>id=user-name</arg>
<arg>timeout=10s</arg>
<doc>Waits until the element ``locator`` is visible.</doc>
<status status="PASS" start="2026-02-20T21:03:39.874380" elapsed="0.034781"/>
</kw>
<kw name="Sleep" owner="BuiltIn">
<msg time="2026-02-20T21:03:40.909614" level="INFO">Slept 1 second.</msg>
<arg>${DELAY}</arg>
<doc>Pauses the test executed for the given time.</doc>
<status status="PASS" start="2026-02-20T21:03:39.909161" elapsed="1.000453"/>
</kw>
<status status="PASS" start="2026-02-20T21:03:33.575996" elapsed="7.334222"/>
</kw>
<test id="s1-s4-t1" name="User Can Add Four Products To Cart" line="7">
<kw name="Login To Application" owner="ecommerce_keywords">
<kw name="Input Text" owner="SeleniumLibrary">
<msg time="2026-02-20T21:03:40.912233" level="INFO">Typing text 'standard_user' into text field 'id=user-name'.</msg>
<arg>id=user-name</arg>
<arg>${USERNAME}</arg>
<doc>Types the given ``text`` into the text field identified by ``locator``.</doc>
<status status="PASS" start="2026-02-20T21:03:40.912233" elapsed="0.053438"/>
</kw>
<kw name="Sleep" owner="BuiltIn">
<msg time="2026-02-20T21:03:41.967428" level="INFO">Slept 1 second.</msg>
<arg>${DELAY}</arg>
<doc>Pauses the test executed for the given time.</doc>
<status status="PASS" start="2026-02-20T21:03:40.965671" elapsed="1.001757"/>
</kw>
<kw name="Input Text" owner="SeleniumLibrary">
<msg time="2026-02-20T21:03:41.968454" level="INFO">Typing text 'secret_sauce' into text field 'id=password'.</msg>
<arg>id=password</arg>
<arg>${PASSWORD}</arg>
<doc>Types the given ``text`` into the text field identified by ``locator``.</doc>
<status status="PASS" start="2026-02-20T21:03:41.967428" elapsed="0.033009"/>
</kw>
<kw name="Sleep" owner="BuiltIn">
<msg time="2026-02-20T21:03:43.002115" level="INFO">Slept 1 second.</msg>
<arg>${DELAY}</arg>
<doc>Pauses the test executed for the given time.</doc>
<status status="PASS" start="2026-02-20T21:03:42.000437" elapsed="1.001678"/>
</kw>
<kw name="Click Button" owner="SeleniumLibrary">
<msg time="2026-02-20T21:03:43.002725" level="INFO">Clicking button 'id=login-button'.</msg>
<arg>id=login-button</arg>
<doc>Clicks the button identified by ``locator``.</doc>
<status status="PASS" start="2026-02-20T21:03:43.002725" elapsed="0.098170"/>
</kw>
<kw name="Wait Until Page Contains Element" owner="SeleniumLibrary">
<arg>css=.inventory_list</arg>
<doc>Waits until the element ``locator`` appears on the current page.</doc>
<status status="PASS" start="2026-02-20T21:03:43.100895" elapsed="0.002999"/>
</kw>
<kw name="Sleep" owner="BuiltIn">
<msg time="2026-02-20T21:03:44.105066" level="INFO">Slept 1 second.</msg>
<arg>${DELAY}</arg>
<doc>Pauses the test executed for the given time.</doc>
<status status="PASS" start="2026-02-20T21:03:43.103894" elapsed="1.001172"/>
</kw>
<status status="PASS" start="2026-02-20T21:03:40.911233" elapsed="3.194442"/>
</kw>
<kw name="Add Four Products To Cart" owner="ecommerce_keywords">
<kw name="Get WebElements" owner="SeleniumLibrary">
<msg time="2026-02-20T21:03:44.114778" level="INFO">${buttons} = [&lt;selenium.webdriver.remote.webelement.WebElement (session="34d90bd4-a3da-450f-92d1-5c93fada391d", element="78232ee9-c69c-4a8d-8223-bfaf85d228f4")&gt;, &lt;selenium.webdriver.remote.webelement.WebElement (s...</msg>
<var>${buttons}</var>
<arg>xpath=//button[contains(text(),'Add to cart')]</arg>
<doc>Returns a list of WebElement objects matching the ``locator``.</doc>
<status status="PASS" start="2026-02-20T21:03:44.106711" elapsed="0.008067"/>
</kw>
<for flavor="IN RANGE">
<iter>
<kw name="Click Element" owner="SeleniumLibrary">
<msg time="2026-02-20T21:03:44.116785" level="INFO">Clicking element '&lt;selenium.webdriver.remote.webelement.WebElement (session="34d90bd4-a3da-450f-92d1-5c93fada391d", element="78232ee9-c69c-4a8d-8223-bfaf85d228f4")&gt;'.</msg>
<arg>${buttons}[${index}]</arg>
<doc>Click the element identified by ``locator``.</doc>
<status status="PASS" start="2026-02-20T21:03:44.115782" elapsed="0.066273"/>
</kw>
<kw name="Sleep" owner="BuiltIn">
<msg time="2026-02-20T21:03:45.183321" level="INFO">Slept 1 second.</msg>
<arg>${DELAY}</arg>
<doc>Pauses the test executed for the given time.</doc>
<status status="PASS" start="2026-02-20T21:03:44.182055" elapsed="1.001266"/>
</kw>
<var name="${index}">0</var>
<status status="PASS" start="2026-02-20T21:03:44.115782" elapsed="1.067539"/>
</iter>
<iter>
<kw name="Click Element" owner="SeleniumLibrary">
<msg time="2026-02-20T21:03:45.184342" level="INFO">Clicking element '&lt;selenium.webdriver.remote.webelement.WebElement (session="34d90bd4-a3da-450f-92d1-5c93fada391d", element="ff67ce67-6e90-403f-8186-0d084a5bc4e4")&gt;'.</msg>
<arg>${buttons}[${index}]</arg>
<doc>Click the element identified by ``locator``.</doc>
<status status="PASS" start="2026-02-20T21:03:45.184342" elapsed="0.065757"/>
</kw>
<kw name="Sleep" owner="BuiltIn">
<msg time="2026-02-20T21:03:46.251383" level="INFO">Slept 1 second.</msg>
<arg>${DELAY}</arg>
<doc>Pauses the test executed for the given time.</doc>
<status status="PASS" start="2026-02-20T21:03:45.250099" elapsed="1.001284"/>
</kw>
<var name="${index}">1</var>
<status status="PASS" start="2026-02-20T21:03:45.183321" elapsed="1.068062"/>
</iter>
<iter>
<kw name="Click Element" owner="SeleniumLibrary">
<msg time="2026-02-20T21:03:46.253401" level="INFO">Clicking element '&lt;selenium.webdriver.remote.webelement.WebElement (session="34d90bd4-a3da-450f-92d1-5c93fada391d", element="33605247-32c1-4604-a802-d81684bace90")&gt;'.</msg>
<arg>${buttons}[${index}]</arg>
<doc>Click the element identified by ``locator``.</doc>
<status status="PASS" start="2026-02-20T21:03:46.252403" elapsed="0.066851"/>
</kw>
<kw name="Sleep" owner="BuiltIn">
<msg time="2026-02-20T21:03:47.320749" level="INFO">Slept 1 second.</msg>
<arg>${DELAY}</arg>
<doc>Pauses the test executed for the given time.</doc>
<status status="PASS" start="2026-02-20T21:03:46.319254" elapsed="1.001495"/>
</kw>
<var name="${index}">2</var>
<status status="PASS" start="2026-02-20T21:03:46.252403" elapsed="1.068346"/>
</iter>
<iter>
<kw name="Click Element" owner="SeleniumLibrary">
<msg time="2026-02-20T21:03:47.321854" level="INFO">Clicking element '&lt;selenium.webdriver.remote.webelement.WebElement (session="34d90bd4-a3da-450f-92d1-5c93fada391d", element="3a7ca999-f3d8-419a-b4cc-c1a0da8a9a94")&gt;'.</msg>
<arg>${buttons}[${index}]</arg>
<doc>Click the element identified by ``locator``.</doc>
<status status="PASS" start="2026-02-20T21:03:47.321854" elapsed="0.065875"/>
</kw>
<kw name="Sleep" owner="BuiltIn">
<msg time="2026-02-20T21:03:48.389014" level="INFO">Slept 1 second.</msg>
<arg>${DELAY}</arg>
<doc>Pauses the test executed for the given time.</doc>
<status status="PASS" start="2026-02-20T21:03:47.387729" elapsed="1.001285"/>
</kw>
<var name="${index}">3</var>
<status status="PASS" start="2026-02-20T21:03:47.320749" elapsed="1.068265"/>
</iter>
<var>${index}</var>
<value>0</value>
<value>4</value>
<status status="PASS" start="2026-02-20T21:03:44.114778" elapsed="4.274236"/>
</for>
<status status="PASS" start="2026-02-20T21:03:44.106711" elapsed="4.282303"/>
</kw>
<kw name="Verify Cart Has Four Items" owner="ecommerce_keywords">
<kw name="Get Text" owner="SeleniumLibrary">
<msg time="2026-02-20T21:03:48.413486" level="INFO">${count} = 4</msg>
<var>${count}</var>
<arg>css=.shopping_cart_badge</arg>
<doc>Returns the text value of the element identified by ``locator``.</doc>
<status status="PASS" start="2026-02-20T21:03:48.391139" elapsed="0.022347"/>
</kw>
<kw name="Should Be Equal" owner="BuiltIn">
<arg>${count}</arg>
<arg>4</arg>
<doc>Fails if the given objects are unequal.</doc>
<status status="PASS" start="2026-02-20T21:03:48.413486" elapsed="0.001007"/>
</kw>
<kw name="Sleep" owner="BuiltIn">
<msg time="2026-02-20T21:03:49.416169" level="INFO">Slept 1 second.</msg>
<arg>${DELAY}</arg>
<doc>Pauses the test executed for the given time.</doc>
<status status="PASS" start="2026-02-20T21:03:48.414493" elapsed="1.001676"/>
</kw>
<status status="PASS" start="2026-02-20T21:03:48.390135" elapsed="1.026034"/>
</kw>
<kw name="Go To Cart" owner="ecommerce_keywords">
<kw name="Click Element" owner="SeleniumLibrary">
<msg time="2026-02-20T21:03:49.418283" level="INFO">Clicking element 'css=.shopping_cart_link'.</msg>
<arg>css=.shopping_cart_link</arg>
<doc>Click the element identified by ``locator``.</doc>
<status status="PASS" start="2026-02-20T21:03:49.418283" elapsed="0.073810"/>
</kw>
<kw name="Wait Until Page Contains" owner="SeleniumLibrary">
<arg>Your Cart</arg>
<doc>Waits until ``text`` appears on the current page.</doc>
<status status="PASS" start="2026-02-20T21:03:49.493169" elapsed="0.006720"/>
</kw>
<kw name="Sleep" owner="BuiltIn">
<msg time="2026-02-20T21:03:50.501370" level="INFO">Slept 1 second.</msg>
<arg>${DELAY}</arg>
<doc>Pauses the test executed for the given time.</doc>
<status status="PASS" start="2026-02-20T21:03:49.499889" elapsed="1.001481"/>
</kw>
<status status="PASS" start="2026-02-20T21:03:49.417190" elapsed="1.084180"/>
</kw>
<kw name="Page Should Contain" owner="SeleniumLibrary">
<msg time="2026-02-20T21:03:50.515399" level="INFO">Current page contains text 'Your Cart'.</msg>
<arg>Your Cart</arg>
<doc>Verifies that current page contains ``text``.</doc>
<status status="PASS" start="2026-02-20T21:03:50.502401" elapsed="0.014073"/>
</kw>
<status status="PASS" start="2026-02-20T21:03:40.910218" elapsed="9.607168"/>
</test>
<kw name="Close Website" owner="ecommerce_keywords" type="TEARDOWN">
<kw name="Sleep" owner="BuiltIn">
<msg time="2026-02-20T21:03:51.520915" level="INFO">Slept 1 second.</msg>
<arg>${DELAY}</arg>
<doc>Pauses the test executed for the given time.</doc>
<status status="PASS" start="2026-02-20T21:03:50.519381" elapsed="1.001534"/>
</kw>
<kw name="Close Browser" owner="SeleniumLibrary">
<doc>Closes the current browser.</doc>
<status status="PASS" start="2026-02-20T21:03:51.520915" elapsed="2.839712"/>
</kw>
<status status="PASS" start="2026-02-20T21:03:50.519381" elapsed="3.841246"/>
</kw>
<status status="PASS" start="2026-02-20T21:03:33.569840" elapsed="20.790787"/>
</suite>
<suite id="s1-s5" name="04 Update Cart" source="D:\PythonProject\Prashant Kumar Jha\Project\Ecommerce\robot-framework\tests\04_update_cart.robot">
<kw name="Open Website" owner="ecommerce_keywords" type="SETUP">
<if>
<branch type="IF" condition="'${BROWSER}' == 'Chrome'">
<kw name="Evaluate" owner="BuiltIn">
<var>${options}</var>
<arg>sys.modules['selenium.webdriver'].ChromeOptions()</arg>
<arg>sys, selenium.webdriver</arg>
<doc>Evaluates the given expression in Python and returns the result.</doc>
<status status="NOT RUN" start="2026-02-20T21:03:54.370614" elapsed="0.000000"/>
</kw>
<kw name="Evaluate" owner="BuiltIn">
<var>${temp_dir}</var>
<arg>__import__('tempfile').mkdtemp()</arg>
<doc>Evaluates the given expression in Python and returns the result.</doc>
<status status="NOT RUN" start="2026-02-20T21:03:54.370614" elapsed="0.000000"/>
</kw>
<kw name="Create Dictionary" owner="BuiltIn">
<var>${prefs}</var>
<arg>credentials_enable_service=False</arg>
<arg>profile.password_manager_enabled=False</arg>
<arg>profile.default_content_setting_values.notifications=2</arg>
<doc>Creates and returns a dictionary based on the given ``items``.</doc>
<status status="NOT RUN" start="2026-02-20T21:03:54.370614" elapsed="0.000000"/>
</kw>
<kw name="Call Method" owner="BuiltIn">
[...]
</kw>
<kw name="Click Button" owner="SeleniumLibrary">
<msg time="2026-02-20T21:09:23.940961" level="INFO">Clicking button 'id=checkout'.</msg>
<arg>id=checkout</arg>
<doc>Clicks the button identified by ``locator``.</doc>
<status status="PASS" start="2026-02-20T21:09:23.940961" elapsed="0.082323"/>
</kw>
<kw name="Input Text" owner="SeleniumLibrary">
<msg time="2026-02-20T21:09:24.024288" level="INFO">Typing text 'Group5' into text field 'id=first-name'.</msg>
<arg>id=first-name</arg>
<arg>${first_name}</arg>
<doc>Types the given ``text`` into the text field identified by ``locator``.</doc>
<status status="PASS" start="2026-02-20T21:09:24.024288" elapsed="0.029147"/>
</kw>
<kw name="Sleep" owner="BuiltIn">
<msg time="2026-02-20T21:09:25.055177" level="INFO">Slept 1 second.</msg>
<arg>${DELAY}</arg>
<doc>Pauses the test executed for the given time.</doc>
<status status="PASS" start="2026-02-20T21:09:24.053435" elapsed="1.002763"/>
</kw>
<kw name="Input Text" owner="SeleniumLibrary">
<msg time="2026-02-20T21:09:25.057211" level="INFO">Typing text 'Project' into text field 'id=last-name'.</msg>
<arg>id=last-name</arg>
<arg>${last_name}</arg>
<doc>Types the given ``text`` into the text field identified by ``locator``.</doc>
<status status="PASS" start="2026-02-20T21:09:25.056198" elapsed="0.037282"/>
</kw>
<kw name="Sleep" owner="BuiltIn">
<msg time="2026-02-20T21:09:26.094018" level="INFO">Slept 1 second.</msg>
<arg>${DELAY}</arg>
<doc>Pauses the test executed for the given time.</doc>
<status status="PASS" start="2026-02-20T21:09:25.093480" elapsed="1.000538"/>
</kw>
<kw name="Input Text" owner="SeleniumLibrary">
<msg time="2026-02-20T21:09:26.095148" level="INFO">Typing text '12345' into text field 'id=postal-code'.</msg>
<arg>id=postal-code</arg>
<arg>${postal_code}</arg>
<doc>Types the given ``text`` into the text field identified by ``locator``.</doc>
<status status="PASS" start="2026-02-20T21:09:26.094018" elapsed="0.036728"/>
</kw>
<kw name="Sleep" owner="BuiltIn">
<msg time="2026-02-20T21:09:27.131133" level="INFO">Slept 1 second.</msg>
<arg>${DELAY}</arg>
<doc>Pauses the test executed for the given time.</doc>
<status status="PASS" start="2026-02-20T21:09:26.130746" elapsed="1.000387"/>
</kw>
<kw name="Click Button" owner="SeleniumLibrary">
<msg time="2026-02-20T21:09:27.132154" level="INFO">Clicking button 'id=continue'.</msg>
<arg>id=continue</arg>
<doc>Clicks the button identified by ``locator``.</doc>
<status status="PASS" start="2026-02-20T21:09:27.131133" elapsed="0.088503"/>
</kw>
<kw name="Sleep" owner="BuiltIn">
<msg time="2026-02-20T21:09:28.219975" level="INFO">Slept 1 second.</msg>
<arg>${DELAY}</arg>
<doc>Pauses the test executed for the given time.</doc>
<status status="PASS" start="2026-02-20T21:09:27.219636" elapsed="1.000339"/>
</kw>
<kw name="Run Keyword And Return Status" owner="BuiltIn">
<kw name="Wait Until Element Is Visible" owner="SeleniumLibrary">
<arg>id=finish</arg>
<arg>timeout=3s</arg>
<doc>Waits until the element ``locator`` is visible.</doc>
<status status="PASS" start="2026-02-20T21:09:28.219975" elapsed="0.013106"/>
</kw>
<msg time="2026-02-20T21:09:28.233081" level="INFO">${success_page} = True</msg>
<var>${success_page}</var>
<arg>Wait Until Element Is Visible</arg>
<arg>id=finish</arg>
<arg>timeout=3s</arg>
<doc>Runs the specified keyword and returns the status as a Boolean value.</doc>
<status status="PASS" start="2026-02-20T21:09:28.219975" elapsed="0.013106"/>
</kw>
<if>
<branch type="IF" condition="${success_page}">
<kw name="Click Button" owner="SeleniumLibrary">
<msg time="2026-02-20T21:09:28.235093" level="INFO">Clicking button 'id=finish'.</msg>
<arg>id=finish</arg>
<doc>Clicks the button identified by ``locator``.</doc>
<status status="PASS" start="2026-02-20T21:09:28.234105" elapsed="0.082658"/>
</kw>
<kw name="Page Should Contain" owner="SeleniumLibrary">
<msg time="2026-02-20T21:09:28.326508" level="INFO">Current page contains text 'Thank you for your order!'.</msg>
<arg>Thank you for your order!</arg>
<doc>Verifies that current page contains ``text``.</doc>
<status status="PASS" start="2026-02-20T21:09:28.317778" elapsed="0.008730"/>
</kw>
<status status="PASS" start="2026-02-20T21:09:28.234105" elapsed="0.093403"/>
</branch>
<branch type="ELSE">
<kw name="Wait Until Page Contains Element" owner="SeleniumLibrary">
<arg>css=h3[data-test="error"]</arg>
<arg>timeout=3s</arg>
<doc>Waits until the element ``locator`` appears on the current page.</doc>
<status status="NOT RUN" start="2026-02-20T21:09:28.327508" elapsed="0.000000"/>
</kw>
<kw name="Log" owner="BuiltIn">
<arg>Validation error appeared for invalid data</arg>
<doc>Logs the given message with the given level.</doc>
<status status="NOT RUN" start="2026-02-20T21:09:28.327508" elapsed="0.000000"/>
</kw>
<kw name="Fail" owner="BuiltIn">
<arg>Invalid checkout data</arg>
<doc>Fails the test with the given message and optionally alters its tags.</doc>
<status status="NOT RUN" start="2026-02-20T21:09:28.328500" elapsed="0.000000"/>
</kw>
<status status="NOT RUN" start="2026-02-20T21:09:28.327508" elapsed="0.000992"/>
</branch>
<status status="PASS" start="2026-02-20T21:09:28.234105" elapsed="0.094395"/>
</if>
<kw name="Sleep" owner="BuiltIn">
<msg time="2026-02-20T21:09:29.329835" level="INFO">Slept 1 second.</msg>
<arg>${DELAY}</arg>
<doc>Pauses the test executed for the given time.</doc>
<status status="PASS" start="2026-02-20T21:09:28.328500" elapsed="1.001335"/>
</kw>
<kw name="Click Button" owner="SeleniumLibrary">
<msg time="2026-02-20T21:09:29.330857" level="INFO">Clicking button 'id=back-to-products'.</msg>
<arg>id=back-to-products</arg>
<doc>Clicks the button identified by ``locator``.</doc>
<status status="PASS" start="2026-02-20T21:09:29.329835" elapsed="0.088955"/>
</kw>
<kw name="Logout From Application" owner="ecommerce_keywords">
<kw name="Click Element" owner="SeleniumLibrary">
<msg time="2026-02-20T21:09:29.420822" level="INFO">Clicking element 'id=react-burger-menu-btn'.</msg>
<arg>id=react-burger-menu-btn</arg>
<doc>Click the element identified by ``locator``.</doc>
<status status="PASS" start="2026-02-20T21:09:29.419829" elapsed="0.071657"/>
</kw>
<kw name="Sleep" owner="BuiltIn">
<msg time="2026-02-20T21:09:30.492829" level="INFO">Slept 1 second.</msg>
<arg>${DELAY}</arg>
<doc>Pauses the test executed for the given time.</doc>
<status status="PASS" start="2026-02-20T21:09:29.491486" elapsed="1.001343"/>
</kw>
<kw name="Click Element" owner="SeleniumLibrary">
<msg time="2026-02-20T21:09:30.493853" level="INFO">Clicking element 'id=logout_sidebar_link'.</msg>
<arg>id=logout_sidebar_link</arg>
<doc>Click the element identified by ``locator``.</doc>
<status status="PASS" start="2026-02-20T21:09:30.492829" elapsed="0.077466"/>
</kw>
<kw name="Wait Until Element Is Visible" owner="SeleniumLibrary">
<arg>id=login-button</arg>
<doc>Waits until the element ``locator`` is visible.</doc>
<status status="PASS" start="2026-02-20T21:09:30.570295" elapsed="0.016028"/>
</kw>
<kw name="Sleep" owner="BuiltIn">
<msg time="2026-02-20T21:09:31.586927" level="INFO">Slept 1 second.</msg>
<arg>${DELAY}</arg>
<doc>Pauses the test executed for the given time.</doc>
<status status="PASS" start="2026-02-20T21:09:30.586323" elapsed="1.000604"/>
</kw>
<status status="PASS" start="2026-02-20T21:09:29.419829" elapsed="2.167098"/>
</kw>
<arg>${first_name}</arg>
<arg>${last_name}</arg>
<arg>${postal_code}</arg>
<status status="PASS" start="2026-02-20T21:09:13.230325" elapsed="18.356602"/>
</kw>
<status status="PASS" start="2026-02-20T21:09:13.230325" elapsed="18.356602"/>
</branch>
<branch type="EXCEPT">
<kw name="Capture Page Screenshot" owner="SeleniumLibrary">
<var>${path}</var>
<arg>checkout_fail_${index + 1}.png</arg>
<doc>Takes a screenshot of the current page and embeds it into a log file.</doc>
<status status="NOT RUN" start="2026-02-20T21:09:31.588040" elapsed="0.000000"/>
</kw>
<kw name="Log" owner="BuiltIn">
<arg>&lt;img src="${path}" width="600px"&gt;</arg>
<arg>html=True</arg>
<doc>Logs the given message with the given level.</doc>
<status status="NOT RUN" start="2026-02-20T21:09:31.588040" elapsed="0.000000"/>
</kw>
<status status="NOT RUN" start="2026-02-20T21:09:31.588040" elapsed="0.000000"/>
</branch>
<status status="PASS" start="2026-02-20T21:09:13.230325" elapsed="18.357715"/>
</try>
<kw name="Close Browser" owner="SeleniumLibrary">
<doc>Closes the current browser.</doc>
<status status="PASS" start="2026-02-20T21:09:31.589034" elapsed="2.830554"/>
</kw>
<kw name="Open Website" owner="ecommerce_keywords">
<if>
<branch type="IF" condition="'${BROWSER}' == 'Chrome'">
<kw name="Evaluate" owner="BuiltIn">
<var>${options}</var>
<arg>sys.modules['selenium.webdriver'].ChromeOptions()</arg>
<arg>sys, selenium.webdriver</arg>
<doc>Evaluates the given expression in Python and returns the result.</doc>
<status status="NOT RUN" start="2026-02-20T21:09:34.420593" elapsed="0.001002"/>
</kw>
<kw name="Evaluate" owner="BuiltIn">
<var>${temp_dir}</var>
<arg>__import__('tempfile').mkdtemp()</arg>
<doc>Evaluates the given expression in Python and returns the result.</doc>
<status status="NOT RUN" start="2026-02-20T21:09:34.421595" elapsed="0.000000"/>
</kw>
<kw name="Create Dictionary" owner="BuiltIn">
<var>${prefs}</var>
<arg>credentials_enable_service=False</arg>
<arg>profile.password_manager_enabled=False</arg>
<arg>profile.default_content_setting_values.notifications=2</arg>
<doc>Creates and returns a dictionary based on the given ``items``.</doc>
<status status="NOT RUN" start="2026-02-20T21:09:34.421595" elapsed="0.000000"/>
</kw>
<kw name="Call Method" owner="BuiltIn">
<arg>${options}</arg>
<arg>add_experimental_option</arg>
<arg>prefs</arg>
<arg>${prefs}</arg>
<doc>Calls the named method of the given object with the provided arguments.</doc>
<status status="NOT RUN" start="2026-02-20T21:09:34.421595" elapsed="0.000997"/>
</kw>
<kw name="Set Variable" owner="BuiltIn">
<var>${incognito}</var>
<arg>--incognito</arg>
<doc>Returns the given values which can then be assigned to a variables.</doc>
<status status="NOT RUN" start="2026-02-20T21:09:34.422592" elapsed="0.000000"/>
</kw>
<kw name="Set Variable" owner="BuiltIn">
<var>${disable_pw}</var>
<arg>--disable-features=PasswordLeakDetection</arg>
<doc>Returns the given values which can then be assigned to a variables.</doc>
<status status="NOT RUN" start="2026-02-20T21:09:34.422592" elapsed="0.000000"/>
</kw>
<kw name="Set Variable" owner="BuiltIn">
<var>${disable_notify}</var>
<arg>--disable-notifications</arg>
<doc>Returns the given values which can then be assigned to a variables.</doc>
<status status="NOT RUN" start="2026-02-20T21:09:34.422592" elapsed="0.000000"/>
</kw>
<kw name="Set Variable" owner="BuiltIn">
<var>${no_first}</var>
<arg>--no-first-run</arg>
<doc>Returns the given values which can then be assigned to a variables.</doc>
<status status="NOT RUN" start="2026-02-20T21:09:34.423604" elapsed="0.000000"/>
</kw>
<kw name="Set Variable" owner="BuiltIn">
<var>${no_default}</var>
<arg>--no-default-browser-check</arg>
<doc>Returns the given values which can then be assigned to a variables.</doc>
<status status="NOT RUN" start="2026-02-20T21:09:34.423604" elapsed="0.000000"/>
</kw>
<kw name="Set Variable" owner="BuiltIn">
<var>${maximize}</var>
<arg>--start-maximized</arg>
<doc>Returns the given values which can then be assigned to a variables.</doc>
<status status="NOT RUN" start="2026-02-20T21:09:34.423604" elapsed="0.000000"/>
</kw>
<kw name="Set Variable" owner="BuiltIn">
<var>${profile}</var>
<arg>--user-data-dir=${temp_dir}</arg>
<doc>Returns the given values which can then be assigned to a variables.</doc>
<status status="NOT RUN" start="2026-02-20T21:09:34.423604" elapsed="0.000000"/>
</kw>
<kw name="Call Method" owner="BuiltIn">
<arg>${options}</arg>
<arg>add_argument</arg>
<arg>${incognito}</arg>
<doc>Calls the named method of the given object with the provided arguments.</doc>
<status status="NOT RUN" start="2026-02-20T21:09:34.424594" elapsed="0.000000"/>
</kw>
<kw name="Call Method" owner="BuiltIn">
<arg>${options}</arg>
<arg>add_argument</arg>
<arg>${disable_pw}</arg>
<doc>Calls the named method of the given object with the provided arguments.</doc>
<status status="NOT RUN" start="2026-02-20T21:09:34.424594" elapsed="0.000000"/>
</kw>
<kw name="Call Method" owner="BuiltIn">
<arg>${options}</arg>
<arg>add_argument</arg>
<arg>${disable_notify}</arg>
<doc>Calls the named method of the given object with the provided arguments.</doc>
<status status="NOT RUN" start="2026-02-20T21:09:34.424594" elapsed="0.000000"/>
</kw>
<kw name="Call Method" owner="BuiltIn">
<arg>${options}</arg>
<arg>add_argument</arg>
<arg>${no_first}</arg>
<doc>Calls the named method of the given object with the provided arguments.</doc>
<status status="NOT RUN" start="2026-02-20T21:09:34.424594" elapsed="0.000000"/>
</kw>
<kw name="Call Method" owner="BuiltIn">
<arg>${options}</arg>
<arg>add_argument</arg>
<arg>${no_default}</arg>
<doc>Calls the named method of the given object with the provided arguments.</doc>
<status status="NOT RUN" start="2026-02-20T21:09:34.424594" elapsed="0.000000"/>
</kw>
<kw name="Call Method" owner="BuiltIn">
<arg>${options}</arg>
<arg>add_argument</arg>
<arg>${maximize}</arg>
<doc>Calls the named method of the given object with the provided arguments.</doc>
<status status="NOT RUN" start="2026-02-20T21:09:34.424594" elapsed="0.000000"/>
</kw>
<kw name="Call Method" owner="BuiltIn">
<arg>${options}</arg>
<arg>add_argument</arg>
<arg>${profile}</arg>
<doc>Calls the named method of the given object with the provided arguments.</doc>
<status status="NOT RUN" start="2026-02-20T21:09:34.425588" elapsed="0.000000"/>
</kw>
<kw name="Create Webdriver" owner="SeleniumLibrary">
<arg>Chrome</arg>
<arg>options=${options}</arg>
<doc>Creates an instance of Selenium WebDriver.</doc>
<status status="NOT RUN" start="2026-02-20T21:09:34.425588" elapsed="0.000000"/>
</kw>
<kw name="Go To" owner="SeleniumLibrary">
<arg>${URL}</arg>
<doc>Navigates the current browser window to the provided ``url``.</doc>
<status status="NOT RUN" start="2026-02-20T21:09:34.425588" elapsed="0.000000"/>
</kw>
<status status="NOT RUN" start="2026-02-20T21:09:34.420593" elapsed="0.004995"/>
</branch>
<branch type="ELSE IF" condition="'${BROWSER}' == 'Edge'">
<kw name="Open Browser" owner="SeleniumLibrary">
<arg>${URL}</arg>
<arg>Edge</arg>
<doc>Opens a new browser instance to the optional ``url``.</doc>
<status status="NOT RUN" start="2026-02-20T21:09:34.425588" elapsed="0.000000"/>
</kw>
<kw name="Maximize Browser Window" owner="SeleniumLibrary">
<doc>Maximizes current browser window.</doc>
<status status="NOT RUN" start="2026-02-20T21:09:34.425588" elapsed="0.000000"/>
</kw>
<status status="NOT RUN" start="2026-02-20T21:09:34.425588" elapsed="0.000000"/>
</branch>
<branch type="ELSE IF" condition="'${BROWSER}' == 'Firefox'">
<kw name="Evaluate" owner="BuiltIn">
<msg time="2026-02-20T21:09:34.425588" level="INFO">${ff_options} = &lt;selenium.webdriver.firefox.options.Options object at 0x000001AAEAC3BC50&gt;</msg>
<var>${ff_options}</var>
<arg>sys.modules['selenium.webdriver'].FirefoxOptions()</arg>
<arg>sys, selenium.webdriver</arg>
<doc>Evaluates the given expression in Python and returns the result.</doc>
<status status="PASS" start="2026-02-20T21:09:34.425588" elapsed="0.001001"/>
</kw>
<kw name="Call Method" owner="BuiltIn">
<arg>${ff_options}</arg>
<arg>add_argument</arg>
<arg>-private</arg>
<doc>Calls the named method of the given object with the provided arguments.</doc>
<status status="PASS" start="2026-02-20T21:09:34.426589" elapsed="0.000000"/>
</kw>
<kw name="Create Webdriver" owner="SeleniumLibrary">
<msg time="2026-02-20T21:09:34.426589" level="INFO">Creating an instance of the Firefox WebDriver.</msg>
<arg>Firefox</arg>
<arg>options=${ff_options}</arg>
<doc>Creates an instance of Selenium WebDriver.</doc>
<status status="PASS" start="2026-02-20T21:09:34.426589" elapsed="5.802628"/>
</kw>
<kw name="Go To" owner="SeleniumLibrary">
<msg time="2026-02-20T21:09:40.229217" level="INFO">Opening url 'https://www.saucedemo.com/'</msg>
<arg>${URL}</arg>
<doc>Navigates the current browser window to the provided ``url``.</doc>
<status status="PASS" start="2026-02-20T21:09:40.229217" elapsed="0.414110"/>
</kw>
<status status="PASS" start="2026-02-20T21:09:34.425588" elapsed="6.217739"/>
</branch>
<status status="PASS" start="2026-02-20T21:09:34.420593" elapsed="6.222734"/>
</if>
<kw name="Wait Until Element Is Visible" owner="SeleniumLibrary">
<arg>id=user-name</arg>
<arg>timeout=10s</arg>
<doc>Waits until the element ``locator`` is visible.</doc>
<status status="PASS" start="2026-02-20T21:09:40.644336" elapsed="0.023002"/>
</kw>
<kw name="Sleep" owner="BuiltIn">
<msg time="2026-02-20T21:09:41.668958" level="INFO">Slept 1 second.</msg>
<arg>${DELAY}</arg>
<doc>Pauses the test executed for the given time.</doc>
<status status="PASS" start="2026-02-20T21:09:40.667338" elapsed="1.001620"/>
</kw>
<status status="PASS" start="2026-02-20T21:09:34.420593" elapsed="7.248365"/>
</kw>
<var name="${index}">9</var>
<var name="${row}">Group5,Project,12345</var>
<status status="PASS" start="2026-02-20T21:09:13.228228" elapsed="28.440730"/>
</iter>
<var>${index}</var>
<var>${row}</var>
<value>@{data}</value>
<status status="PASS" start="2026-02-20T21:04:57.688199" elapsed="283.980759"/>
</for>
<kw name="Register Keyword To Run On Failure" owner="SeleniumLibrary">
<msg time="2026-02-20T21:09:41.670991" level="INFO">Capture Page Screenshot will be run on failure.</msg>
<arg>Capture Page Screenshot</arg>
<doc>Sets the keyword to execute, when a SeleniumLibrary keyword fails.</doc>
<status status="PASS" start="2026-02-20T21:09:41.669990" elapsed="0.001001"/>
</kw>
<status status="PASS" start="2026-02-20T21:04:57.677154" elapsed="283.993837"/>
</test>
<kw name="Close Website" owner="ecommerce_keywords" type="TEARDOWN">
<kw name="Sleep" owner="BuiltIn">
<msg time="2026-02-20T21:09:42.675094" level="INFO">Slept 1 second.</msg>
<arg>${DELAY}</arg>
<doc>Pauses the test executed for the given time.</doc>
<status status="PASS" start="2026-02-20T21:09:41.672975" elapsed="1.002119"/>
</kw>
<kw name="Close Browser" owner="SeleniumLibrary">
<doc>Closes the current browser.</doc>
<status status="PASS" start="2026-02-20T21:09:42.675094" elapsed="2.837291"/>
</kw>
<status status="PASS" start="2026-02-20T21:09:41.671982" elapsed="3.841382"/>
</kw>
<status status="PASS" start="2026-02-20T21:04:50.368126" elapsed="295.145238"/>
</suite>
<status status="FAIL" start="2026-02-20T21:02:47.788138" elapsed="417.727519"/>
</suite>
<statistics>
<total>
<stat pass="7" fail="1" skip="0">All Tests</stat>
</total>
<tag>
</tag>
<suite>
<stat name="Tests" id="s1" pass="7" fail="1" skip="0">Tests</stat>
<stat name="00 Invalid Login" id="s1-s1" pass="1" fail="0" skip="0">Tests.00 Invalid Login</stat>
<stat name="01 Login" id="s1-s2" pass="1" fail="0" skip="0">Tests.01 Login</stat>
<stat name="02 Product" id="s1-s3" pass="1" fail="0" skip="0">Tests.02 Product</stat>
<stat name="03 Add To Cart" id="s1-s4" pass="1" fail="0" skip="0">Tests.03 Add To Cart</stat>
<stat name="04 Update Cart" id="s1-s5" pass="1" fail="0" skip="0">Tests.04 Update Cart</stat>
<stat name="05 Logout" id="s1-s6" pass="1" fail="0" skip="0">Tests.05 Logout</stat>
<stat name="06 Remove From Empty Cart" id="s1-s7" pass="0" fail="1" skip="0">Tests.06 Remove From Empty Cart</stat>
<stat name="07 Checkout" id="s1-s8" pass="1" fail="0" skip="0">Tests.07 Checkout</stat>
</suite>
</statistics>
<errors>
<msg time="2026-02-20T21:04:34.974204" level="WARN">Error in file 'D:\PythonProject\Prashant Kumar Jha\Project\Ecommerce\robot-framework\keywords\ecommerce_keywords.robot' on line 2: Suite 'Tests.06 Remove From Empty Cart' has already imported library 'SeleniumLibrary' with different arguments. This import is ignored.</msg>
</errors>
</robot>
