<?xml version="1.0" encoding="UTF-8"?>
<robot generator="Robot 7.4.1 (Python 3.11.5 on win32)" generated="2026-02-23T17:50:35.064113" rpa="false" schemaversion="5">
<suite id="s1" name="Tests" source="D:\PythonProject\Prashant Kumar Jha\Capstone Projects\Ecommerce\robot-framework\tests">
<suite id="s1-s1" name="00 Invalid Login" source="D:\PythonProject\Prashant Kumar Jha\Capstone Projects\Ecommerce\robot-framework\tests\00_invalid_login.robot">
<kw name="Open Website" owner="ecommerce_keywords" type="SETUP">
<if>
<branch type="IF" condition="'${BROWSER}' == 'Chrome'">
<kw name="Evaluate" owner="BuiltIn">
<var>${options}</var>
<arg>sys.modules['selenium.webdriver'].ChromeOptions()</arg>
<arg>sys, selenium.webdriver</arg>
<doc>Evaluates the given expression in Python and returns the result.</doc>
<status status="NOT RUN" start="2026-02-23T17:50:35.285621" elapsed="0.000000"/>
</kw>
<kw name="Evaluate" owner="BuiltIn">
<var>${temp_dir}</var>
<arg>__import__('tempfile').mkdtemp()</arg>
<doc>Evaluates the given expression in Python and returns the result.</doc>
<status status="NOT RUN" start="2026-02-23T17:50:35.286628" elapsed="0.000000"/>
</kw>
<kw name="Create Dictionary" owner="BuiltIn">
<var>${prefs}</var>
<arg>credentials_enable_service=False</arg>
<arg>profile.password_manager_enabled=False</arg>
<arg>profile.default_content_setting_values.notifications=2</arg>
<doc>Creates and returns a dictionary based on the given ``items``.</doc>
<status status="NOT RUN" start="2026-02-23T17:50:35.286628" elapsed="0.000000"/>
</kw>
<kw name="Call Method" owner="BuiltIn">
<arg>${options}</arg>
<arg>add_experimental_option</arg>
<arg>prefs</arg>
<arg>${prefs}</arg>
<doc>Calls the named method of the given object with the provided arguments.</doc>
<status status="NOT RUN" start="2026-02-23T17:50:35.286628" elapsed="0.000000"/>
</kw>
<kw name="Set Variable" owner="BuiltIn">
<var>${incognito}</var>
<arg>--incognito</arg>
<doc>Returns the given values which can then be assigned to a variables.</doc>
<status status="NOT RUN" start="2026-02-23T17:50:35.286628" elapsed="0.000000"/>
</kw>
<kw name="Set Variable" owner="BuiltIn">
<var>${disable_pw}</var>
<arg>--disable-features=PasswordLeakDetection</arg>
<doc>Returns the given values which can then be assigned to a variables.</doc>
<status status="NOT RUN" start="2026-02-23T17:50:35.286628" elapsed="0.000000"/>
</kw>
<kw name="Set Variable" owner="BuiltIn">
<var>${disable_notify}</var>
<arg>--disable-notifications</arg>
<doc>Returns the given values which can then be assigned to a variables.</doc>
<status status="NOT RUN" start="2026-02-23T17:50:35.286628" elapsed="0.000000"/>
</kw>
<kw name="Set Variable" owner="BuiltIn">
<var>${no_first}</var>
<arg>--no-first-run</arg>
<doc>Returns the given values which can then be assigned to a variables.</doc>
<status status="NOT RUN" start="2026-02-23T17:50:35.286628" elapsed="0.000000"/>
</kw>
<kw name="Set Variable" owner="BuiltIn">
<var>${no_default}</var>
<arg>--no-default-browser-check</arg>
<doc>Returns the given values which can then be assigned to a variables.</doc>
<status status="NOT RUN" start="2026-02-23T17:50:35.287588" elapsed="0.000000"/>
</kw>
<kw name="Set Variable" owner="BuiltIn">
<var>${maximize}</var>
<arg>--start-maximized</arg>
<doc>Returns the given values which can then be assigned to a variables.</doc>
<status status="NOT RUN" start="2026-02-23T17:50:35.287588" elapsed="0.000000"/>
</kw>
<kw name="Set Variable" owner="BuiltIn">
<var>${profile}</var>
<arg>--user-data-dir=${temp_dir}</arg>
<doc>Returns the given values which can then be assigned to a variables.</doc>
<status status="NOT RUN" start="2026-02-23T17:50:35.287588" elapsed="0.000000"/>
</kw>
<kw name="Call Method" owner="BuiltIn">
<arg>${options}</arg>
<arg>add_argument</arg>
<arg>${incognito}</arg>
<doc>Calls the named method of the given object with the provided arguments.</doc>
<status status="NOT RUN" start="2026-02-23T17:50:35.287588" elapsed="0.000000"/>
</kw>
<kw name="Call Method" owner="BuiltIn">
<arg>${options}</arg>
<arg>add_argument</arg>
<arg>${disable_pw}</arg>
<doc>Calls the named method of the given object with the provided arguments.</doc>
<status status="NOT RUN" start="2026-02-23T17:50:35.287588" elapsed="0.000000"/>
</kw>
<kw name="Call Method" owner="BuiltIn">
<arg>${options}</arg>
<arg>add_argument</arg>
<arg>${disable_notify}</arg>
<doc>Calls the named method of the given object with the provided arguments.</doc>
<status status="NOT RUN" start="2026-02-23T17:50:35.287588" elapsed="0.000000"/>
</kw>
<kw name="Call Method" owner="BuiltIn">
<arg>${options}</arg>
<arg>add_argument</arg>
<arg>${no_first}</arg>
<doc>Calls the named method of the given object with the provided arguments.</doc>
<status status="NOT RUN" start="2026-02-23T17:50:35.287588" elapsed="0.000000"/>
</kw>
<kw name="Call Method" owner="BuiltIn">
<arg>${options}</arg>
<arg>add_argument</arg>
<arg>${no_default}</arg>
<doc>Calls the named method of the given object with the provided arguments.</doc>
<status status="NOT RUN" start="2026-02-23T17:50:35.287588" elapsed="0.000000"/>
</kw>
<kw name="Call Method" owner="BuiltIn">
<arg>${options}</arg>
<arg>add_argument</arg>
<arg>${maximize}</arg>
<doc>Calls the named method of the given object with the provided arguments.</doc>
<status status="NOT RUN" start="2026-02-23T17:50:35.287588" elapsed="0.000935"/>
</kw>
<kw name="Call Method" owner="BuiltIn">
<arg>${options}</arg>
<arg>add_argument</arg>
<arg>${profile}</arg>
<doc>Calls the named method of the given object with the provided arguments.</doc>
<status status="NOT RUN" start="2026-02-23T17:50:35.288523" elapsed="0.000000"/>
</kw>
<kw name="Create Webdriver" owner="SeleniumLibrary">
<arg>Chrome</arg>
<arg>options=${options}</arg>
<doc>Creates an instance of Selenium WebDriver.</doc>
<status status="NOT RUN" start="2026-02-23T17:50:35.288523" elapsed="0.000000"/>
</kw>
<kw name="Go To" owner="SeleniumLibrary">
<arg>${URL}</arg>
<doc>Navigates the current browser window to the provided ``url``.</doc>
<status status="NOT RUN" start="2026-02-23T17:50:35.288523" elapsed="0.000000"/>
</kw>
<status status="NOT RUN" start="2026-02-23T17:50:35.285621" elapsed="0.002902"/>
</branch>
<branch type="ELSE IF" condition="'${BROWSER}' == 'Edge'">
<kw name="Open Browser" owner="SeleniumLibrary">
<arg>${URL}</arg>
<arg>Edge</arg>
<doc>Opens a new browser instance to the optional ``url``.</doc>
<status status="NOT RUN" start="2026-02-23T17:50:35.288523" elapsed="0.000000"/>
</kw>
<kw name="Maximize Browser Window" owner="SeleniumLibrary">
<doc>Maximizes current browser window.</doc>
<status status="NOT RUN" start="2026-02-23T17:50:35.288523" elapsed="0.000000"/>
</kw>
<status status="NOT RUN" start="2026-02-23T17:50:35.288523" elapsed="0.000000"/>
</branch>
<branch type="ELSE IF" condition="'${BROWSER}' == 'Firefox'">
<kw name="Evaluate" owner="BuiltIn">
<msg time="2026-02-23T17:50:35.289613" level="INFO">${ff_options} = &lt;selenium.webdriver.firefox.options.Options object at 0x000002636D08A710&gt;</msg>
<var>${ff_options}</var>
<arg>sys.modules['selenium.webdriver'].FirefoxOptions()</arg>
<arg>sys, selenium.webdriver</arg>
<doc>Evaluates the given expression in Python and returns the result.</doc>
<status status="PASS" start="2026-02-23T17:50:35.288523" elapsed="0.001090"/>
</kw>
<kw name="Call Method" owner="BuiltIn">
<arg>${ff_options}</arg>
<arg>add_argument</arg>
<arg>-private</arg>
<doc>Calls the named method of the given object with the provided arguments.</doc>
<status status="PASS" start="2026-02-23T17:50:35.289613" elapsed="0.000000"/>
</kw>
<kw name="Create Webdriver" owner="SeleniumLibrary">
<msg time="2026-02-23T17:50:35.289613" level="INFO">Creating an instance of the Firefox WebDriver.</msg>
<arg>Firefox</arg>
<arg>options=${ff_options}</arg>
<doc>Creates an instance of Selenium WebDriver.</doc>
<status status="PASS" start="2026-02-23T17:50:35.289613" elapsed="6.092637"/>
</kw>
<kw name="Go To" owner="SeleniumLibrary">
<msg time="2026-02-23T17:50:41.383260" level="INFO">Opening url 'https://www.saucedemo.com/'</msg>
<arg>${URL}</arg>
<doc>Navigates the current browser window to the provided ``url``.</doc>
<status status="PASS" start="2026-02-23T17:50:41.382250" elapsed="1.040398"/>
</kw>
<status status="PASS" start="2026-02-23T17:50:35.288523" elapsed="7.134125"/>
</branch>
<status status="PASS" start="2026-02-23T17:50:35.285621" elapsed="7.137027"/>
</if>
<kw name="Wait Until Element Is Visible" owner="SeleniumLibrary">
<arg>id=user-name</arg>
<arg>timeout=10s</arg>
<doc>Waits until the element ``locator`` is visible.</doc>
<status status="PASS" start="2026-02-23T17:50:42.423654" elapsed="0.030502"/>
</kw>
<kw name="Sleep" owner="BuiltIn">
<msg time="2026-02-23T17:50:43.454729" level="INFO">Slept 1 second.</msg>
<arg>${DELAY}</arg>
<doc>Pauses the test executed for the given time.</doc>
<status status="PASS" start="2026-02-23T17:50:42.454156" elapsed="1.000573"/>
</kw>
<status status="PASS" start="2026-02-23T17:50:35.284521" elapsed="8.170208"/>
</kw>
<test id="s1-s1-t1" name="Invalid Login From CSV" line="10">
<kw name="Get File" owner="OperatingSystem">
<msg time="2026-02-23T17:50:43.456345" level="INFO" html="true">Getting file '&lt;a href="file://D:\PythonProject\Prashant Kumar Jha\Capstone Projects\Ecommerce\robot-framework\data\invalid_login_data.csv"&gt;D:\PythonProject\Prashant Kumar Jha\Capstone Projects\Ecommerce\robot-framework\data\invalid_login_data.csv&lt;/a&gt;'.</msg>
<msg time="2026-02-23T17:50:43.457353" level="INFO">${file} = username,password
invalid_user,wrong_password
locked_out_user,
,wrong_password
</msg>
<var>${file}</var>
<arg>D:\\PythonProject\\Prashant Kumar Jha\\Capstone Projects\\Ecommerce\\robot-framework\\tests/../data/invalid_login_data.csv</arg>
<doc>Returns the contents of a specified file.</doc>
<status status="PASS" start="2026-02-23T17:50:43.456345" elapsed="0.001008"/>
</kw>
<kw name="Split To Lines" owner="String">
<msg time="2026-02-23T17:50:43.457353" level="INFO">4 lines returned.</msg>
<msg time="2026-02-23T17:50:43.458359" level="INFO">${lines} = ['username,password', 'invalid_user,wrong_password', 'locked_out_user,', ',wrong_password']</msg>
<var>${lines}</var>
<arg>${file}</arg>
<doc>Splits the given string to lines.</doc>
<status status="PASS" start="2026-02-23T17:50:43.457353" elapsed="0.001006"/>
</kw>
<kw name="Get Slice From List" owner="Collections">
<msg time="2026-02-23T17:50:43.460353" level="INFO">${data} = ['invalid_user,wrong_password', 'locked_out_user,', ',wrong_password']</msg>
<var>${data}</var>
<arg>${lines}</arg>
<arg>1</arg>
<doc>Returns a slice of the given list between ``start`` and ``end`` indexes.</doc>
<status status="PASS" start="2026-02-23T17:50:43.459356" elapsed="0.000997"/>
</kw>
<for flavor="IN ENUMERATE">
<iter>
<kw name="Log" owner="BuiltIn">
<msg time="2026-02-23T17:50:43.463975" level="INFO">
===== Executing Invalid Login Dataset 1 =====</msg>
<arg>\n===== Executing Invalid Login Dataset ${index + 1} =====</arg>
<doc>Logs the given message with the given level.</doc>
<status status="PASS" start="2026-02-23T17:50:43.461866" elapsed="0.003311"/>
</kw>
<kw name="Split String" owner="String">
<msg time="2026-02-23T17:50:43.466276" level="INFO">${columns} = ['invalid_user', 'wrong_password']</msg>
<var>${columns}</var>
<arg>${row}</arg>
<arg>,</arg>
<doc>Splits the ``string`` using ``separator`` as a delimiter string.</doc>
<status status="PASS" start="2026-02-23T17:50:43.465177" elapsed="0.001099"/>
</kw>
<kw name="Get From List" owner="Collections">
<msg time="2026-02-23T17:50:43.467217" level="INFO">${username} = invalid_user</msg>
<var>${username}</var>
<arg>${columns}</arg>
<arg>0</arg>
<doc>Returns the value specified with an ``index`` from ``list``.</doc>
<status status="PASS" start="2026-02-23T17:50:43.467217" elapsed="0.000000"/>
</kw>
<kw name="Get From List" owner="Collections">
<msg time="2026-02-23T17:50:43.469265" level="INFO">${password} = wrong_password</msg>
<var>${password}</var>
<arg>${columns}</arg>
<arg>1</arg>
<doc>Returns the value specified with an ``index`` from ``list``.</doc>
<status status="PASS" start="2026-02-23T17:50:43.468277" elapsed="0.000988"/>
</kw>
<kw name="Input Text" owner="SeleniumLibrary">
<msg time="2026-02-23T17:50:43.470199" level="INFO">Typing text 'invalid_user' into text field 'id=user-name'.</msg>
<arg>id=user-name</arg>
<arg>${username}</arg>
<doc>Types the given ``text`` into the text field identified by ``locator``.</doc>
<status status="PASS" start="2026-02-23T17:50:43.469265" elapsed="0.045371"/>
</kw>
<kw name="Input Text" owner="SeleniumLibrary">
<msg time="2026-02-23T17:50:43.515635" level="INFO">Typing text 'wrong_password' into text field 'id=password'.</msg>
<arg>id=password</arg>
<arg>${password}</arg>
<doc>Types the given ``text`` into the text field identified by ``locator``.</doc>
<status status="PASS" start="2026-02-23T17:50:43.514636" elapsed="0.024425"/>
</kw>
<kw name="Click Button" owner="SeleniumLibrary">
<msg time="2026-02-23T17:50:43.539061" level="INFO">Clicking button 'id=login-button'.</msg>
<arg>id=login-button</arg>
<doc>Clicks the button identified by ``locator``.</doc>
<status status="PASS" start="2026-02-23T17:50:43.539061" elapsed="0.073585"/>
</kw>
<kw name="Wait Until Page Contains Element" owner="SeleniumLibrary">
<arg>css=h3[data-test="error"]</arg>
<arg>timeout=5s</arg>
<doc>Waits until the element ``locator`` appears on the current page.</doc>
<status status="PASS" start="2026-02-23T17:50:43.613609" elapsed="0.003322"/>
</kw>
<kw name="Run Keyword And Return Status" owner="BuiltIn">
<kw name="Page Should Contain" owner="SeleniumLibrary">
<msg time="2026-02-23T17:50:43.631735" level="FAIL">Page should have contained text 'Password is required' but did not.</msg>
<arg>Password is required</arg>
<doc>Verifies that current page contains ``text``.</doc>
<status status="FAIL" start="2026-02-23T17:50:43.617936" elapsed="0.017154">Page should have contained text 'Password is required' but did not.</status>
</kw>
<msg time="2026-02-23T17:50:43.635090" level="INFO">${pass_missing} = False</msg>
<var>${pass_missing}</var>
<arg>Page Should Contain</arg>
<arg>Password is required</arg>
<doc>Runs the specified keyword and returns the status as a Boolean value.</doc>
<status status="PASS" start="2026-02-23T17:50:43.616931" elapsed="0.018159"/>
</kw>
<kw name="Run Keyword And Return Status" owner="BuiltIn">
<kw name="Page Should Contain" owner="SeleniumLibrary">
<msg time="2026-02-23T17:50:43.647153" level="FAIL">Page should have contained text 'Username is required' but did not.</msg>
<arg>Username is required</arg>
<doc>Verifies that current page contains ``text``.</doc>
<status status="FAIL" start="2026-02-23T17:50:43.635090" elapsed="0.012971">Page should have contained text 'Username is required' but did not.</status>
</kw>
<msg time="2026-02-23T17:50:43.648061" level="INFO">${user_missing} = False</msg>
<var>${user_missing}</var>
<arg>Page Should Contain</arg>
<arg>Username is required</arg>
<doc>Runs the specified keyword and returns the status as a Boolean value.</doc>
<status status="PASS" start="2026-02-23T17:50:43.635090" elapsed="0.012971"/>
</kw>
<kw name="Run Keyword And Return Status" owner="BuiltIn">
<kw name="Page Should Contain" owner="SeleniumLibrary">
<msg time="2026-02-23T17:50:43.655665" level="INFO">Current page contains text 'Username and password do not match'.</msg>
<arg>Username and password do not match</arg>
<doc>Verifies that current page contains ``text``.</doc>
<status status="PASS" start="2026-02-23T17:50:43.648061" elapsed="0.008611"/>
</kw>
<msg time="2026-02-23T17:50:43.656672" level="INFO">${invalid_match} = True</msg>
<var>${invalid_match}</var>
<arg>Page Should Contain</arg>
<arg>Username and password do not match</arg>
<doc>Runs the specified keyword and returns the status as a Boolean value.</doc>
<status status="PASS" start="2026-02-23T17:50:43.648061" elapsed="0.008611"/>
</kw>
<if>
<branch type="IF" condition="${pass_missing} or ${user_missing} or ${invalid_match}">
<kw name="Capture Page Screenshot" owner="SeleniumLibrary">
<msg time="2026-02-23T17:50:43.687811" level="INFO" html="true">&lt;/td&gt;&lt;/tr&gt;&lt;tr&gt;&lt;td colspan="3"&gt;&lt;a href="invalid_login_1.png"&gt;&lt;img src="invalid_login_1.png" width="800px"&gt;&lt;/a&gt;</msg>
<msg time="2026-02-23T17:50:43.688812" level="INFO">${path} = D:\PythonProject\Prashant Kumar Jha\Capstone Projects\Ecommerce\robot-framework\reports\Firefox\Firefox_2026-02-23_Run1\invalid_login_1.png</msg>
<var>${path}</var>
<arg>invalid_login_${index + 1}.png</arg>
<doc>Takes a screenshot of the current page and embeds it into a log file.</doc>
<status status="PASS" start="2026-02-23T17:50:43.656672" elapsed="0.032140"/>
</kw>
<kw name="Log" owner="BuiltIn">
<msg time="2026-02-23T17:50:43.689823" level="INFO" html="true">&lt;img src="D:\PythonProject\Prashant Kumar Jha\Capstone Projects\Ecommerce\robot-framework\reports\Firefox\Firefox_2026-02-23_Run1\invalid_login_1.png" width="600px"&gt;</msg>
<arg>&lt;img src="${path}" width="600px"&gt;</arg>
<arg>html=True</arg>
<doc>Logs the given message with the given level.</doc>
<status status="PASS" start="2026-02-23T17:50:43.688812" elapsed="0.001011"/>
</kw>
<kw name="Log" owner="BuiltIn">
<msg time="2026-02-23T17:50:43.690818" level="INFO">✅ Expected validation message displayed</msg>
<arg>✅ Expected validation message displayed</arg>
<doc>Logs the given message with the given level.</doc>
<status status="PASS" start="2026-02-23T17:50:43.689823" elapsed="0.000995"/>
</kw>
<status status="PASS" start="2026-02-23T17:50:43.656672" elapsed="0.034146"/>
</branch>
<branch type="ELSE">
<kw name="Fail" owner="BuiltIn">
<arg>Unexpected error message for dataset ${index + 1}</arg>
<doc>Fails the test with the given message and optionally alters its tags.</doc>
<status status="NOT RUN" start="2026-02-23T17:50:43.691777" elapsed="0.000000"/>
</kw>
<status status="NOT RUN" start="2026-02-23T17:50:43.690818" elapsed="0.000959"/>
</branch>
<status status="PASS" start="2026-02-23T17:50:43.656672" elapsed="0.035105"/>
</if>
<kw name="Go To" owner="SeleniumLibrary">
<msg time="2026-02-23T17:50:43.691777" level="INFO">Opening url 'https://www.saucedemo.com/'</msg>
<arg>${URL}</arg>
<doc>Navigates the current browser window to the provided ``url``.</doc>
<status status="PASS" start="2026-02-23T17:50:43.691777" elapsed="0.105776"/>
</kw>
<var name="${index}">0</var>
<var name="${row}">invalid_user,wrong_password</var>
<status status="PASS" start="2026-02-23T17:50:43.461866" elapsed="0.335687"/>
</iter>
<iter>
<kw name="Log" owner="BuiltIn">
<msg time="2026-02-23T17:50:43.798550" level="INFO">
===== Executing Invalid Login Dataset 2 =====</msg>
<arg>\n===== Executing Invalid Login Dataset ${index + 1} =====</arg>
<doc>Logs the given message with the given level.</doc>
<status status="PASS" start="2026-02-23T17:50:43.798550" elapsed="0.000000"/>
</kw>
<kw name="Split String" owner="String">
<msg time="2026-02-23T17:50:43.799651" level="INFO">${columns} = ['locked_out_user', '']</msg>
<var>${columns}</var>
<arg>${row}</arg>
<arg>,</arg>
<doc>Splits the ``string`` using ``separator`` as a delimiter string.</doc>
<status status="PASS" start="2026-02-23T17:50:43.799651" elapsed="0.000904"/>
</kw>
<kw name="Get From List" owner="Collections">
<msg time="2026-02-23T17:50:43.801567" level="INFO">${username} = locked_out_user</msg>
<var>${username}</var>
<arg>${columns}</arg>
<arg>0</arg>
<doc>Returns the value specified with an ``index`` from ``list``.</doc>
<status status="PASS" start="2026-02-23T17:50:43.800555" elapsed="0.001012"/>
</kw>
<kw name="Get From List" owner="Collections">
<msg time="2026-02-23T17:50:43.801567" level="INFO">${password} = </msg>
<var>${password}</var>
<arg>${columns}</arg>
<arg>1</arg>
<doc>Returns the value specified with an ``index`` from ``list``.</doc>
<status status="PASS" start="2026-02-23T17:50:43.801567" elapsed="0.000000"/>
</kw>
<kw name="Input Text" owner="SeleniumLibrary">
<msg time="2026-02-23T17:50:43.802563" level="INFO">Typing text 'locked_out_user' into text field 'id=user-name'.</msg>
<arg>id=user-name</arg>
<arg>${username}</arg>
<doc>Types the given ``text`` into the text field identified by ``locator``.</doc>
<status status="PASS" start="2026-02-23T17:50:43.801567" elapsed="0.033929"/>
</kw>
<kw name="Input Text" owner="SeleniumLibrary">
<msg time="2026-02-23T17:50:43.836495" level="INFO">Typing text '' into text field 'id=password'.</msg>
<arg>id=password</arg>
<arg>${password}</arg>
<doc>Types the given ``text`` into the text field identified by ``locator``.</doc>
<status status="PASS" start="2026-02-23T17:50:43.835496" elapsed="0.018105"/>
</kw>
<kw name="Click Button" owner="SeleniumLibrary">
<msg time="2026-02-23T17:50:43.854608" level="INFO">Clicking button 'id=login-button'.</msg>
<arg>id=login-button</arg>
<doc>Clicks the button identified by ``locator``.</doc>
<status status="PASS" start="2026-02-23T17:50:43.853601" elapsed="0.074725"/>
</kw>
<kw name="Wait Until Page Contains Element" owner="SeleniumLibrary">
<arg>css=h3[data-test="error"]</arg>
<arg>timeout=5s</arg>
<doc>Waits until the element ``locator`` appears on the current page.</doc>
<status status="PASS" start="2026-02-23T17:50:43.929324" elapsed="0.006647"/>
</kw>
<kw name="Run Keyword And Return Status" owner="BuiltIn">
<kw name="Page Should Contain" owner="SeleniumLibrary">
<msg time="2026-02-23T17:50:43.948174" level="INFO">Current page contains text 'Password is required'.</msg>
<arg>Password is required</arg>
<doc>Verifies that current page contains ``text``.</doc>
<status status="PASS" start="2026-02-23T17:50:43.936972" elapsed="0.011202"/>
</kw>
<msg time="2026-02-23T17:50:43.949170" level="INFO">${pass_missing} = True</msg>
<var>${pass_missing}</var>
<arg>Page Should Contain</arg>
<arg>Password is required</arg>
<doc>Runs the specified keyword and returns the status as a Boolean value.</doc>
<status status="PASS" start="2026-02-23T17:50:43.935971" elapsed="0.013199"/>
</kw>
<kw name="Run Keyword And Return Status" owner="BuiltIn">
<kw name="Page Should Contain" owner="SeleniumLibrary">
<msg time="2026-02-23T17:50:43.970871" level="FAIL">Page should have contained text 'Username is required' but did not.</msg>
<arg>Username is required</arg>
<doc>Verifies that current page contains ``text``.</doc>
<status status="FAIL" start="2026-02-23T17:50:43.950168" elapsed="0.021703">Page should have contained text 'Username is required' but did not.</status>
</kw>
<msg time="2026-02-23T17:50:43.971871" level="INFO">${user_missing} = False</msg>
<var>${user_missing}</var>
<arg>Page Should Contain</arg>
<arg>Username is required</arg>
<doc>Runs the specified keyword and returns the status as a Boolean value.</doc>
<status status="PASS" start="2026-02-23T17:50:43.949170" elapsed="0.022701"/>
</kw>
<kw name="Run Keyword And Return Status" owner="BuiltIn">
<kw name="Page Should Contain" owner="SeleniumLibrary">
<msg time="2026-02-23T17:50:43.992208" level="FAIL">Page should have contained text 'Username and password do not match' but did not.</msg>
<arg>Username and password do not match</arg>
<doc>Verifies that current page contains ``text``.</doc>
<status status="FAIL" start="2026-02-23T17:50:43.973874" elapsed="0.019932">Page should have contained text 'Username and password do not match' but did not.</status>
</kw>
<msg time="2026-02-23T17:50:43.993806" level="INFO">${invalid_match} = False</msg>
<var>${invalid_match}</var>
<arg>Page Should Contain</arg>
<arg>Username and password do not match</arg>
<doc>Runs the specified keyword and returns the status as a Boolean value.</doc>
<status status="PASS" start="2026-02-23T17:50:43.973280" elapsed="0.020526"/>
</kw>
<if>
<branch type="IF" condition="${pass_missing} or ${user_missing} or ${invalid_match}">
<kw name="Capture Page Screenshot" owner="SeleniumLibrary">
<msg time="2026-02-23T17:50:44.032937" level="INFO" html="true">&lt;/td&gt;&lt;/tr&gt;&lt;tr&gt;&lt;td colspan="3"&gt;&lt;a href="invalid_login_2.png"&gt;&lt;img src="invalid_login_2.png" width="800px"&gt;&lt;/a&gt;</msg>
<msg time="2026-02-23T17:50:44.032937" level="INFO">${path} = D:\PythonProject\Prashant Kumar Jha\Capstone Projects\Ecommerce\robot-framework\reports\Firefox\Firefox_2026-02-23_Run1\invalid_login_2.png</msg>
<var>${path}</var>
<arg>invalid_login_${index + 1}.png</arg>
<doc>Takes a screenshot of the current page and embeds it into a log file.</doc>
<status status="PASS" start="2026-02-23T17:50:43.994953" elapsed="0.037984"/>
</kw>
<kw name="Log" owner="BuiltIn">
<msg time="2026-02-23T17:50:44.033946" level="INFO" html="true">&lt;img src="D:\PythonProject\Prashant Kumar Jha\Capstone Projects\Ecommerce\robot-framework\reports\Firefox\Firefox_2026-02-23_Run1\invalid_login_2.png" width="600px"&gt;</msg>
<arg>&lt;img src="${path}" width="600px"&gt;</arg>
<arg>html=True</arg>
<doc>Logs the given message with the given level.</doc>
<status status="PASS" start="2026-02-23T17:50:44.032937" elapsed="0.001009"/>
</kw>
<kw name="Log" owner="BuiltIn">
<msg time="2026-02-23T17:50:44.033946" level="INFO">✅ Expected validation message displayed</msg>
<arg>✅ Expected validation message displayed</arg>
<doc>Logs the given message with the given level.</doc>
<status status="PASS" start="2026-02-23T17:50:44.033946" elapsed="0.000000"/>
</kw>
<status status="PASS" start="2026-02-23T17:50:43.993806" elapsed="0.040140"/>
</branch>
<branch type="ELSE">
<kw name="Fail" owner="BuiltIn">
<arg>Unexpected error message for dataset ${index + 1}</arg>
<doc>Fails the test with the given message and optionally alters its tags.</doc>
<status status="NOT RUN" start="2026-02-23T17:50:44.033946" elapsed="0.000000"/>
</kw>
<status status="NOT RUN" start="2026-02-23T17:50:44.033946" elapsed="0.000000"/>
</branch>
<status status="PASS" start="2026-02-23T17:50:43.993806" elapsed="0.040140"/>
</if>
<kw name="Go To" owner="SeleniumLibrary">
<msg time="2026-02-23T17:50:44.034946" level="INFO">Opening url 'https://www.saucedemo.com/'</msg>
<arg>${URL}</arg>
<doc>Navigates the current browser window to the provided ``url``.</doc>
<status status="PASS" start="2026-02-23T17:50:44.034946" elapsed="0.098011"/>
</kw>
<var name="${index}">1</var>
<var name="${row}">locked_out_user,</var>
<status status="PASS" start="2026-02-23T17:50:43.798550" elapsed="0.334407"/>
</iter>
<iter>
<kw name="Log" owner="BuiltIn">
<msg time="2026-02-23T17:50:44.133949" level="INFO">
===== Executing Invalid Login Dataset 3 =====</msg>
<arg>\n===== Executing Invalid Login Dataset ${index + 1} =====</arg>
<doc>Logs the given message with the given level.</doc>
<status status="PASS" start="2026-02-23T17:50:44.132957" elapsed="0.000992"/>
</kw>
<kw name="Split String" owner="String">
<msg time="2026-02-23T17:50:44.135099" level="INFO">${columns} = ['', 'wrong_password']</msg>
<var>${columns}</var>
<arg>${row}</arg>
<arg>,</arg>
<doc>Splits the ``string`` using ``separator`` as a delimiter string.</doc>
<status status="PASS" start="2026-02-23T17:50:44.133949" elapsed="0.001150"/>
</kw>
<kw name="Get From List" owner="Collections">
<msg time="2026-02-23T17:50:44.135617" level="INFO">${username} = </msg>
<var>${username}</var>
<arg>${columns}</arg>
<arg>0</arg>
<doc>Returns the value specified with an ``index`` from ``list``.</doc>
<status status="PASS" start="2026-02-23T17:50:44.135617" elapsed="0.000000"/>
</kw>
<kw name="Get From List" owner="Collections">
<msg time="2026-02-23T17:50:44.135617" level="INFO">${password} = wrong_password</msg>
<var>${password}</var>
<arg>${columns}</arg>
<arg>1</arg>
<doc>Returns the value specified with an ``index`` from ``list``.</doc>
<status status="PASS" start="2026-02-23T17:50:44.135617" elapsed="0.000000"/>
</kw>
<kw name="Input Text" owner="SeleniumLibrary">
<msg time="2026-02-23T17:50:44.135617" level="INFO">Typing text '' into text field 'id=user-name'.</msg>
<arg>id=user-name</arg>
<arg>${username}</arg>
<doc>Types the given ``text`` into the text field identified by ``locator``.</doc>
<status status="PASS" start="2026-02-23T17:50:44.135617" elapsed="0.018985"/>
</kw>
<kw name="Input Text" owner="SeleniumLibrary">
<msg time="2026-02-23T17:50:44.156108" level="INFO">Typing text 'wrong_password' into text field 'id=password'.</msg>
<arg>id=password</arg>
<arg>${password}</arg>
<doc>Types the given ``text`` into the text field identified by ``locator``.</doc>
<status status="PASS" start="2026-02-23T17:50:44.154602" elapsed="0.026184"/>
</kw>
<kw name="Click Button" owner="SeleniumLibrary">
<msg time="2026-02-23T17:50:44.180786" level="INFO">Clicking button 'id=login-button'.</msg>
<arg>id=login-button</arg>
<doc>Clicks the button identified by ``locator``.</doc>
<status status="PASS" start="2026-02-23T17:50:44.180786" elapsed="0.064431"/>
</kw>
<kw name="Wait Until Page Contains Element" owner="SeleniumLibrary">
<arg>css=h3[data-test="error"]</arg>
<arg>timeout=5s</arg>
<doc>Waits until the element ``locator`` appears on the current page.</doc>
<status status="PASS" start="2026-02-23T17:50:44.245814" elapsed="0.005021"/>
</kw>
<kw name="Run Keyword And Return Status" owner="BuiltIn">
<kw name="Page Should Contain" owner="SeleniumLibrary">
<msg time="2026-02-23T17:50:44.267683" level="FAIL">Page should have contained text 'Password is required' but did not.</msg>
<arg>Password is required</arg>
<doc>Verifies that current page contains ``text``.</doc>
<status status="FAIL" start="2026-02-23T17:50:44.251830" elapsed="0.015853">Page should have contained text 'Password is required' but did not.</status>
</kw>
<msg time="2026-02-23T17:50:44.268683" level="INFO">${pass_missing} = False</msg>
<var>${pass_missing}</var>
<arg>Page Should Contain</arg>
<arg>Password is required</arg>
<doc>Runs the specified keyword and returns the status as a Boolean value.</doc>
<status status="PASS" start="2026-02-23T17:50:44.251830" elapsed="0.016853"/>
</kw>
<kw name="Run Keyword And Return Status" owner="BuiltIn">
<kw name="Page Should Contain" owner="SeleniumLibrary">
<msg time="2026-02-23T17:50:44.278169" level="INFO">Current page contains text 'Username is required'.</msg>
<arg>Username is required</arg>
<doc>Verifies that current page contains ``text``.</doc>
<status status="PASS" start="2026-02-23T17:50:44.269682" elapsed="0.008487"/>
</kw>
<msg time="2026-02-23T17:50:44.278169" level="INFO">${user_missing} = True</msg>
<var>${user_missing}</var>
<arg>Page Should Contain</arg>
<arg>Username is required</arg>
<doc>Runs the specified keyword and returns the status as a Boolean value.</doc>
<status status="PASS" start="2026-02-23T17:50:44.268683" elapsed="0.009486"/>
</kw>
<kw name="Run Keyword And Return Status" owner="BuiltIn">
<kw name="Page Should Contain" owner="SeleniumLibrary">
<msg time="2026-02-23T17:50:44.292307" level="FAIL">Page should have contained text 'Username and password do not match' but did not.</msg>
<arg>Username and password do not match</arg>
<doc>Verifies that current page contains ``text``.</doc>
<status status="FAIL" start="2026-02-23T17:50:44.279180" elapsed="0.014224">Page should have contained text 'Username and password do not match' but did not.</status>
</kw>
<msg time="2026-02-23T17:50:44.293404" level="INFO">${invalid_match} = False</msg>
<var>${invalid_match}</var>
<arg>Page Should Contain</arg>
<arg>Username and password do not match</arg>
<doc>Runs the specified keyword and returns the status as a Boolean value.</doc>
<status status="PASS" start="2026-02-23T17:50:44.278169" elapsed="0.015235"/>
</kw>
<if>
<branch type="IF" condition="${pass_missing} or ${user_missing} or ${invalid_match}">
<kw name="Capture Page Screenshot" owner="SeleniumLibrary">
<msg time="2026-02-23T17:50:44.322408" level="INFO" html="true">&lt;/td&gt;&lt;/tr&gt;&lt;tr&gt;&lt;td colspan="3"&gt;&lt;a href="invalid_login_3.png"&gt;&lt;img src="invalid_login_3.png" width="800px"&gt;&lt;/a&gt;</msg>
<msg time="2026-02-23T17:50:44.322408" level="INFO">${path} = D:\PythonProject\Prashant Kumar Jha\Capstone Projects\Ecommerce\robot-framework\reports\Firefox\Firefox_2026-02-23_Run1\invalid_login_3.png</msg>
<var>${path}</var>
<arg>invalid_login_${index + 1}.png</arg>
<doc>Takes a screenshot of the current page and embeds it into a log file.</doc>
<status status="PASS" start="2026-02-23T17:50:44.294400" elapsed="0.029055"/>
</kw>
<kw name="Log" owner="BuiltIn">
<msg time="2026-02-23T17:50:44.323455" level="INFO" html="true">&lt;img src="D:\PythonProject\Prashant Kumar Jha\Capstone Projects\Ecommerce\robot-framework\reports\Firefox\Firefox_2026-02-23_Run1\invalid_login_3.png" width="600px"&gt;</msg>
<arg>&lt;img src="${path}" width="600px"&gt;</arg>
<arg>html=True</arg>
<doc>Logs the given message with the given level.</doc>
<status status="PASS" start="2026-02-23T17:50:44.323455" elapsed="0.000000"/>
</kw>
<kw name="Log" owner="BuiltIn">
<msg time="2026-02-23T17:50:44.324514" level="INFO">✅ Expected validation message displayed</msg>
<arg>✅ Expected validation message displayed</arg>
<doc>Logs the given message with the given level.</doc>
<status status="PASS" start="2026-02-23T17:50:44.324514" elapsed="0.000000"/>
</kw>
<status status="PASS" start="2026-02-23T17:50:44.293404" elapsed="0.031110"/>
</branch>
<branch type="ELSE">
<kw name="Fail" owner="BuiltIn">
<arg>Unexpected error message for dataset ${index + 1}</arg>
<doc>Fails the test with the given message and optionally alters its tags.</doc>
<status status="NOT RUN" start="2026-02-23T17:50:44.325425" elapsed="0.000000"/>
</kw>
<status status="NOT RUN" start="2026-02-23T17:50:44.324514" elapsed="0.000911"/>
</branch>
<status status="PASS" start="2026-02-23T17:50:44.293404" elapsed="0.032021"/>
</if>
<kw name="Go To" owner="SeleniumLibrary">
<msg time="2026-02-23T17:50:44.325425" level="INFO">Opening url 'https://www.saucedemo.com/'</msg>
<arg>${URL}</arg>
<doc>Navigates the current browser window to the provided ``url``.</doc>
<status status="PASS" start="2026-02-23T17:50:44.325425" elapsed="0.094466"/>
</kw>
<var name="${index}">2</var>
<var name="${row}">,wrong_password</var>
<status status="PASS" start="2026-02-23T17:50:44.132957" elapsed="0.286934"/>
</iter>
<var>${index}</var>
<var>${row}</var>
<value>@{data}</value>
<status status="PASS" start="2026-02-23T17:50:43.460353" elapsed="0.959538"/>
</for>
<status status="PASS" start="2026-02-23T17:50:43.454729" elapsed="0.965162"/>
</test>
<kw name="Close Website" owner="ecommerce_keywords" type="TEARDOWN">
<kw name="Sleep" owner="BuiltIn">
<msg time="2026-02-23T17:50:45.423373" level="INFO">Slept 1 second.</msg>
<arg>${DELAY}</arg>
<doc>Pauses the test executed for the given time.</doc>
<status status="PASS" start="2026-02-23T17:50:44.422403" elapsed="1.000970"/>
</kw>
<kw name="Close Browser" owner="SeleniumLibrary">
<doc>Closes the current browser.</doc>
<status status="PASS" start="2026-02-23T17:50:45.423373" elapsed="2.962799"/>
</kw>
<status status="PASS" start="2026-02-23T17:50:44.422403" elapsed="3.963769"/>
</kw>
<status status="PASS" start="2026-02-23T17:50:35.090227" elapsed="13.295945"/>
</suite>
<suite id="s1-s2" name="01 Login" source="D:\PythonProject\Prashant Kumar Jha\Capstone Projects\Ecommerce\robot-framework\tests\01_login.robot">
<kw name="Open Website" owner="ecommerce_keywords" type="SETUP">
<if>
<branch type="IF" condition="'${BROWSER}' == 'Chrome'">
<kw name="Evaluate" owner="BuiltIn">
<var>${options}</var>
<arg>sys.modules['selenium.webdriver'].ChromeOptions()</arg>
<arg>sys, selenium.webdriver</arg>
<doc>Evaluates the given expression in Python and returns the result.</doc>
<status status="NOT RUN" start="2026-02-23T17:50:48.392130" elapsed="0.000000"/>
</kw>
<kw name="Evaluate" owner="BuiltIn">
<var>${temp_dir}</var>
<arg>__import__('tempfile').mkdtemp()</arg>
<doc>Evaluates the given expression in Python and returns the result.</doc>
<status status="NOT RUN" start="2026-02-23T17:50:48.393130" elapsed="0.000000"/>
</kw>
<kw name="Create Dictionary" owner="BuiltIn">
<var>${prefs}</var>
<arg>credentials_enable_service=False</arg>
<arg>profile.password_manager_enabled=False</arg>
<arg>profile.default_content_setting_values.notifications=2</arg>
<doc>Creates and returns a dictionary based on the given ``items``.</doc>
<status status="NOT RUN" start="2026-02-23T17:50:48.393130" elapsed="0.000000"/>
</kw>
<kw name="Call Method" owner="BuiltIn">
<arg>${options}</arg>
<arg>add_experimental_option</arg>
<arg>prefs</arg>
<arg>${prefs}</arg>
<doc>Calls the named method of the given object with the provided arguments.</doc>
<status status="NOT RUN" start="2026-02-23T17:50:48.393130" elapsed="0.000000"/>
</kw>
<kw name="Set Variable" owner="BuiltIn">
<var>${incognito}</var>
<arg>--incognito</arg>
<doc>Returns the given values which can then be assigned to a variables.</doc>
<status status="NOT RUN" start="2026-02-23T17:50:48.393130" elapsed="0.001000"/>
</kw>
<kw name="Set Variable" owner="BuiltIn">
<var>${disable_pw}</var>
<arg>--disable-features=PasswordLeakDetection</arg>
<doc>Returns the given values which can then be assigned to a variables.</doc>
<status status="NOT RUN" start="2026-02-23T17:50:48.394130" elapsed="0.000000"/>
</kw>
<kw name="Set Variable" owner="BuiltIn">
<var>${disable_notify}</var>
<arg>--disable-notifications</arg>
<doc>Returns the given values which can then be assigned to a variables.</doc>
<status status="NOT RUN" start="2026-02-23T17:50:48.394130" elapsed="0.000000"/>
</kw>
<kw name="Set Variable" owner="BuiltIn">
<var>${no_first}</var>
<arg>--no-first-run</arg>
<doc>Returns the given values which can then be assigned to a variables.</doc>
<status status="NOT RUN" start="2026-02-23T17:50:48.394130" elapsed="0.000000"/>
</kw>
<kw name="Set Variable" owner="BuiltIn">
<var>${no_default}</var>
<arg>--no-default-browser-check</arg>
<doc>Returns the given values which can then be assigned to a variables.</doc>
<status status="NOT RUN" start="2026-02-23T17:50:48.394130" elapsed="0.000000"/>
</kw>
<kw name="Set Variable" owner="BuiltIn">
<var>${maximize}</var>
<arg>--start-maximized</arg>
<doc>Returns the given values which can then be assigned to a variables.</doc>
<status status="NOT RUN" start="2026-02-23T17:50:48.394130" elapsed="0.000000"/>
</kw>
<kw name="Set Variable" owner="BuiltIn">
<var>${profile}</var>
<arg>--user-data-dir=${temp_dir}</arg>
<doc>Returns the given values which can then be assigned to a variables.</doc>
<status status="NOT RUN" start="2026-02-23T17:50:48.394130" elapsed="0.000000"/>
</kw>
<kw name="Call Method" owner="BuiltIn">
<arg>${options}</arg>
<arg>add_argument</arg>
<arg>${incognito}</arg>
<doc>Calls the named method of the given object with the provided arguments.</doc>
<status status="NOT RUN" start="2026-02-23T17:50:48.394130" elapsed="0.000000"/>
</kw>
<kw name="Call Method" owner="BuiltIn">
<arg>${options}</arg>
<arg>add_argument</arg>
<arg>${disable_pw}</arg>
<doc>Calls the named method of the given object with the provided arguments.</doc>
<status status="NOT RUN" start="2026-02-23T17:50:48.395237" elapsed="0.000000"/>
</kw>
<kw name="Call Method" owner="BuiltIn">
<arg>${options}</arg>
<arg>add_argument</arg>
<arg>${disable_notify}</arg>
<doc>Calls the named method of the given object with the provided arguments.</doc>
<status status="NOT RUN" start="2026-02-23T17:50:48.395237" elapsed="0.000000"/>
</kw>
<kw name="Call Method" owner="BuiltIn">
<arg>${options}</arg>
<arg>add_argument</arg>
<arg>${no_first}</arg>
<doc>Calls the named method of the given object with the provided arguments.</doc>
<status status="NOT RUN" start="2026-02-23T17:50:48.395237" elapsed="0.000000"/>
</kw>
<kw name="Call Method" owner="BuiltIn">
<arg>${options}</arg>
<arg>add_argument</arg>
<arg>${no_default}</arg>
<doc>Calls the named method of the given object with the provided arguments.</doc>
<status status="NOT RUN" start="2026-02-23T17:50:48.395237" elapsed="0.000000"/>
</kw>
<kw name="Call Method" owner="BuiltIn">
<arg>${options}</arg>
<arg>add_argument</arg>
<arg>${maximize}</arg>
<doc>Calls the named method of the given object with the provided arguments.</doc>
<status status="NOT RUN" start="2026-02-23T17:50:48.395237" elapsed="0.000000"/>
</kw>
<kw name="Call Method" owner="BuiltIn">
<arg>${options}</arg>
<arg>add_argument</arg>
<arg>${profile}</arg>
<doc>Calls the named method of the given object with the provided arguments.</doc>
<status status="NOT RUN" start="2026-02-23T17:50:48.395237" elapsed="0.000000"/>
</kw>
<kw name="Create Webdriver" owner="SeleniumLibrary">
<arg>Chrome</arg>
<arg>options=${options}</arg>
<doc>Creates an instance of Selenium WebDriver.</doc>
<status status="NOT RUN" start="2026-02-23T17:50:48.395237" elapsed="0.000000"/>
</kw>
<kw name="Go To" owner="SeleniumLibrary">
<arg>${URL}</arg>
<doc>Navigates the current browser window to the provided ``url``.</doc>
<status status="NOT RUN" start="2026-02-23T17:50:48.395237" elapsed="0.000000"/>
</kw>
<status status="NOT RUN" start="2026-02-23T17:50:48.392130" elapsed="0.003107"/>
</branch>
<branch type="ELSE IF" condition="'${BROWSER}' == 'Edge'">
<kw name="Open Browser" owner="SeleniumLibrary">
<arg>${URL}</arg>
<arg>Edge</arg>
<doc>Opens a new browser instance to the optional ``url``.</doc>
<status status="NOT RUN" start="2026-02-23T17:50:48.396182" elapsed="0.000000"/>
</kw>
<kw name="Maximize Browser Window" owner="SeleniumLibrary">
<doc>Maximizes current browser window.</doc>
<status status="NOT RUN" start="2026-02-23T17:50:48.396182" elapsed="0.000000"/>
</kw>
<status status="NOT RUN" start="2026-02-23T17:50:48.395237" elapsed="0.000945"/>
</branch>
<branch type="ELSE IF" condition="'${BROWSER}' == 'Firefox'">
<kw name="Evaluate" owner="BuiltIn">
<msg time="2026-02-23T17:50:48.396182" level="INFO">${ff_options} = &lt;selenium.webdriver.firefox.options.Options object at 0x000002636D0FB450&gt;</msg>
<var>${ff_options}</var>
<arg>sys.modules['selenium.webdriver'].FirefoxOptions()</arg>
<arg>sys, selenium.webdriver</arg>
<doc>Evaluates the given expression in Python and returns the result.</doc>
<status status="PASS" start="2026-02-23T17:50:48.396182" elapsed="0.000000"/>
</kw>
<kw name="Call Method" owner="BuiltIn">
<arg>${ff_options}</arg>
<arg>add_argument</arg>
<arg>-private</arg>
<doc>Calls the named method of the given object with the provided arguments.</doc>
<status status="PASS" start="2026-02-23T17:50:48.396182" elapsed="0.000000"/>
</kw>
<kw name="Create Webdriver" owner="SeleniumLibrary">
<msg time="2026-02-23T17:50:48.397225" level="INFO">Creating an instance of the Firefox WebDriver.</msg>
<arg>Firefox</arg>
<arg>options=${ff_options}</arg>
<doc>Creates an instance of Selenium WebDriver.</doc>
<status status="PASS" start="2026-02-23T17:50:48.397225" elapsed="5.957476"/>
</kw>
<kw name="Go To" owner="SeleniumLibrary">
<msg time="2026-02-23T17:50:54.354701" level="INFO">Opening url 'https://www.saucedemo.com/'</msg>
<arg>${URL}</arg>
<doc>Navigates the current browser window to the provided ``url``.</doc>
<status status="PASS" start="2026-02-23T17:50:54.354701" elapsed="0.532755"/>
</kw>
<status status="PASS" start="2026-02-23T17:50:48.396182" elapsed="6.491274"/>
</branch>
<status status="PASS" start="2026-02-23T17:50:48.392130" elapsed="6.496341"/>
</if>
<kw name="Wait Until Element Is Visible" owner="SeleniumLibrary">
<arg>id=user-name</arg>
<arg>timeout=10s</arg>
<doc>Waits until the element ``locator`` is visible.</doc>
<status status="PASS" start="2026-02-23T17:50:54.888471" elapsed="0.024110"/>
</kw>
<kw name="Sleep" owner="BuiltIn">
<msg time="2026-02-23T17:50:55.913815" level="INFO">Slept 1 second.</msg>
<arg>${DELAY}</arg>
<doc>Pauses the test executed for the given time.</doc>
<status status="PASS" start="2026-02-23T17:50:54.913576" elapsed="1.000239"/>
</kw>
<status status="PASS" start="2026-02-23T17:50:48.392130" elapsed="7.521685"/>
</kw>
<test id="s1-s2-t1" name="User Login Successful" line="7">
<kw name="Login To Application" owner="ecommerce_keywords">
<kw name="Input Text" owner="SeleniumLibrary">
<msg time="2026-02-23T17:50:55.915346" level="INFO">Typing text 'standard_user' into text field 'id=user-name'.</msg>
<arg>id=user-name</arg>
<arg>${USERNAME}</arg>
<doc>Types the given ``text`` into the text field identified by ``locator``.</doc>
<status status="PASS" start="2026-02-23T17:50:55.914331" elapsed="0.043184"/>
</kw>
<kw name="Sleep" owner="BuiltIn">
<msg time="2026-02-23T17:50:56.958980" level="INFO">Slept 1 second.</msg>
<arg>${DELAY}</arg>
<doc>Pauses the test executed for the given time.</doc>
<status status="PASS" start="2026-02-23T17:50:55.958517" elapsed="1.000463"/>
</kw>
<kw name="Input Text" owner="SeleniumLibrary">
<msg time="2026-02-23T17:50:56.960002" level="INFO">Typing text 'secret_sauce' into text field 'id=password'.</msg>
<arg>id=password</arg>
<arg>${PASSWORD}</arg>
<doc>Types the given ``text`` into the text field identified by ``locator``.</doc>
<status status="PASS" start="2026-02-23T17:50:56.958980" elapsed="0.024326"/>
</kw>
<kw name="Sleep" owner="BuiltIn">
<msg time="2026-02-23T17:50:57.983751" level="INFO">Slept 1 second.</msg>
<arg>${DELAY}</arg>
<doc>Pauses the test executed for the given time.</doc>
<status status="PASS" start="2026-02-23T17:50:56.983306" elapsed="1.000445"/>
</kw>
<kw name="Click Button" owner="SeleniumLibrary">
<msg time="2026-02-23T17:50:57.984775" level="INFO">Clicking button 'id=login-button'.</msg>
<arg>id=login-button</arg>
<doc>Clicks the button identified by ``locator``.</doc>
<status status="PASS" start="2026-02-23T17:50:57.984267" elapsed="0.098731"/>
</kw>
<kw name="Wait Until Page Contains Element" owner="SeleniumLibrary">
<arg>css=.inventory_list</arg>
<doc>Waits until the element ``locator`` appears on the current page.</doc>
<status status="PASS" start="2026-02-23T17:50:58.082998" elapsed="0.005010"/>
</kw>
<kw name="Sleep" owner="BuiltIn">
<msg time="2026-02-23T17:50:59.088562" level="INFO">Slept 1 second.</msg>
<arg>${DELAY}</arg>
<doc>Pauses the test executed for the given time.</doc>
<status status="PASS" start="2026-02-23T17:50:58.088008" elapsed="1.000554"/>
</kw>
<status status="PASS" start="2026-02-23T17:50:55.914331" elapsed="3.174231"/>
</kw>
<kw name="Location Should Contain" owner="SeleniumLibrary">
<msg time="2026-02-23T17:50:59.093667" level="INFO">Current location contains 'inventory'.</msg>
<arg>inventory</arg>
<doc>Verifies that the current URL contains ``expected``.</doc>
<status status="PASS" start="2026-02-23T17:50:59.089673" elapsed="0.003994"/>
</kw>
<status status="PASS" start="2026-02-23T17:50:55.913815" elapsed="3.180903"/>
</test>
<kw name="Close Website" owner="ecommerce_keywords" type="TEARDOWN">
<kw name="Sleep" owner="BuiltIn">
<msg time="2026-02-23T17:51:00.097982" level="INFO">Slept 1 second.</msg>
<arg>${DELAY}</arg>
<doc>Pauses the test executed for the given time.</doc>
<status status="PASS" start="2026-02-23T17:50:59.096302" elapsed="1.001680"/>
</kw>
<kw name="Close Browser" owner="SeleniumLibrary">
<doc>Closes the current browser.</doc>
<status status="PASS" start="2026-02-23T17:51:00.097982" elapsed="2.824822"/>
</kw>
<status status="PASS" start="2026-02-23T17:50:59.096302" elapsed="3.827549"/>
</kw>
<status status="PASS" start="2026-02-23T17:50:48.388136" elapsed="14.535715"/>
</suite>
<suite id="s1-s3" name="02 Product" source="D:\PythonProject\Prashant Kumar Jha\Capstone Projects\Ecommerce\robot-framework\tests\02_product.robot">
<kw name="Open Website" owner="ecommerce_keywords" type="SETUP">
<if>
<branch type="IF" condition="'${BROWSER}' == 'Chrome'">
<kw name="Evaluate" owner="BuiltIn">
<var>${options}</var>
<arg>sys.modules['selenium.webdriver'].ChromeOptions()</arg>
<arg>sys, selenium.webdriver</arg>
<doc>Evaluates the given expression in Python and returns the result.</doc>
<status status="NOT RUN" start="2026-02-23T17:51:02.928996" elapsed="0.000000"/>
</kw>
<kw name="Evaluate" owner="BuiltIn">
<var>${temp_dir}</var>
<arg>__import__('tempfile').mkdtemp()</arg>
<doc>Evaluates the given expression in Python and returns the result.</doc>
<status status="NOT RUN" start="2026-02-23T17:51:02.930086" elapsed="0.000000"/>
</kw>
<kw name="Create Dictionary" owner="BuiltIn">
<var>${prefs}</var>
<arg>credentials_enable_service=False</arg>
<arg>profile.password_manager_enabled=False</arg>
<arg>profile.default_content_setting_values.notifications=2</arg>
<doc>Creates and returns a dictionary based on the given ``items``.</doc>
<status status="NOT RUN" start="2026-02-23T17:51:02.930086" elapsed="0.000000"/>
</kw>
<kw name="Call Method" owner="BuiltIn">
<arg>${options}</arg>
<arg>add_experimental_option</arg>
<arg>prefs</arg>
<arg>${prefs}</arg>
<doc>Calls the named method of the given object with the provided arguments.</doc>
<status status="NOT RUN" start="2026-02-23T17:51:02.930086" elapsed="0.000000"/>
</kw>
<kw name="Set Variable" owner="BuiltIn">
<var>${incognito}</var>
<arg>--incognito</arg>
<doc>Returns the given values which can then be assigned to a variables.</doc>
<status status="NOT RUN" start="2026-02-23T17:51:02.930086" elapsed="0.000000"/>
</kw>
<kw name="Set Variable" owner="BuiltIn">
<var>${disable_pw}</var>
<arg>--disable-features=PasswordLeakDetection</arg>
<doc>Returns the given values which can then be assigned to a variables.</doc>
<status status="NOT RUN" start="2026-02-23T17:51:02.930086" elapsed="0.000000"/>
</kw>
<kw name="Set Variable" owner="BuiltIn">
<var>${disable_notify}</var>
<arg>--disable-notifications</arg>
<doc>Returns the given values which can then be assigned to a variables.</doc>
<status status="NOT RUN" start="2026-02-23T17:51:02.930086" elapsed="0.000000"/>
</kw>
<kw name="Set Variable" owner="BuiltIn">
<var>${no_first}</var>
<arg>--no-first-run</arg>
<doc>Returns the given values which can then be assigned to a variables.</doc>
<status status="NOT RUN" start="2026-02-23T17:51:02.930086" elapsed="0.000000"/>
</kw>
<kw name="Set Variable" owner="BuiltIn">
<var>${no_default}</var>
<arg>--no-default-browser-check</arg>
<doc>Returns the given values which can then be assigned to a variables.</doc>
<status status="NOT RUN" start="2026-02-23T17:51:02.930086" elapsed="0.001013"/>
</kw>
<kw name="Set Variable" owner="BuiltIn">
<var>${maximize}</var>
<arg>--start-maximized</arg>
<doc>Returns the given values which can then be assigned to a variables.</doc>
<status status="NOT RUN" start="2026-02-23T17:51:02.931099" elapsed="0.000000"/>
</kw>
<kw name="Set Variable" owner="BuiltIn">
<var>${profile}</var>
<arg>--user-data-dir=${temp_dir}</arg>
<doc>Returns the given values which can then be assigned to a variables.</doc>
<status status="NOT RUN" start="2026-02-23T17:51:02.931099" elapsed="0.000000"/>
</kw>
<kw name="Call Method" owner="BuiltIn">
<arg>${options}</arg>
<arg>add_argument</arg>
<arg>${incognito}</arg>
<doc>Calls the named method of the given object with the provided arguments.</doc>
<status status="NOT RUN" start="2026-02-23T17:51:02.931099" elapsed="0.000000"/>
</kw>
<kw name="Call Method" owner="BuiltIn">
<arg>${options}</arg>
<arg>add_argument</arg>
<arg>${disable_pw}</arg>
<doc>Calls the named method of the given object with the provided arguments.</doc>
<status status="NOT RUN" start="2026-02-23T17:51:02.931099" elapsed="0.000000"/>
</kw>
<kw name="Call Method" owner="BuiltIn">
<arg>${options}</arg>
<arg>add_argument</arg>
<arg>${disable_notify}</arg>
<doc>Calls the named method of the given object with the provided arguments.</doc>
<status status="NOT RUN" start="2026-02-23T17:51:02.931099" elapsed="0.000000"/>
</kw>
<kw name="Call Method" owner="BuiltIn">
<arg>${options}</arg>
<arg>add_argument</arg>
<arg>${no_first}</arg>
<doc>Calls the named method of the given object with the provided arguments.</doc>
<status status="NOT RUN" start="2026-02-23T17:51:02.931099" elapsed="0.000000"/>
</kw>
<kw name="Call Method" owner="BuiltIn">
<arg>${options}</arg>
<arg>add_argument</arg>
<arg>${no_default}</arg>
<doc>Calls the named method of the given object with the provided arguments.</doc>
<status status="NOT RUN" start="2026-02-23T17:51:02.931099" elapsed="0.000000"/>
</kw>
<kw name="Call Method" owner="BuiltIn">
<arg>${options}</arg>
<arg>add_argument</arg>
<arg>${maximize}</arg>
<doc>Calls the named method of the given object with the provided arguments.</doc>
<status status="NOT RUN" start="2026-02-23T17:51:02.931099" elapsed="0.000000"/>
</kw>
<kw name="Call Method" owner="BuiltIn">
<arg>${options}</arg>
<arg>add_argument</arg>
<arg>${profile}</arg>
<doc>Calls the named method of the given object with the provided arguments.</doc>
<status status="NOT RUN" start="2026-02-23T17:51:02.931099" elapsed="0.000000"/>
</kw>
<kw name="Create Webdriver" owner="SeleniumLibrary">
<arg>Chrome</arg>
<arg>options=${options}</arg>
<doc>Creates an instance of Selenium WebDriver.</doc>
<status status="NOT RUN" start="2026-02-23T17:51:02.931099" elapsed="0.000000"/>
</kw>
<kw name="Go To" owner="SeleniumLibrary">
<arg>${URL}</arg>
<doc>Navigates the current browser window to the provided ``url``.</doc>
<status status="NOT RUN" start="2026-02-23T17:51:02.931099" elapsed="0.000000"/>
</kw>
<status status="NOT RUN" start="2026-02-23T17:51:02.928996" elapsed="0.002103"/>
</branch>
<branch type="ELSE IF" condition="'${BROWSER}' == 'Edge'">
<kw name="Open Browser" owner="SeleniumLibrary">
<arg>${URL}</arg>
<arg>Edge</arg>
<doc>Opens a new browser instance to the optional ``url``.</doc>
<status status="NOT RUN" start="2026-02-23T17:51:02.932090" elapsed="0.000000"/>
</kw>
<kw name="Maximize Browser Window" owner="SeleniumLibrary">
<doc>Maximizes current browser window.</doc>
<status status="NOT RUN" start="2026-02-23T17:51:02.932090" elapsed="0.000000"/>
</kw>
<status status="NOT RUN" start="2026-02-23T17:51:02.931099" elapsed="0.000991"/>
</branch>
<branch type="ELSE IF" condition="'${BROWSER}' == 'Firefox'">
<kw name="Evaluate" owner="BuiltIn">
<msg time="2026-02-23T17:51:02.932090" level="INFO">${ff_options} = &lt;selenium.webdriver.firefox.options.Options object at 0x000002636CFF8150&gt;</msg>
<var>${ff_options}</var>
<arg>sys.modules['selenium.webdriver'].FirefoxOptions()</arg>
<arg>sys, selenium.webdriver</arg>
<doc>Evaluates the given expression in Python and returns the result.</doc>
<status status="PASS" start="2026-02-23T17:51:02.932090" elapsed="0.000000"/>
</kw>
<kw name="Call Method" owner="BuiltIn">
<arg>${ff_options}</arg>
<arg>add_argument</arg>
<arg>-private</arg>
<doc>Calls the named method of the given object with the provided arguments.</doc>
<status status="PASS" start="2026-02-23T17:51:02.932090" elapsed="0.000988"/>
</kw>
<kw name="Create Webdriver" owner="SeleniumLibrary">
<msg time="2026-02-23T17:51:02.933078" level="INFO">Creating an instance of the Firefox WebDriver.</msg>
<arg>Firefox</arg>
<arg>options=${ff_options}</arg>
<doc>Creates an instance of Selenium WebDriver.</doc>
<status status="PASS" start="2026-02-23T17:51:02.933078" elapsed="5.829697"/>
</kw>
<kw name="Go To" owner="SeleniumLibrary">
<msg time="2026-02-23T17:51:08.762775" level="INFO">Opening url 'https://www.saucedemo.com/'</msg>
<arg>${URL}</arg>
<doc>Navigates the current browser window to the provided ``url``.</doc>
<status status="PASS" start="2026-02-23T17:51:08.762775" elapsed="0.497555"/>
</kw>
<status status="PASS" start="2026-02-23T17:51:02.932090" elapsed="6.328240"/>
</branch>
<status status="PASS" start="2026-02-23T17:51:02.928996" elapsed="6.331334"/>
</if>
<kw name="Wait Until Element Is Visible" owner="SeleniumLibrary">
<arg>id=user-name</arg>
<arg>timeout=10s</arg>
<doc>Waits until the element ``locator`` is visible.</doc>
<status status="PASS" start="2026-02-23T17:51:09.260330" elapsed="0.031230"/>
</kw>
<kw name="Sleep" owner="BuiltIn">
<msg time="2026-02-23T17:51:10.293015" level="INFO">Slept 1 second.</msg>
<arg>${DELAY}</arg>
<doc>Pauses the test executed for the given time.</doc>
<status status="PASS" start="2026-02-23T17:51:09.291560" elapsed="1.001455"/>
</kw>
<status status="PASS" start="2026-02-23T17:51:02.928996" elapsed="7.364019"/>
</kw>
<test id="s1-s3-t1" name="User Can View Product Details" line="7">
<kw name="Login To Application" owner="ecommerce_keywords">
<kw name="Input Text" owner="SeleniumLibrary">
<msg time="2026-02-23T17:51:10.294542" level="INFO">Typing text 'standard_user' into text field 'id=user-name'.</msg>
<arg>id=user-name</arg>
<arg>${USERNAME}</arg>
<doc>Types the given ``text`` into the text field identified by ``locator``.</doc>
<status status="PASS" start="2026-02-23T17:51:10.294542" elapsed="0.042830"/>
</kw>
<kw name="Sleep" owner="BuiltIn">
<msg time="2026-02-23T17:51:11.339170" level="INFO">Slept 1 second.</msg>
<arg>${DELAY}</arg>
<doc>Pauses the test executed for the given time.</doc>
<status status="PASS" start="2026-02-23T17:51:10.338371" elapsed="1.000799"/>
</kw>
<kw name="Input Text" owner="SeleniumLibrary">
<msg time="2026-02-23T17:51:11.339765" level="INFO">Typing text 'secret_sauce' into text field 'id=password'.</msg>
<arg>id=password</arg>
<arg>${PASSWORD}</arg>
<doc>Types the given ``text`` into the text field identified by ``locator``.</doc>
<status status="PASS" start="2026-02-23T17:51:11.339765" elapsed="0.025172"/>
</kw>
<kw name="Sleep" owner="BuiltIn">
<msg time="2026-02-23T17:51:12.365605" level="INFO">Slept 1 second.</msg>
<arg>${DELAY}</arg>
<doc>Pauses the test executed for the given time.</doc>
<status status="PASS" start="2026-02-23T17:51:11.364937" elapsed="1.000668"/>
</kw>
<kw name="Click Button" owner="SeleniumLibrary">
<msg time="2026-02-23T17:51:12.365605" level="INFO">Clicking button 'id=login-button'.</msg>
<arg>id=login-button</arg>
<doc>Clicks the button identified by ``locator``.</doc>
<status status="PASS" start="2026-02-23T17:51:12.365605" elapsed="0.098959"/>
</kw>
<kw name="Wait Until Page Contains Element" owner="SeleniumLibrary">
<arg>css=.inventory_list</arg>
<doc>Waits until the element ``locator`` appears on the current page.</doc>
<status status="PASS" start="2026-02-23T17:51:12.465811" elapsed="0.003998"/>
</kw>
<kw name="Sleep" owner="BuiltIn">
<msg time="2026-02-23T17:51:13.471460" level="INFO">Slept 1 second.</msg>
<arg>${DELAY}</arg>
<doc>Pauses the test executed for the given time.</doc>
<status status="PASS" start="2026-02-23T17:51:12.469809" elapsed="1.001651"/>
</kw>
<status status="PASS" start="2026-02-23T17:51:10.293534" elapsed="3.177926"/>
</kw>
<kw name="Click Element" owner="SeleniumLibrary">
<msg time="2026-02-23T17:51:13.472473" level="INFO">Clicking element 'xpath=//div[text()='Sauce Labs Backpack']'.</msg>
<arg>xpath=//div[text()='Sauce Labs Backpack']</arg>
<doc>Click the element identified by ``locator``.</doc>
<status status="PASS" start="2026-02-23T17:51:13.472473" elapsed="0.072536"/>
</kw>
<kw name="Wait Until Element Is Visible" owner="SeleniumLibrary">
<arg>css=.inventory_details_name</arg>
<doc>Waits until the element ``locator`` is visible.</doc>
<status status="PASS" start="2026-02-23T17:51:13.545009" elapsed="0.012568"/>
</kw>
<kw name="Sleep" owner="BuiltIn">
<msg time="2026-02-23T17:51:14.559451" level="INFO">Slept 1 second.</msg>
<arg>${DELAY}</arg>
<doc>Pauses the test executed for the given time.</doc>
<status status="PASS" start="2026-02-23T17:51:13.558585" elapsed="1.000866"/>
</kw>
<kw name="Element Should Be Visible" owner="SeleniumLibrary">
<msg time="2026-02-23T17:51:14.574991" level="INFO">Element 'css=.inventory_details_price' is displayed.</msg>
<arg>css=.inventory_details_price</arg>
<doc>Verifies that the element identified by ``locator`` is visible.</doc>
<status status="PASS" start="2026-02-23T17:51:14.559451" elapsed="0.015540"/>
</kw>
<status status="PASS" start="2026-02-23T17:51:10.293534" elapsed="4.281457"/>
</test>
<kw name="Close Website" owner="ecommerce_keywords" type="TEARDOWN">
<kw name="Sleep" owner="BuiltIn">
<msg time="2026-02-23T17:51:15.579747" level="INFO">Slept 1 second.</msg>
<arg>${DELAY}</arg>
<doc>Pauses the test executed for the given time.</doc>
<status status="PASS" start="2026-02-23T17:51:14.577961" elapsed="1.001786"/>
</kw>
<kw name="Close Browser" owner="SeleniumLibrary">
<doc>Closes the current browser.</doc>
<status status="PASS" start="2026-02-23T17:51:15.579747" elapsed="2.923535"/>
</kw>
<status status="PASS" start="2026-02-23T17:51:14.577961" elapsed="3.925321"/>
</kw>
<status status="PASS" start="2026-02-23T17:51:02.924804" elapsed="15.578478"/>
</suite>
<suite id="s1-s4" name="03 Add To Cart" source="D:\PythonProject\Prashant Kumar Jha\Capstone Projects\Ecommerce\robot-framework\tests\03_add_to_cart.robot">
<kw name="Open Website" owner="ecommerce_keywords" type="SETUP">
<if>
<branch type="IF" condition="'${BROWSER}' == 'Chrome'">
<kw name="Evaluate" owner="BuiltIn">
<var>${options}</var>
<arg>sys.modules['selenium.webdriver'].ChromeOptions()</arg>
<arg>sys, selenium.webdriver</arg>
<doc>Evaluates the given expression in Python and returns the result.</doc>
<status status="NOT RUN" start="2026-02-23T17:51:18.508929" elapsed="0.000000"/>
</kw>
<kw name="Evaluate" owner="BuiltIn">
<var>${temp_dir}</var>
<arg>__import__('tempfile').mkdtemp()</arg>
<doc>Evaluates the given expression in Python and returns the result.</doc>
<status status="NOT RUN" start="2026-02-23T17:51:18.508929" elapsed="0.000000"/>
</kw>
<kw name="Create Dictionary" owner="BuiltIn">
<var>${prefs}</var>
<arg>credentials_enable_service=False</arg>
<arg>profile.password_manager_enabled=False</arg>
<arg>profile.default_content_setting_values.notifications=2</arg>
<doc>Creates and returns a dictionary based on the given ``items``.</doc>
<status status="NOT RUN" start="2026-02-23T17:51:18.508929" elapsed="0.000000"/>
</kw>
<kw name="Call Method" owner="BuiltIn">
<arg>${options}</arg>
<arg>add_experimental_option</arg>
<arg>prefs</arg>
<arg>${prefs}</arg>
<doc>Calls the named method of the given object with the provided arguments.</doc>
<status status="NOT RUN" start="2026-02-23T17:51:18.508929" elapsed="0.000000"/>
</kw>
<kw name="Set Variable" owner="BuiltIn">
<var>${incognito}</var>
<arg>--incognito</arg>
<doc>Returns the given values which can then be assigned to a variables.</doc>
<status status="NOT RUN" start="2026-02-23T17:51:18.508929" elapsed="0.000000"/>
</kw>
<kw name="Set Variable" owner="BuiltIn">
<var>${disable_pw}</var>
<arg>--disable-features=PasswordLeakDetection</arg>
<doc>Returns the given values which can then be assigned to a variables.</doc>
<status status="NOT RUN" start="2026-02-23T17:51:18.508929" elapsed="0.000000"/>
</kw>
<kw name="Set Variable" owner="BuiltIn">
<var>${disable_notify}</var>
<arg>--disable-notifications</arg>
<doc>Returns the given values which can then be assigned to a variables.</doc>
<status status="NOT RUN" start="2026-02-23T17:51:18.508929" elapsed="0.000000"/>
</kw>
<kw name="Set Variable" owner="BuiltIn">
<var>${no_first}</var>
<arg>--no-first-run</arg>
<doc>Returns the given values which can then be assigned to a variables.</doc>
<status status="NOT RUN" start="2026-02-23T17:51:18.508929" elapsed="0.000000"/>
</kw>
<kw name="Set Variable" owner="BuiltIn">
<var>${no_default}</var>
<arg>--no-default-browser-check</arg>
<doc>Returns the given values which can then be assigned to a variables.</doc>
<status status="NOT RUN" start="2026-02-23T17:51:18.508929" elapsed="0.000000"/>
</kw>
<kw name="Set Variable" owner="BuiltIn">
<var>${maximize}</var>
<arg>--start-maximized</arg>
<doc>Returns the given values which can then be assigned to a variables.</doc>
<status status="NOT RUN" start="2026-02-23T17:51:18.509918" elapsed="0.000000"/>
</kw>
<kw name="Set Variable" owner="BuiltIn">
<var>${profile}</var>
<arg>--user-data-dir=${temp_dir}</arg>
<doc>Returns the given values which can then be assigned to a variables.</doc>
<status status="NOT RUN" start="2026-02-23T17:51:18.509918" elapsed="0.000000"/>
</kw>
<kw name="Call Method" owner="BuiltIn">
<arg>${options}</arg>
<arg>add_argument</arg>
<arg>${incognito}</arg>
<doc>Calls the named method of the given object with the provided arguments.</doc>
<status status="NOT RUN" start="2026-02-23T17:51:18.509918" elapsed="0.000000"/>
</kw>
<kw name="Call Method" owner="BuiltIn">
<arg>${options}</arg>
<arg>add_argument</arg>
<arg>${disable_pw}</arg>
<doc>Calls the named method of the given object with the provided arguments.</doc>
<status status="NOT RUN" start="2026-02-23T17:51:18.509918" elapsed="0.000000"/>
</kw>
<kw name="Call Method" owner="BuiltIn">
<arg>${options}</arg>
<arg>add_argument</arg>
<arg>${disable_notify}</arg>
<doc>Calls the named method of the given object with the provided arguments.</doc>
<status status="NOT RUN" start="2026-02-23T17:51:18.509918" elapsed="0.000000"/>
</kw>
<kw name="Call Method" owner="BuiltIn">
<arg>${options}</arg>
<arg>add_argument</arg>
<arg>${no_first}</arg>
<doc>Calls the named method of the given object with the provided arguments.</doc>
<status status="NOT RUN" start="2026-02-23T17:51:18.509918" elapsed="0.000000"/>
</kw>
<kw name="Call Method" owner="BuiltIn">
<arg>${options}</arg>
<arg>add_argument</arg>
<arg>${no_default}</arg>
<doc>Calls the named method of the given object with the provided arguments.</doc>
<status status="NOT RUN" start="2026-02-23T17:51:18.509918" elapsed="0.000000"/>
</kw>
<kw name="Call Method" owner="BuiltIn">
<arg>${options}</arg>
<arg>add_argument</arg>
<arg>${maximize}</arg>
<doc>Calls the named method of the given object with the provided arguments.</doc>
<status status="NOT RUN" start="2026-02-23T17:51:18.509918" elapsed="0.000000"/>
</kw>
<kw name="Call Method" owner="BuiltIn">
<arg>${options}</arg>
<arg>add_argument</arg>
<arg>${profile}</arg>
<doc>Calls the named method of the given object with the provided arguments.</doc>
<status status="NOT RUN" start="2026-02-23T17:51:18.509918" elapsed="0.000000"/>
</kw>
<kw name="Create Webdriver" owner="SeleniumLibrary">
<arg>Chrome</arg>
<arg>options=${options}</arg>
<doc>Creates an instance of Selenium WebDriver.</doc>
<status status="NOT RUN" start="2026-02-23T17:51:18.509918" elapsed="0.000000"/>
</kw>
<kw name="Go To" owner="SeleniumLibrary">
<arg>${URL}</arg>
<doc>Navigates the current browser window to the provided ``url``.</doc>
<status status="NOT RUN" start="2026-02-23T17:51:18.509918" elapsed="0.000000"/>
</kw>
<status status="NOT RUN" start="2026-02-23T17:51:18.508929" elapsed="0.001988"/>
</branch>
<branch type="ELSE IF" condition="'${BROWSER}' == 'Edge'">
<kw name="Open Browser" owner="SeleniumLibrary">
<arg>${URL}</arg>
<arg>Edge</arg>
<doc>Opens a new browser instance to the optional ``url``.</doc>
<status status="NOT RUN" start="2026-02-23T17:51:18.510917" elapsed="0.000000"/>
</kw>
<kw name="Maximize Browser Window" owner="SeleniumLibrary">
<doc>Maximizes current browser window.</doc>
<status status="NOT RUN" start="2026-02-23T17:51:18.510917" elapsed="0.000000"/>
</kw>
<status status="NOT RUN" start="2026-02-23T17:51:18.510917" elapsed="0.000000"/>
</branch>
<branch type="ELSE IF" condition="'${BROWSER}' == 'Firefox'">
<kw name="Evaluate" owner="BuiltIn">
<msg time="2026-02-23T17:51:18.510917" level="INFO">${ff_options} = &lt;selenium.webdriver.firefox.options.Options object at 0x000002636D0FA410&gt;</msg>
<var>${ff_options}</var>
<arg>sys.modules['selenium.webdriver'].FirefoxOptions()</arg>
<arg>sys, selenium.webdriver</arg>
<doc>Evaluates the given expression in Python and returns the result.</doc>
<status status="PASS" start="2026-02-23T17:51:18.510917" elapsed="0.000000"/>
</kw>
<kw name="Call Method" owner="BuiltIn">
<arg>${ff_options}</arg>
<arg>add_argument</arg>
<arg>-private</arg>
<doc>Calls the named method of the given object with the provided arguments.</doc>
<status status="PASS" start="2026-02-23T17:51:18.510917" elapsed="0.000992"/>
</kw>
<kw name="Create Webdriver" owner="SeleniumLibrary">
<msg time="2026-02-23T17:51:18.511909" level="INFO">Creating an instance of the Firefox WebDriver.</msg>
<arg>Firefox</arg>
<arg>options=${ff_options}</arg>
<doc>Creates an instance of Selenium WebDriver.</doc>
<status status="PASS" start="2026-02-23T17:51:18.511909" elapsed="5.855881"/>
</kw>
<kw name="Go To" owner="SeleniumLibrary">
<msg time="2026-02-23T17:51:24.367790" level="INFO">Opening url 'https://www.saucedemo.com/'</msg>
<arg>${URL}</arg>
<doc>Navigates the current browser window to the provided ``url``.</doc>
<status status="PASS" start="2026-02-23T17:51:24.367790" elapsed="0.490433"/>
</kw>
<status status="PASS" start="2026-02-23T17:51:18.510917" elapsed="6.347306"/>
</branch>
<status status="PASS" start="2026-02-23T17:51:18.508929" elapsed="6.349294"/>
</if>
<kw name="Wait Until Element Is Visible" owner="SeleniumLibrary">
<arg>id=user-name</arg>
<arg>timeout=10s</arg>
<doc>Waits until the element ``locator`` is visible.</doc>
<status status="PASS" start="2026-02-23T17:51:24.858223" elapsed="0.029011"/>
</kw>
<kw name="Sleep" owner="BuiltIn">
<msg time="2026-02-23T17:51:25.889133" level="INFO">Slept 1 second.</msg>
<arg>${DELAY}</arg>
<doc>Pauses the test executed for the given time.</doc>
<status status="PASS" start="2026-02-23T17:51:24.887234" elapsed="1.001899"/>
</kw>
<status status="PASS" start="2026-02-23T17:51:18.507923" elapsed="7.381210"/>
</kw>
<test id="s1-s4-t1" name="User Can Add Four Products To Cart" line="7">
<kw name="Login To Application" owner="ecommerce_keywords">
<kw name="Input Text" owner="SeleniumLibrary">
<msg time="2026-02-23T17:51:25.891157" level="INFO">Typing text 'standard_user' into text field 'id=user-name'.</msg>
<arg>id=user-name</arg>
<arg>${USERNAME}</arg>
<doc>Types the given ``text`` into the text field identified by ``locator``.</doc>
<status status="PASS" start="2026-02-23T17:51:25.891157" elapsed="0.052329"/>
</kw>
<kw name="Sleep" owner="BuiltIn">
<msg time="2026-02-23T17:51:26.945146" level="INFO">Slept 1 second.</msg>
<arg>${DELAY}</arg>
<doc>Pauses the test executed for the given time.</doc>
<status status="PASS" start="2026-02-23T17:51:25.944495" elapsed="1.000651"/>
</kw>
<kw name="Input Text" owner="SeleniumLibrary">
<msg time="2026-02-23T17:51:26.945760" level="INFO">Typing text 'secret_sauce' into text field 'id=password'.</msg>
<arg>id=password</arg>
<arg>${PASSWORD}</arg>
<doc>Types the given ``text`` into the text field identified by ``locator``.</doc>
<status status="PASS" start="2026-02-23T17:51:26.945760" elapsed="0.028910"/>
</kw>
<kw name="Sleep" owner="BuiltIn">
<msg time="2026-02-23T17:51:27.975080" level="INFO">Slept 1 second.</msg>
<arg>${DELAY}</arg>
<doc>Pauses the test executed for the given time.</doc>
<status status="PASS" start="2026-02-23T17:51:26.974670" elapsed="1.000410"/>
</kw>
<kw name="Click Button" owner="SeleniumLibrary">
<msg time="2026-02-23T17:51:27.976215" level="INFO">Clicking button 'id=login-button'.</msg>
<arg>id=login-button</arg>
<doc>Clicks the button identified by ``locator``.</doc>
<status status="PASS" start="2026-02-23T17:51:27.975080" elapsed="0.105156"/>
</kw>
<kw name="Wait Until Page Contains Element" owner="SeleniumLibrary">
<arg>css=.inventory_list</arg>
<doc>Waits until the element ``locator`` appears on the current page.</doc>
<status status="PASS" start="2026-02-23T17:51:28.080236" elapsed="0.004013"/>
</kw>
<kw name="Sleep" owner="BuiltIn">
<msg time="2026-02-23T17:51:29.085290" level="INFO">Slept 1 second.</msg>
<arg>${DELAY}</arg>
<doc>Pauses the test executed for the given time.</doc>
<status status="PASS" start="2026-02-23T17:51:28.084249" elapsed="1.001041"/>
</kw>
<status status="PASS" start="2026-02-23T17:51:25.890162" elapsed="3.195128"/>
</kw>
<kw name="Add Four Products To Cart" owner="ecommerce_keywords">
<kw name="Get WebElements" owner="SeleniumLibrary">
<msg time="2026-02-23T17:51:29.092963" level="INFO">${buttons} = [&lt;selenium.webdriver.remote.webelement.WebElement (session="7999878f-8d6e-4877-bc15-e4c93b31fbf7", element="f4069e44-b61d-4134-9ef8-76fd9ccf9a88")&gt;, &lt;selenium.webdriver.remote.webelement.WebElement (s...</msg>
<var>${buttons}</var>
<arg>xpath=//button[contains(text(),'Add to cart')]</arg>
<doc>Returns a list of WebElement objects matching the ``locator``.</doc>
<status status="PASS" start="2026-02-23T17:51:29.086403" elapsed="0.006560"/>
</kw>
<for flavor="IN RANGE">
<iter>
<kw name="Click Element" owner="SeleniumLibrary">
<msg time="2026-02-23T17:51:29.096529" level="INFO">Clicking element '&lt;selenium.webdriver.remote.webelement.WebElement (session="7999878f-8d6e-4877-bc15-e4c93b31fbf7", element="f4069e44-b61d-4134-9ef8-76fd9ccf9a88")&gt;'.</msg>
<arg>${buttons}[${index}]</arg>
<doc>Click the element identified by ``locator``.</doc>
<status status="PASS" start="2026-02-23T17:51:29.094992" elapsed="0.061551"/>
</kw>
<kw name="Sleep" owner="BuiltIn">
<msg time="2026-02-23T17:51:30.158098" level="INFO">Slept 1 second.</msg>
<arg>${DELAY}</arg>
<doc>Pauses the test executed for the given time.</doc>
<status status="PASS" start="2026-02-23T17:51:29.157642" elapsed="1.000456"/>
</kw>
<var name="${index}">0</var>
<status status="PASS" start="2026-02-23T17:51:29.094992" elapsed="1.063106"/>
</iter>
<iter>
<kw name="Click Element" owner="SeleniumLibrary">
<msg time="2026-02-23T17:51:30.159205" level="INFO">Clicking element '&lt;selenium.webdriver.remote.webelement.WebElement (session="7999878f-8d6e-4877-bc15-e4c93b31fbf7", element="00761fc9-1f1e-4b44-a4ab-08e26b294627")&gt;'.</msg>
<arg>${buttons}[${index}]</arg>
<doc>Click the element identified by ``locator``.</doc>
<status status="PASS" start="2026-02-23T17:51:30.159205" elapsed="0.064662"/>
</kw>
<kw name="Sleep" owner="BuiltIn">
<msg time="2026-02-23T17:51:31.225394" level="INFO">Slept 1 second.</msg>
<arg>${DELAY}</arg>
<doc>Pauses the test executed for the given time.</doc>
<status status="PASS" start="2026-02-23T17:51:30.223867" elapsed="1.001527"/>
</kw>
<var name="${index}">1</var>
<status status="PASS" start="2026-02-23T17:51:30.158098" elapsed="1.067296"/>
</iter>
<iter>
<kw name="Click Element" owner="SeleniumLibrary">
<msg time="2026-02-23T17:51:31.226465" level="INFO">Clicking element '&lt;selenium.webdriver.remote.webelement.WebElement (session="7999878f-8d6e-4877-bc15-e4c93b31fbf7", element="b12778fb-3d73-487b-a703-ae9b17bc971e")&gt;'.</msg>
<arg>${buttons}[${index}]</arg>
<doc>Click the element identified by ``locator``.</doc>
<status status="PASS" start="2026-02-23T17:51:31.225394" elapsed="0.064009"/>
</kw>
<kw name="Sleep" owner="BuiltIn">
<msg time="2026-02-23T17:51:32.291085" level="INFO">Slept 1 second.</msg>
<arg>${DELAY}</arg>
<doc>Pauses the test executed for the given time.</doc>
<status status="PASS" start="2026-02-23T17:51:31.290459" elapsed="1.000626"/>
</kw>
<var name="${index}">2</var>
<status status="PASS" start="2026-02-23T17:51:31.225394" elapsed="1.065691"/>
</iter>
<iter>
<kw name="Click Element" owner="SeleniumLibrary">
<msg time="2026-02-23T17:51:32.292107" level="INFO">Clicking element '&lt;selenium.webdriver.remote.webelement.WebElement (session="7999878f-8d6e-4877-bc15-e4c93b31fbf7", element="5190f9d3-0da2-4557-aac4-1eb1f1b0f814")&gt;'.</msg>
<arg>${buttons}[${index}]</arg>
<doc>Click the element identified by ``locator``.</doc>
<status status="PASS" start="2026-02-23T17:51:32.292107" elapsed="0.062777"/>
</kw>
<kw name="Sleep" owner="BuiltIn">
<msg time="2026-02-23T17:51:33.356580" level="INFO">Slept 1 second.</msg>
<arg>${DELAY}</arg>
<doc>Pauses the test executed for the given time.</doc>
<status status="PASS" start="2026-02-23T17:51:32.354884" elapsed="1.001696"/>
</kw>
<var name="${index}">3</var>
<status status="PASS" start="2026-02-23T17:51:32.291085" elapsed="1.065495"/>
</iter>
<var>${index}</var>
<value>0</value>
<value>4</value>
<status status="PASS" start="2026-02-23T17:51:29.093963" elapsed="4.262617"/>
</for>
<status status="PASS" start="2026-02-23T17:51:29.085290" elapsed="4.271290"/>
</kw>
<kw name="Verify Cart Has Four Items" owner="ecommerce_keywords">
<kw name="Get Text" owner="SeleniumLibrary">
<msg time="2026-02-23T17:51:33.374702" level="INFO">${count} = 4</msg>
<var>${count}</var>
<arg>css=.shopping_cart_badge</arg>
<doc>Returns the text value of the element identified by ``locator``.</doc>
<status status="PASS" start="2026-02-23T17:51:33.358684" elapsed="0.016629"/>
</kw>
<kw name="Should Be Equal" owner="BuiltIn">
<arg>${count}</arg>
<arg>4</arg>
<doc>Fails if the given objects are unequal.</doc>
<status status="PASS" start="2026-02-23T17:51:33.375313" elapsed="0.001039"/>
</kw>
<kw name="Sleep" owner="BuiltIn">
<msg time="2026-02-23T17:51:34.377884" level="INFO">Slept 1 second.</msg>
<arg>${DELAY}</arg>
<doc>Pauses the test executed for the given time.</doc>
<status status="PASS" start="2026-02-23T17:51:33.376352" elapsed="1.001532"/>
</kw>
<status status="PASS" start="2026-02-23T17:51:33.357599" elapsed="1.020285"/>
</kw>
<kw name="Go To Cart" owner="ecommerce_keywords">
<kw name="Click Element" owner="SeleniumLibrary">
<msg time="2026-02-23T17:51:34.378892" level="INFO">Clicking element 'css=.shopping_cart_link'.</msg>
<arg>css=.shopping_cart_link</arg>
<doc>Click the element identified by ``locator``.</doc>
<status status="PASS" start="2026-02-23T17:51:34.378892" elapsed="0.073395"/>
</kw>
<kw name="Wait Until Page Contains" owner="SeleniumLibrary">
<arg>Your Cart</arg>
<doc>Waits until ``text`` appears on the current page.</doc>
<status status="PASS" start="2026-02-23T17:51:34.453322" elapsed="0.004645"/>
</kw>
<kw name="Sleep" owner="BuiltIn">
<msg time="2026-02-23T17:51:35.460476" level="INFO">Slept 1 second.</msg>
<arg>${DELAY}</arg>
<doc>Pauses the test executed for the given time.</doc>
<status status="PASS" start="2026-02-23T17:51:34.459054" elapsed="1.001422"/>
</kw>
<status status="PASS" start="2026-02-23T17:51:34.377884" elapsed="1.082592"/>
</kw>
<kw name="Page Should Contain" owner="SeleniumLibrary">
<msg time="2026-02-23T17:51:35.472096" level="INFO">Current page contains text 'Your Cart'.</msg>
<arg>Your Cart</arg>
<doc>Verifies that current page contains ``text``.</doc>
<status status="PASS" start="2026-02-23T17:51:35.461515" elapsed="0.010581"/>
</kw>
<status status="PASS" start="2026-02-23T17:51:25.889133" elapsed="9.584484"/>
</test>
<kw name="Close Website" owner="ecommerce_keywords" type="TEARDOWN">
<kw name="Sleep" owner="BuiltIn">
<msg time="2026-02-23T17:51:36.478227" level="INFO">Slept 1 second.</msg>
<arg>${DELAY}</arg>
<doc>Pauses the test executed for the given time.</doc>
<status status="PASS" start="2026-02-23T17:51:35.476663" elapsed="1.001564"/>
</kw>
<kw name="Close Browser" owner="SeleniumLibrary">
<doc>Closes the current browser.</doc>
<status status="PASS" start="2026-02-23T17:51:36.478848" elapsed="2.847649"/>
</kw>
<status status="PASS" start="2026-02-23T17:51:35.475660" elapsed="3.850837"/>
</kw>
<status status="PASS" start="2026-02-23T17:51:18.504819" elapsed="20.821678"/>
</suite>
<suite id="s1-s5" name="04 Update Cart" source="D:\PythonProject\Prashant Kumar Jha\Capstone Projects\Ecommerce\robot-framework\tests\04_update_cart.robot">
<kw name="Open Website" owner="ecommerce_keywords" type="SETUP">
<if>
<branch type="IF" condition="'${BROWSER}' == 'Chrome'">
<kw name="Evaluate" owner="BuiltIn">
<var>${options}</var>
<arg>sys.modules['selenium.webdriver'].ChromeOptions()</arg>
<arg>sys, selenium.webdriver</arg>
<doc>Evaluates the given expression in Python and returns the result.</doc>
<status status="NOT RUN" start="2026-02-23T17:51:39.331573" elapsed="0.000000"/>
</kw>
<kw name="Evaluate" owner="BuiltIn">
<var>${temp_dir}</var>
<arg>__import__('tempfile').mkdtemp()</arg>
<doc>Evaluates the given expression in Python and returns the result.</doc>
<status status="NOT RUN" start="2026-02-23T17:51:39.331573" elapsed="0.000924"/>
</kw>
<kw name="Create Dictionary" owner="BuiltIn">
<var>${prefs}</var>
<arg>credentials_enable_service=False</arg>
<arg>profile.password_manager_enabled=False</arg>
<arg>profile.default_content_setting_values.notifications=2</arg>
[...]
</kw>
<kw name="Click Button" owner="SeleniumLibrary">
<msg time="2026-02-23T17:57:16.079057" level="INFO">Clicking button 'id=checkout'.</msg>
<arg>id=checkout</arg>
<doc>Clicks the button identified by ``locator``.</doc>
<status status="PASS" start="2026-02-23T17:57:16.079057" elapsed="0.087664"/>
</kw>
<kw name="Input Text" owner="SeleniumLibrary">
<msg time="2026-02-23T17:57:16.167722" level="INFO">Typing text 'Group5' into text field 'id=first-name'.</msg>
<arg>id=first-name</arg>
<arg>${first_name}</arg>
<doc>Types the given ``text`` into the text field identified by ``locator``.</doc>
<status status="PASS" start="2026-02-23T17:57:16.166721" elapsed="0.028197"/>
</kw>
<kw name="Sleep" owner="BuiltIn">
<msg time="2026-02-23T17:57:17.196536" level="INFO">Slept 1 second.</msg>
<arg>${DELAY}</arg>
<doc>Pauses the test executed for the given time.</doc>
<status status="PASS" start="2026-02-23T17:57:16.196296" elapsed="1.000240"/>
</kw>
<kw name="Input Text" owner="SeleniumLibrary">
<msg time="2026-02-23T17:57:17.196536" level="INFO">Typing text 'Project' into text field 'id=last-name'.</msg>
<arg>id=last-name</arg>
<arg>${last_name}</arg>
<doc>Types the given ``text`` into the text field identified by ``locator``.</doc>
<status status="PASS" start="2026-02-23T17:57:17.196536" elapsed="0.040225"/>
</kw>
<kw name="Sleep" owner="BuiltIn">
<msg time="2026-02-23T17:57:18.238461" level="INFO">Slept 1 second.</msg>
<arg>${DELAY}</arg>
<doc>Pauses the test executed for the given time.</doc>
<status status="PASS" start="2026-02-23T17:57:17.236761" elapsed="1.001700"/>
</kw>
<kw name="Input Text" owner="SeleniumLibrary">
<msg time="2026-02-23T17:57:18.238461" level="INFO">Typing text '12345' into text field 'id=postal-code'.</msg>
<arg>id=postal-code</arg>
<arg>${postal_code}</arg>
<doc>Types the given ``text`` into the text field identified by ``locator``.</doc>
<status status="PASS" start="2026-02-23T17:57:18.238461" elapsed="0.024840"/>
</kw>
<kw name="Sleep" owner="BuiltIn">
<msg time="2026-02-23T17:57:19.264329" level="INFO">Slept 1 second.</msg>
<arg>${DELAY}</arg>
<doc>Pauses the test executed for the given time.</doc>
<status status="PASS" start="2026-02-23T17:57:18.263812" elapsed="1.000517"/>
</kw>
<kw name="Click Button" owner="SeleniumLibrary">
<msg time="2026-02-23T17:57:19.264329" level="INFO">Clicking button 'id=continue'.</msg>
<arg>id=continue</arg>
<doc>Clicks the button identified by ``locator``.</doc>
<status status="PASS" start="2026-02-23T17:57:19.264329" elapsed="0.079054"/>
</kw>
<kw name="Sleep" owner="BuiltIn">
<msg time="2026-02-23T17:57:20.345579" level="INFO">Slept 1 second.</msg>
<arg>${DELAY}</arg>
<doc>Pauses the test executed for the given time.</doc>
<status status="PASS" start="2026-02-23T17:57:19.344259" elapsed="1.001320"/>
</kw>
<kw name="Run Keyword And Return Status" owner="BuiltIn">
<kw name="Wait Until Element Is Visible" owner="SeleniumLibrary">
<arg>id=finish</arg>
<arg>timeout=3s</arg>
<doc>Waits until the element ``locator`` is visible.</doc>
<status status="PASS" start="2026-02-23T17:57:20.346679" elapsed="0.015261"/>
</kw>
<msg time="2026-02-23T17:57:20.361940" level="INFO">${success_page} = True</msg>
<var>${success_page}</var>
<arg>Wait Until Element Is Visible</arg>
<arg>id=finish</arg>
<arg>timeout=3s</arg>
<doc>Runs the specified keyword and returns the status as a Boolean value.</doc>
<status status="PASS" start="2026-02-23T17:57:20.345579" elapsed="0.016361"/>
</kw>
<if>
<branch type="IF" condition="${success_page}">
<kw name="Click Button" owner="SeleniumLibrary">
<msg time="2026-02-23T17:57:20.362994" level="INFO">Clicking button 'id=finish'.</msg>
<arg>id=finish</arg>
<doc>Clicks the button identified by ``locator``.</doc>
<status status="PASS" start="2026-02-23T17:57:20.361940" elapsed="0.077212"/>
</kw>
<kw name="Page Should Contain" owner="SeleniumLibrary">
<msg time="2026-02-23T17:57:20.446764" level="INFO">Current page contains text 'Thank you for your order!'.</msg>
<arg>Thank you for your order!</arg>
<doc>Verifies that current page contains ``text``.</doc>
<status status="PASS" start="2026-02-23T17:57:20.439152" elapsed="0.007612"/>
</kw>
<status status="PASS" start="2026-02-23T17:57:20.361940" elapsed="0.084824"/>
</branch>
<branch type="ELSE">
<kw name="Wait Until Page Contains Element" owner="SeleniumLibrary">
<arg>css=h3[data-test="error"]</arg>
<arg>timeout=3s</arg>
<doc>Waits until the element ``locator`` appears on the current page.</doc>
<status status="NOT RUN" start="2026-02-23T17:57:20.446764" elapsed="0.001388"/>
</kw>
<kw name="Log" owner="BuiltIn">
<arg>Validation error appeared for invalid data</arg>
<doc>Logs the given message with the given level.</doc>
<status status="NOT RUN" start="2026-02-23T17:57:20.448152" elapsed="0.000000"/>
</kw>
<kw name="Fail" owner="BuiltIn">
<arg>Invalid checkout data</arg>
<doc>Fails the test with the given message and optionally alters its tags.</doc>
<status status="NOT RUN" start="2026-02-23T17:57:20.448152" elapsed="0.000000"/>
</kw>
<status status="NOT RUN" start="2026-02-23T17:57:20.446764" elapsed="0.001388"/>
</branch>
<status status="PASS" start="2026-02-23T17:57:20.361940" elapsed="0.086212"/>
</if>
<kw name="Sleep" owner="BuiltIn">
<msg time="2026-02-23T17:57:21.448452" level="INFO">Slept 1 second.</msg>
<arg>${DELAY}</arg>
<doc>Pauses the test executed for the given time.</doc>
<status status="PASS" start="2026-02-23T17:57:20.448152" elapsed="1.000300"/>
</kw>
<kw name="Click Button" owner="SeleniumLibrary">
<msg time="2026-02-23T17:57:21.448452" level="INFO">Clicking button 'id=back-to-products'.</msg>
<arg>id=back-to-products</arg>
<doc>Clicks the button identified by ``locator``.</doc>
<status status="PASS" start="2026-02-23T17:57:21.448452" elapsed="0.086630"/>
</kw>
<kw name="Logout From Application" owner="ecommerce_keywords">
<kw name="Click Element" owner="SeleniumLibrary">
<msg time="2026-02-23T17:57:21.536427" level="INFO">Clicking element 'id=react-burger-menu-btn'.</msg>
<arg>id=react-burger-menu-btn</arg>
<doc>Click the element identified by ``locator``.</doc>
<status status="PASS" start="2026-02-23T17:57:21.536088" elapsed="0.066793"/>
</kw>
<kw name="Sleep" owner="BuiltIn">
<msg time="2026-02-23T17:57:22.604658" level="INFO">Slept 1 second.</msg>
<arg>${DELAY}</arg>
<doc>Pauses the test executed for the given time.</doc>
<status status="PASS" start="2026-02-23T17:57:21.602881" elapsed="1.001777"/>
</kw>
<kw name="Click Element" owner="SeleniumLibrary">
<msg time="2026-02-23T17:57:22.605771" level="INFO">Clicking element 'id=logout_sidebar_link'.</msg>
<arg>id=logout_sidebar_link</arg>
<doc>Click the element identified by ``locator``.</doc>
<status status="PASS" start="2026-02-23T17:57:22.604658" elapsed="0.071046"/>
</kw>
<kw name="Wait Until Element Is Visible" owner="SeleniumLibrary">
<arg>id=login-button</arg>
<doc>Waits until the element ``locator`` is visible.</doc>
<status status="PASS" start="2026-02-23T17:57:22.675704" elapsed="0.012060"/>
</kw>
<kw name="Sleep" owner="BuiltIn">
<msg time="2026-02-23T17:57:23.688079" level="INFO">Slept 1 second.</msg>
<arg>${DELAY}</arg>
<doc>Pauses the test executed for the given time.</doc>
<status status="PASS" start="2026-02-23T17:57:22.687764" elapsed="1.000315"/>
</kw>
<status status="PASS" start="2026-02-23T17:57:21.535082" elapsed="2.152997"/>
</kw>
<arg>${first_name}</arg>
<arg>${last_name}</arg>
<arg>${postal_code}</arg>
<status status="PASS" start="2026-02-23T17:57:05.460081" elapsed="18.227998"/>
</kw>
<status status="PASS" start="2026-02-23T17:57:05.459082" elapsed="18.228997"/>
</branch>
<branch type="EXCEPT">
<kw name="Capture Page Screenshot" owner="SeleniumLibrary">
<var>${path}</var>
<arg>checkout_fail_${index + 1}.png</arg>
<doc>Takes a screenshot of the current page and embeds it into a log file.</doc>
<status status="NOT RUN" start="2026-02-23T17:57:23.688079" elapsed="0.000000"/>
</kw>
<kw name="Log" owner="BuiltIn">
<arg>&lt;img src="${path}" width="600px"&gt;</arg>
<arg>html=True</arg>
<doc>Logs the given message with the given level.</doc>
<status status="NOT RUN" start="2026-02-23T17:57:23.688079" elapsed="0.000000"/>
</kw>
<status status="NOT RUN" start="2026-02-23T17:57:23.688079" elapsed="0.000000"/>
</branch>
<status status="PASS" start="2026-02-23T17:57:05.459082" elapsed="18.228997"/>
</try>
<kw name="Close Browser" owner="SeleniumLibrary">
<doc>Closes the current browser.</doc>
<status status="PASS" start="2026-02-23T17:57:23.688079" elapsed="3.056511"/>
</kw>
<kw name="Open Website" owner="ecommerce_keywords">
<if>
<branch type="IF" condition="'${BROWSER}' == 'Chrome'">
<kw name="Evaluate" owner="BuiltIn">
<var>${options}</var>
<arg>sys.modules['selenium.webdriver'].ChromeOptions()</arg>
<arg>sys, selenium.webdriver</arg>
<doc>Evaluates the given expression in Python and returns the result.</doc>
<status status="NOT RUN" start="2026-02-23T17:57:26.745602" elapsed="0.000000"/>
</kw>
<kw name="Evaluate" owner="BuiltIn">
<var>${temp_dir}</var>
<arg>__import__('tempfile').mkdtemp()</arg>
<doc>Evaluates the given expression in Python and returns the result.</doc>
<status status="NOT RUN" start="2026-02-23T17:57:26.746600" elapsed="0.000000"/>
</kw>
<kw name="Create Dictionary" owner="BuiltIn">
<var>${prefs}</var>
<arg>credentials_enable_service=False</arg>
<arg>profile.password_manager_enabled=False</arg>
<arg>profile.default_content_setting_values.notifications=2</arg>
<doc>Creates and returns a dictionary based on the given ``items``.</doc>
<status status="NOT RUN" start="2026-02-23T17:57:26.746600" elapsed="0.000000"/>
</kw>
<kw name="Call Method" owner="BuiltIn">
<arg>${options}</arg>
<arg>add_experimental_option</arg>
<arg>prefs</arg>
<arg>${prefs}</arg>
<doc>Calls the named method of the given object with the provided arguments.</doc>
<status status="NOT RUN" start="2026-02-23T17:57:26.746600" elapsed="0.000000"/>
</kw>
<kw name="Set Variable" owner="BuiltIn">
<var>${incognito}</var>
<arg>--incognito</arg>
<doc>Returns the given values which can then be assigned to a variables.</doc>
<status status="NOT RUN" start="2026-02-23T17:57:26.746600" elapsed="0.000000"/>
</kw>
<kw name="Set Variable" owner="BuiltIn">
<var>${disable_pw}</var>
<arg>--disable-features=PasswordLeakDetection</arg>
<doc>Returns the given values which can then be assigned to a variables.</doc>
<status status="NOT RUN" start="2026-02-23T17:57:26.746600" elapsed="0.000000"/>
</kw>
<kw name="Set Variable" owner="BuiltIn">
<var>${disable_notify}</var>
<arg>--disable-notifications</arg>
<doc>Returns the given values which can then be assigned to a variables.</doc>
<status status="NOT RUN" start="2026-02-23T17:57:26.747602" elapsed="0.000000"/>
</kw>
<kw name="Set Variable" owner="BuiltIn">
<var>${no_first}</var>
<arg>--no-first-run</arg>
<doc>Returns the given values which can then be assigned to a variables.</doc>
<status status="NOT RUN" start="2026-02-23T17:57:26.747602" elapsed="0.000000"/>
</kw>
<kw name="Set Variable" owner="BuiltIn">
<var>${no_default}</var>
<arg>--no-default-browser-check</arg>
<doc>Returns the given values which can then be assigned to a variables.</doc>
<status status="NOT RUN" start="2026-02-23T17:57:26.747602" elapsed="0.000000"/>
</kw>
<kw name="Set Variable" owner="BuiltIn">
<var>${maximize}</var>
<arg>--start-maximized</arg>
<doc>Returns the given values which can then be assigned to a variables.</doc>
<status status="NOT RUN" start="2026-02-23T17:57:26.747602" elapsed="0.000000"/>
</kw>
<kw name="Set Variable" owner="BuiltIn">
<var>${profile}</var>
<arg>--user-data-dir=${temp_dir}</arg>
<doc>Returns the given values which can then be assigned to a variables.</doc>
<status status="NOT RUN" start="2026-02-23T17:57:26.747602" elapsed="0.000000"/>
</kw>
<kw name="Call Method" owner="BuiltIn">
<arg>${options}</arg>
<arg>add_argument</arg>
<arg>${incognito}</arg>
<doc>Calls the named method of the given object with the provided arguments.</doc>
<status status="NOT RUN" start="2026-02-23T17:57:26.747602" elapsed="0.000000"/>
</kw>
<kw name="Call Method" owner="BuiltIn">
<arg>${options}</arg>
<arg>add_argument</arg>
<arg>${disable_pw}</arg>
<doc>Calls the named method of the given object with the provided arguments.</doc>
<status status="NOT RUN" start="2026-02-23T17:57:26.748609" elapsed="0.000000"/>
</kw>
<kw name="Call Method" owner="BuiltIn">
<arg>${options}</arg>
<arg>add_argument</arg>
<arg>${disable_notify}</arg>
<doc>Calls the named method of the given object with the provided arguments.</doc>
<status status="NOT RUN" start="2026-02-23T17:57:26.748609" elapsed="0.000000"/>
</kw>
<kw name="Call Method" owner="BuiltIn">
<arg>${options}</arg>
<arg>add_argument</arg>
<arg>${no_first}</arg>
<doc>Calls the named method of the given object with the provided arguments.</doc>
<status status="NOT RUN" start="2026-02-23T17:57:26.748609" elapsed="0.000000"/>
</kw>
<kw name="Call Method" owner="BuiltIn">
<arg>${options}</arg>
<arg>add_argument</arg>
<arg>${no_default}</arg>
<doc>Calls the named method of the given object with the provided arguments.</doc>
<status status="NOT RUN" start="2026-02-23T17:57:26.748609" elapsed="0.000000"/>
</kw>
<kw name="Call Method" owner="BuiltIn">
<arg>${options}</arg>
<arg>add_argument</arg>
<arg>${maximize}</arg>
<doc>Calls the named method of the given object with the provided arguments.</doc>
<status status="NOT RUN" start="2026-02-23T17:57:26.748609" elapsed="0.000000"/>
</kw>
<kw name="Call Method" owner="BuiltIn">
<arg>${options}</arg>
<arg>add_argument</arg>
<arg>${profile}</arg>
<doc>Calls the named method of the given object with the provided arguments.</doc>
<status status="NOT RUN" start="2026-02-23T17:57:26.748609" elapsed="0.000000"/>
</kw>
<kw name="Create Webdriver" owner="SeleniumLibrary">
<arg>Chrome</arg>
<arg>options=${options}</arg>
<doc>Creates an instance of Selenium WebDriver.</doc>
<status status="NOT RUN" start="2026-02-23T17:57:26.748609" elapsed="0.000000"/>
</kw>
<kw name="Go To" owner="SeleniumLibrary">
<arg>${URL}</arg>
<doc>Navigates the current browser window to the provided ``url``.</doc>
<status status="NOT RUN" start="2026-02-23T17:57:26.748609" elapsed="0.000000"/>
</kw>
<status status="NOT RUN" start="2026-02-23T17:57:26.745602" elapsed="0.003007"/>
</branch>
<branch type="ELSE IF" condition="'${BROWSER}' == 'Edge'">
<kw name="Open Browser" owner="SeleniumLibrary">
<arg>${URL}</arg>
<arg>Edge</arg>
<doc>Opens a new browser instance to the optional ``url``.</doc>
<status status="NOT RUN" start="2026-02-23T17:57:26.748609" elapsed="0.000000"/>
</kw>
<kw name="Maximize Browser Window" owner="SeleniumLibrary">
<doc>Maximizes current browser window.</doc>
<status status="NOT RUN" start="2026-02-23T17:57:26.749623" elapsed="0.000000"/>
</kw>
<status status="NOT RUN" start="2026-02-23T17:57:26.748609" elapsed="0.001014"/>
</branch>
<branch type="ELSE IF" condition="'${BROWSER}' == 'Firefox'">
<kw name="Evaluate" owner="BuiltIn">
<msg time="2026-02-23T17:57:26.749623" level="INFO">${ff_options} = &lt;selenium.webdriver.firefox.options.Options object at 0x000002636D5BA490&gt;</msg>
<var>${ff_options}</var>
<arg>sys.modules['selenium.webdriver'].FirefoxOptions()</arg>
<arg>sys, selenium.webdriver</arg>
<doc>Evaluates the given expression in Python and returns the result.</doc>
<status status="PASS" start="2026-02-23T17:57:26.749623" elapsed="0.000000"/>
</kw>
<kw name="Call Method" owner="BuiltIn">
<arg>${ff_options}</arg>
<arg>add_argument</arg>
<arg>-private</arg>
<doc>Calls the named method of the given object with the provided arguments.</doc>
<status status="PASS" start="2026-02-23T17:57:26.749623" elapsed="0.001002"/>
</kw>
<kw name="Create Webdriver" owner="SeleniumLibrary">
<msg time="2026-02-23T17:57:26.750625" level="INFO">Creating an instance of the Firefox WebDriver.</msg>
<arg>Firefox</arg>
<arg>options=${ff_options}</arg>
<doc>Creates an instance of Selenium WebDriver.</doc>
<status status="PASS" start="2026-02-23T17:57:26.750625" elapsed="5.900292"/>
</kw>
<kw name="Go To" owner="SeleniumLibrary">
<msg time="2026-02-23T17:57:32.650917" level="INFO">Opening url 'https://www.saucedemo.com/'</msg>
<arg>${URL}</arg>
<doc>Navigates the current browser window to the provided ``url``.</doc>
<status status="PASS" start="2026-02-23T17:57:32.650917" elapsed="0.473872"/>
</kw>
<status status="PASS" start="2026-02-23T17:57:26.749623" elapsed="6.375166"/>
</branch>
<status status="PASS" start="2026-02-23T17:57:26.745602" elapsed="6.379187"/>
</if>
<kw name="Wait Until Element Is Visible" owner="SeleniumLibrary">
<arg>id=user-name</arg>
<arg>timeout=10s</arg>
<doc>Waits until the element ``locator`` is visible.</doc>
<status status="PASS" start="2026-02-23T17:57:33.124789" elapsed="0.029005"/>
</kw>
<kw name="Sleep" owner="BuiltIn">
<msg time="2026-02-23T17:57:34.155277" level="INFO">Slept 1 second.</msg>
<arg>${DELAY}</arg>
<doc>Pauses the test executed for the given time.</doc>
<status status="PASS" start="2026-02-23T17:57:33.154839" elapsed="1.000438"/>
</kw>
<status status="PASS" start="2026-02-23T17:57:26.745602" elapsed="7.409675"/>
</kw>
<var name="${index}">9</var>
<var name="${row}">Group5,Project,12345</var>
<status status="PASS" start="2026-02-23T17:57:05.457071" elapsed="28.698206"/>
</iter>
<var>${index}</var>
<var>${row}</var>
<value>@{data}</value>
<status status="PASS" start="2026-02-23T17:52:43.789732" elapsed="290.365545"/>
</for>
<kw name="Register Keyword To Run On Failure" owner="SeleniumLibrary">
<msg time="2026-02-23T17:57:34.171940" level="INFO">Capture Page Screenshot will be run on failure.</msg>
<arg>Capture Page Screenshot</arg>
<doc>Sets the keyword to execute, when a SeleniumLibrary keyword fails.</doc>
<status status="PASS" start="2026-02-23T17:57:34.171940" elapsed="0.000000"/>
</kw>
<status status="PASS" start="2026-02-23T17:52:43.785196" elapsed="290.404901"/>
</test>
<kw name="Close Website" owner="ecommerce_keywords" type="TEARDOWN">
<kw name="Sleep" owner="BuiltIn">
<msg time="2026-02-23T17:57:35.227749" level="INFO">Slept 1 second.</msg>
<arg>${DELAY}</arg>
<doc>Pauses the test executed for the given time.</doc>
<status status="PASS" start="2026-02-23T17:57:34.226270" elapsed="1.001479"/>
</kw>
<kw name="Close Browser" owner="SeleniumLibrary">
<doc>Closes the current browser.</doc>
<status status="PASS" start="2026-02-23T17:57:35.227749" elapsed="3.226842"/>
</kw>
<status status="PASS" start="2026-02-23T17:57:34.225263" elapsed="4.229328"/>
</kw>
<status status="PASS" start="2026-02-23T17:52:35.931108" elapsed="302.523991"/>
</suite>
<status status="FAIL" start="2026-02-23T17:50:35.066113" elapsed="423.390997"/>
</suite>
<statistics>
<total>
<stat pass="7" fail="1" skip="0">All Tests</stat>
</total>
<tag>
</tag>
<suite>
<stat name="Tests" id="s1" pass="7" fail="1" skip="0">Tests</stat>
<stat name="00 Invalid Login" id="s1-s1" pass="1" fail="0" skip="0">Tests.00 Invalid Login</stat>
<stat name="01 Login" id="s1-s2" pass="1" fail="0" skip="0">Tests.01 Login</stat>
<stat name="02 Product" id="s1-s3" pass="1" fail="0" skip="0">Tests.02 Product</stat>
<stat name="03 Add To Cart" id="s1-s4" pass="1" fail="0" skip="0">Tests.03 Add To Cart</stat>
<stat name="04 Update Cart" id="s1-s5" pass="1" fail="0" skip="0">Tests.04 Update Cart</stat>
<stat name="05 Logout" id="s1-s6" pass="1" fail="0" skip="0">Tests.05 Logout</stat>
<stat name="06 Remove From Empty Cart" id="s1-s7" pass="0" fail="1" skip="0">Tests.06 Remove From Empty Cart</stat>
<stat name="07 Checkout" id="s1-s8" pass="1" fail="0" skip="0">Tests.07 Checkout</stat>
</suite>
</statistics>
<errors>
<msg time="2026-02-23T17:52:19.904951" level="WARN">Error in file 'D:\PythonProject\Prashant Kumar Jha\Capstone Projects\Ecommerce\robot-framework\keywords\ecommerce_keywords.robot' on line 2: Suite 'Tests.06 Remove From Empty Cart' has already imported library 'SeleniumLibrary' with different arguments. This import is ignored.</msg>
</errors>
</robot>
